INFO:root:NO Rikard Andersson 14
INFO:root:NO Kim Nygren 14
INFO:root:NO Kim Nygren 16
INFO:root:NO Sampsa Nyysti 14
INFO:root:NO Ivo Timmermans 14
INFO:root:NO Sergey Ivanov 14
INFO:root:NO Sergey Ivanov 16
INFO:root:NO Tatiana Shumiakina 14
INFO:root:NO Tatiana Shumiakina 16
INFO:root:NO Kristian Trygstad 14
INFO:root:NO Kristian Trygstad 16
INFO:root:NO Jonas Barkhagen 14
INFO:root:NO Johan Furhoff 14
INFO:root:NO Stefan Winge 14
INFO:root:NO Stefan Winge 16
INFO:root:NO Rodrigo Vasquez Schroeder 14
INFO:root:NO Rodrigo Vasquez Schroeder 16
INFO:root:NO Joseph G. Gallagher 14
INFO:root:NO Emil Hermansson 14
INFO:root:NO Emil Hermansson 16
INFO:root:NO Stellan Brynell 14
INFO:root:NO Stellan Brynell 16
INFO:root:NO Oliver Brendel 14
INFO:root:NO Andreas Landgren 14
INFO:root:NO Jacob Aagaard 14
INFO:root:NO Jacob Aagaard 16
INFO:root:NO Josef Ask 14
INFO:root:NO Josef Ask 16
INFO:root:NO Janne Mertanen 14
INFO:root:NO Janne Mertanen 16
INFO:root:NO Ralf Akesson 14
INFO:root:NO Ralf Akesson 16
INFO:root:NO Pia Cramling 14
INFO:root:NO Pia Cramling 16
INFO:root:NO Jens Ove Fries-Nielsen 14
INFO:root:NO Jens Ove Fries-Nielsen 16
INFO:root:NO Florian Handke 14
INFO:root:NO Axel Ornstein 14
INFO:root:NO Juan Manuel Bellon Lopez 14
INFO:root:NO Peder Berkell 14
INFO:root:NO Felix Nordstrom 14
INFO:root:NO Kalle Kiik 14
INFO:root:NO Artur Yusupov 14
INFO:root:NO Luis Couso 14
INFO:root:NO Harriet V Hunt 14
INFO:root:NO Harriet V Hunt 16
INFO:root:NO Haroon Azizi 14
INFO:root:NO Haroon Azizi 16
INFO:root:NO Thomas Ernst 14
INFO:root:NO Thomas Ernst 16
INFO:root:NO Erik Alquist 14
INFO:root:NO Mika Karttunen 14
INFO:root:NO Mika Karttunen 16
INFO:root:NO Juan Dalmau 14
INFO:root:NO Irina Tetenkina 14
INFO:root:NO Irina Tetenkina 16
INFO:root:NO Eric Lobron 14
INFO:root:NO Eric Lobron 16
INFO:root:NO Ekaterina Kovalevskaya 14
INFO:root:NO Ekaterina Kovalevskaya 16
INFO:root:NO Tom Wedberg 14
INFO:root:NO Tom Wedberg 16
INFO:root:NO Mark E Taimanov 14
INFO:root:NO Mark E Taimanov 16
INFO:root:NO Jonas Lundvik 14
INFO:root:NO Jonas Lundvik 16
INFO:root:NO Viktoria Johansson 14
INFO:root:NO Tomi Nyback 14
INFO:root:NO Hannes Stefansson 14
INFO:root:NO Hannes Stefansson 16
INFO:root:NO Peter Carlsten 14
INFO:root:NO Peter Carlsten 16
INFO:root:NO Lars Persson 14
INFO:root:NO Heikki Lehtinen 14
INFO:root:NO Heikki Lehtinen 16
INFO:root:NO Henrik Lindberg 14
INFO:root:NO Valerij Popov 14
INFO:root:NO Maxim Kulagin 14
INFO:root:NO Maxim Kulagin 16
INFO:root:NO Niklas Hedlund 14
INFO:root:NO Jacob Henriksson 14
INFO:root:NO Jacob Henriksson 16
INFO:root:NO Kezli Ong 14
INFO:root:NO Kezli Ong 16
INFO:root:NO Emanuel Berg 14
INFO:root:NO Teodor Hellborg 14
INFO:root:NO Erik Hedman 14
INFO:root:NO Erik Hedman 16
INFO:root:NO Alain Spielmann 14
INFO:root:NO Mikael Jonsson 14
INFO:root:NO Mikael Jonsson 16
INFO:root:NO Johan Norberg 14
INFO:root:NO Anneli Dalmau 14
INFO:root:NO Anneli Dalmau 16
INFO:root:NO Ragnar Nystrom 14
INFO:root:NO Jan Peter Palmblad 14
INFO:root:NO Hakan Hansson 14
INFO:root:NO Hakan Hansson 16
INFO:root:NO Tobias Lonngren 14
INFO:root:NO Tobias Lonngren 16
INFO:root:NO Jesper Celander 14
INFO:root:NO Anders Loven 14
INFO:root:NO Anders Loven 16
INFO:root:NO Tommi Luukkonen 14
INFO:root:NO Kevin Ong 14
INFO:root:NO Love Janse 14
INFO:root:NO Love Janse 16
INFO:root:NO Robin Edlund 14
INFO:root:NO Robin Edlund 16
