INFO:root:NO Csaba Berczes 14
INFO:root:NO Robert Fontaine 14
INFO:root:NO Krisztian Szabo 14
INFO:root:NO Nikita Meskovs 14
INFO:root:NO Nikita Meskovs 16
INFO:root:NO Henrik Lindberg 14
INFO:root:NO Henrik Lindberg 16
INFO:root:NO Evgenij Agrest 14
INFO:root:NO Dara Akdag 14
INFO:root:NO Dara Akdag 16
INFO:root:NO Jasmin Bejtovic 14
INFO:root:NO Anton Frisk Kockum 14
INFO:root:NO Anders Livner 14
INFO:root:NO Anders Livner 16
INFO:root:NO Pia Cramling 14
INFO:root:NO Mikael Naslund 14
INFO:root:NO Rasmus Holving 14
INFO:root:NO Lars Karlsson 14
INFO:root:NO Jorgen Eriksson 14
INFO:root:NO Kaido Kulaots 14
INFO:root:NO Joel Akesson 14
INFO:root:NO Nils Grandelius 14
INFO:root:NO Sergey Ivanov 14
INFO:root:NO Thomas Ernst 14
INFO:root:NO Thomas Ernst 16
INFO:root:NO Pontus Carlsson 14
INFO:root:NO Pontus Carlsson 16
INFO:root:NO Tomas Karlsson 14
INFO:root:NO Sampsa Nyysti 14
INFO:root:NO Olli Sisatto 14
INFO:root:NO Juan Manuel Bellon Lopez 14
INFO:root:NO Juan Manuel Bellon Lopez 16
INFO:root:NO Erik Blomqvist 14
INFO:root:NO Erik Blomqvist 16
INFO:root:NO Fredrik Andersson 14
INFO:root:NO Johan Furhoff 14
INFO:root:NO Tomi Nyback 14
INFO:root:NO Radoslaw Wojtaszek 14
INFO:root:NO Ralf Akesson 14
INFO:root:NO Ivan Farago 14
INFO:root:NO Eva Jiretorn 14
INFO:root:NO Anders Larsson 14
INFO:root:NO Axel Smith 14
INFO:root:NO Axel Smith 16
INFO:root:NO Johan Henriksson 14
INFO:root:NO Josef Ask 14
INFO:root:NO Josef Ask 16
INFO:root:NO Olga Stjazhkina 14
INFO:root:NO Olga Stjazhkina 16
INFO:root:NO Mikko Niemi 14
INFO:root:NO Mikko Niemi 16
INFO:root:NO Slavko Cicak 14
INFO:root:NO Christian Hess 14
INFO:root:NO Christian Hess 16
INFO:root:NO Tamas Ruck 14
INFO:root:NO Michael Mattsson 14
INFO:root:NO Erik Hedman 14
INFO:root:NO Bo Adler 14
INFO:root:NO Mikael Aroven 14
INFO:root:NO Mikael Aroven 16
INFO:root:NO Lucas Wickstrom 14
INFO:root:NO Erno Dede 14
INFO:root:NO Erno Dede 16
INFO:root:NO Ilja Vovk 14
INFO:root:NO Ilja Vovk 16
INFO:root:NO Christopher Lissang 14
INFO:root:NO Michael B. Madsen 14
INFO:root:NO Carlo Marzano 14
INFO:root:NO David Nygren 14
INFO:root:NO David Nygren 16
INFO:root:NO Inna Agrest 14
INFO:root:NO Arto Satonen 14
INFO:root:NO Simon Hanninger 14
INFO:root:NO Thomas Marttala 14
INFO:root:NO Ellinor Frisk 14
INFO:root:NO Ellinor Frisk 16
INFO:root:NO Lennart Evertsson 14
INFO:root:NO Michael De Verdier 14
INFO:root:NO Per Soderberg 14
INFO:root:NO Per Soderberg 16
INFO:root:NO Ulf Nyberg 14
INFO:root:NO Ulf Nyberg 16
INFO:root:NO Evgenia Hansen 14
INFO:root:NO Amir Tadjerbashi 14
INFO:root:NO Santul Kosmo 14
INFO:root:NO Kent Angskog 14
INFO:root:NO Kent Angskog 16
INFO:root:NO Love Janse 14
