INFO:root:NO Konstantin Sakaev 14
INFO:root:NO Konstantin Sakaev 16
INFO:root:NO Alexander Riazantsev 14
INFO:root:NO Semen I. Dvoirys 14
INFO:root:NO Semen I. Dvoirys 16
INFO:root:NO Denis Khismatullin 14
INFO:root:NO Tatiana Shadrina 14
INFO:root:NO Sergey I. Solovjov 14
INFO:root:NO Evgeny Alekseev 14
INFO:root:NO Evgeny Alekseev 16
INFO:root:NO Vladimir Dobrov 14
INFO:root:NO Vladimir Dobrov 16
INFO:root:NO Yuri Yakovich 14
INFO:root:NO Yuri Yakovich 16
INFO:root:NO Konstantin Landa 14
INFO:root:NO Konstantin Landa 16
INFO:root:NO Evgeny Shaposhnikov 14
INFO:root:NO Vitaly Tseshkovsky 14
INFO:root:NO Pavel Smirnov 14
INFO:root:NO Sergei Iskusnyh 14
INFO:root:NO Sergei Iskusnyh 16
INFO:root:NO Sergej Silivanov 14
INFO:root:NO Sergej Silivanov 16
INFO:root:NO Maksim Shapovalenko 14
INFO:root:NO Maksim Shapovalenko 16
INFO:root:NO Valerij Popov 14
INFO:root:NO Valerij Popov 16
INFO:root:NO Pavel V. Tregubov 14
INFO:root:NO Pavel V. Tregubov 16
INFO:root:NO Oleg Loskutov 14
INFO:root:NO Alexander Morozevich 14
INFO:root:NO Alexander Motylev 14
INFO:root:NO Ian Nepomniachtchi 14
INFO:root:NO Ian Nepomniachtchi 16
INFO:root:NO Denis Yevseev 14
INFO:root:NO Evgenija Ovod 14
INFO:root:NO Mikhail Ulibin 14
INFO:root:NO Mikhail Ulibin 16
INFO:root:NO Evgenij Gajsin 14
INFO:root:NO Sergey Ionov 14
INFO:root:NO Sergey Ionov 16
INFO:root:NO Sergey Dolmatov 14
INFO:root:NO Ekaterina Korbut 14
INFO:root:NO Ekaterina Kovalevskaya 14
INFO:root:NO Andrei Kharlov 14
INFO:root:NO Andrei Kharlov 16
INFO:root:NO Ildar Khairullin 14
INFO:root:NO Ildar Khairullin 16
INFO:root:NO Vladimir Epishin 14
INFO:root:NO Natalija Pogonina 14
INFO:root:NO Vladimir Belov 14
INFO:root:NO Vladimir Belov 16
INFO:root:NO Tatiana Stepovaia 14
INFO:root:NO Elena Tairova 14
INFO:root:NO Mikhail Kobalia 14
INFO:root:NO Andrei Belozerov 14
INFO:root:NO Sergey Ivanov 14
INFO:root:NO Alexey Kuzmin 14
INFO:root:NO Maxim Novikov 14
INFO:root:NO Maxim Novikov 16
INFO:root:NO Maxim Sorokin 14
INFO:root:NO Maxim Sorokin 16
INFO:root:NO Evgeny Romanov 14
INFO:root:NO Evgeny Romanov 16
INFO:root:NO Ruslan Shcherbakov 14
INFO:root:NO Igor Kurnosov 14
INFO:root:NO Igor Kurnosov 16
INFO:root:NO Sergey Volkov 14
INFO:root:NO Igor Yagupov 14
INFO:root:NO Igor Yagupov 16
INFO:root:NO Svetlana Matveeva 14
INFO:root:NO Tatiana Kosintseva 14
INFO:root:NO Vladimir Kosyrev 14
INFO:root:NO Alexander Galkin 14
INFO:root:NO Alexander Galkin 16
INFO:root:NO Alexander Grischuk 14
INFO:root:NO Dmitry Jakovenko 14
INFO:root:NO Valeri Yandemirov 14
INFO:root:NO Valeri Yandemirov 16
INFO:root:NO Ernesto Inarkiev 14
INFO:root:NO Evgeniy Najer 14
INFO:root:NO Sergei Yudin 14
INFO:root:NO Sergei Yudin 16
INFO:root:NO Alexey Korotylev 14
INFO:root:NO Olga Girya 14
INFO:root:NO Vladimir Burmakin 14
INFO:root:NO Garry Kasparov 14
INFO:root:NO Dmitry Andreikin 14
INFO:root:NO Dmitry Andreikin 16
INFO:root:NO Petr Kiriakov 14
INFO:root:NO Petr Kiriakov 16
INFO:root:NO Nikolay Nazarov 14
INFO:root:NO Vadim Zvjaginsev 14
INFO:root:NO Alexander Rustemov 14
INFO:root:NO Evgeny Gleizerov 14
INFO:root:NO Evgeny Gleizerov 16
INFO:root:NO Alexei Kornev 14
INFO:root:NO Alexei Kornev 16
INFO:root:NO Valerij Filippov 14
INFO:root:NO Alexandre Danin 14
INFO:root:NO Alexandre Danin 16
INFO:root:NO Valery A Loginov 14
INFO:root:NO Dmitry Bocharov 14
INFO:root:NO Alexander Lastin 14
INFO:root:NO Alexander Lastin 16
INFO:root:NO Sergei Rublevsky 14
INFO:root:NO Sergei Rublevsky 16
INFO:root:NO Pavel Maletin 14
INFO:root:NO Pavel Maletin 16
INFO:root:NO Evgeny E. Vorobiov 14
