INFO:root:NO wilz 2009.01.11 16
INFO:root:NO wilz 2009.01.11 18
INFO:root:NO Deadache 2009.01.11 16
INFO:root:NO Deadache 2009.01.11 18
INFO:root:NO fjjvh 2009.03.27 16
INFO:root:NO fjjvh 2009.03.27 18
INFO:root:NO tigerblue 2009.03.27 16
INFO:root:NO tigerblue 2009.03.27 18
INFO:root:NO robertpmntr 2009.03.26 16
INFO:root:NO robertpmntr 2009.03.26 18
INFO:root:NO treezen 2009.03.26 16
INFO:root:NO treezen 2009.03.26 18
INFO:root:NO BMANMILES 2009.03.26 16
INFO:root:NO BMANMILES 2009.03.26 18
INFO:root:NO awen 2009.03.26 16
INFO:root:NO awen 2009.03.26 18
INFO:root:NO LDopa 2009.01.16 16
INFO:root:NO LDopa 2009.01.16 18
INFO:root:NO JEFFMHOW 2009.01.16 16
INFO:root:NO JEFFMHOW 2009.01.16 18
INFO:root:NO LDopa 2009.01.13 16
INFO:root:NO LDopa 2009.01.13 18
INFO:root:NO Crashinator 2009.01.13 16
INFO:root:NO Crashinator 2009.01.13 18
INFO:root:NO vetteboy 2009.01.03 16
INFO:root:NO vetteboy 2009.01.03 18
INFO:root:NO HogSlayer 2009.01.03 16
INFO:root:NO HogSlayer 2009.01.03 18
INFO:root:NO JEFFMHOW 2009.01.15 16
INFO:root:NO JEFFMHOW 2009.01.15 18
INFO:root:NO ashwinshivani 2009.01.15 16
INFO:root:NO ashwinshivani 2009.01.15 18
INFO:root:NO gilandrew 2009.03.27 16
INFO:root:NO gilandrew 2009.03.27 18
INFO:root:NO nicholasjanssen 2009.03.27 16
INFO:root:NO nicholasjanssen 2009.03.27 18
INFO:root:NO FMH 2009.01.11 16
INFO:root:NO FMH 2009.01.11 18
INFO:root:NO Crashinator 2009.01.11 16
INFO:root:NO Crashinator 2009.01.11 18
INFO:root:NO DarthDaviz 2009.03.26 16
INFO:root:NO DarthDaviz 2009.03.26 18
INFO:root:NO PLUGZ 2009.03.26 16
INFO:root:NO PLUGZ 2009.03.26 18
INFO:root:NO paire 2009.03.13 16
INFO:root:NO paire 2009.03.13 18
INFO:root:NO fjjvh 2009.03.13 16
INFO:root:NO fjjvh 2009.03.13 18
INFO:root:NO fjjvh 2009.03.10 16
INFO:root:NO fjjvh 2009.03.10 18
INFO:root:NO JamesJohnson 2009.03.10 16
INFO:root:NO JamesJohnson 2009.03.10 18
INFO:root:NO Psao 2009.03.11 16
INFO:root:NO Psao 2009.03.11 18
INFO:root:NO Benly 2009.03.11 16
INFO:root:NO Benly 2009.03.11 18
INFO:root:NO Uncrowned 2009.02.21 16
INFO:root:NO Uncrowned 2009.02.21 18
INFO:root:NO Crashinator 2009.02.21 16
INFO:root:NO Crashinator 2009.02.21 18
INFO:root:NO Limzaroth 2009.03.30 16
INFO:root:NO Limzaroth 2009.03.30 18
INFO:root:NO thebigmac 2009.03.30 16
INFO:root:NO thebigmac 2009.03.30 18
INFO:root:NO jatwfn 2009.03.28 16
INFO:root:NO jatwfn 2009.03.28 18
INFO:root:NO fjjvh 2009.03.28 16
INFO:root:NO fjjvh 2009.03.28 18
INFO:root:NO ktinfl 2009.01.14 16
INFO:root:NO ktinfl 2009.01.14 18
INFO:root:NO vetteboy 2009.01.14 16
INFO:root:NO vetteboy 2009.01.14 18
INFO:root:NO AureA 2009.03.30 16
INFO:root:NO AureA 2009.03.30 18
INFO:root:NO Soilwork 2009.03.30 16
INFO:root:NO Soilwork 2009.03.30 18
INFO:root:NO vetteboy 2009.01.13 16
INFO:root:NO vetteboy 2009.01.13 18
INFO:root:NO Devekut 2009.01.13 16
INFO:root:NO Devekut 2009.01.13 18
INFO:root:NO PABOY 2009.01.04 16
INFO:root:NO PABOY 2009.01.04 18
INFO:root:NO mudbog 2009.01.04 16
INFO:root:NO mudbog 2009.01.04 18
INFO:root:NO pendaggie 2009.01.05 16
INFO:root:NO pendaggie 2009.01.05 18
INFO:root:NO fishmasters 2009.01.05 16
INFO:root:NO fishmasters 2009.01.05 18
INFO:root:NO jkkcole 2009.01.10 16
INFO:root:NO jkkcole 2009.01.10 18
INFO:root:NO pmineiro 2009.01.10 16
INFO:root:NO pmineiro 2009.01.10 18
INFO:root:NO fishmasters 2009.01.10 16
INFO:root:NO fishmasters 2009.01.10 18
INFO:root:NO vetteboy 2009.01.10 16
INFO:root:NO vetteboy 2009.01.10 18
INFO:root:NO vetteboy 2009.01.04 16
INFO:root:NO vetteboy 2009.01.04 18
INFO:root:NO FFDunn 2009.01.04 16
INFO:root:NO FFDunn 2009.01.04 18
INFO:root:NO awen 2009.03.24 16
INFO:root:NO awen 2009.03.24 18
INFO:root:NO vetteboy 2009.03.24 16
INFO:root:NO vetteboy 2009.03.24 18
INFO:root:NO RiverStyx 2009.03.23 16
INFO:root:NO RiverStyx 2009.03.23 18
INFO:root:NO teihlard 2009.03.23 16
INFO:root:NO teihlard 2009.03.23 18
INFO:root:NO Vaudevillian 2009.01.05 16
INFO:root:NO Vaudevillian 2009.01.05 18
INFO:root:NO gforced 2009.01.05 16
INFO:root:NO gforced 2009.01.05 18
INFO:root:NO elnekave 2009.03.20 16
INFO:root:NO elnekave 2009.03.20 18
INFO:root:NO pmineiro 2009.03.20 16
INFO:root:NO pmineiro 2009.03.20 18
INFO:root:NO plumbo 2009.03.30 16
INFO:root:NO plumbo 2009.03.30 18
INFO:root:NO caga 2009.03.28 16
INFO:root:NO caga 2009.03.28 18
INFO:root:NO lamell 2009.01.15 16
INFO:root:NO lamell 2009.01.15 18
INFO:root:NO AmpedAl 2009.01.15 16
INFO:root:NO AmpedAl 2009.01.15 18
INFO:root:NO MagicCube 2009.03.23 16
INFO:root:NO MagicCube 2009.03.23 18
INFO:root:NO PABOY 2009.03.23 16
INFO:root:NO PABOY 2009.03.23 18
INFO:root:NO maraman 2009.03.28 16
INFO:root:NO maraman 2009.03.28 18
INFO:root:NO LUPULEAC 2009.03.28 16
INFO:root:NO LUPULEAC 2009.03.28 18
INFO:root:NO JohnWinthrop 2009.01.12 16
INFO:root:NO JohnWinthrop 2009.01.12 18
INFO:root:NO Crashinator 2009.01.12 16
INFO:root:NO Crashinator 2009.01.12 18
INFO:root:NO fishmasters 2009.01.03 16
INFO:root:NO fishmasters 2009.01.03 18
INFO:root:NO brainllama 2009.01.03 16
INFO:root:NO brainllama 2009.01.03 18
INFO:root:NO Akio 2009.03.30 16
INFO:root:NO Akio 2009.03.30 18
INFO:root:NO AureA 2009.03.29 16
INFO:root:NO AureA 2009.03.29 18
INFO:root:NO Nifteind 2009.03.29 16
INFO:root:NO Nifteind 2009.03.29 18
INFO:root:NO Crashinator 2009.01.15 16
INFO:root:NO Crashinator 2009.01.15 18
INFO:root:NO fishmasters 2009.01.15 16
INFO:root:NO fishmasters 2009.01.15 18
INFO:root:NO AureA 2009.03.28 16
INFO:root:NO AureA 2009.03.28 18
INFO:root:NO plumbo 2009.03.28 16
INFO:root:NO plumbo 2009.03.28 18
INFO:root:NO Thorolas 2009.01.13 16
INFO:root:NO Thorolas 2009.01.13 18
INFO:root:NO ashwinshivani 2009.01.13 16
INFO:root:NO ashwinshivani 2009.01.13 18
INFO:root:NO Crashinator 2009.01.07 16
INFO:root:NO Crashinator 2009.01.07 18
INFO:root:NO SmashBrosBrawl 2009.01.07 16
INFO:root:NO SmashBrosBrawl 2009.01.07 18
INFO:root:NO fjjvh 2009.03.21 16
INFO:root:NO fjjvh 2009.03.21 18
INFO:root:NO chmpf 2009.03.21 16
INFO:root:NO chmpf 2009.03.21 18
INFO:root:NO jarnaud 2009.01.12 16
INFO:root:NO jarnaud 2009.01.12 18
INFO:root:NO Admirn 2009.01.12 16
INFO:root:NO Admirn 2009.01.12 18
INFO:root:NO AureA 2009.03.27 16
INFO:root:NO AureA 2009.03.27 18
INFO:root:NO BeauDog 2009.03.27 16
INFO:root:NO BeauDog 2009.03.27 18
INFO:root:NO IOOOOOWelcomesWeb 2009.03.23 16
INFO:root:NO IOOOOOWelcomesWeb 2009.03.23 18
INFO:root:NO awen 2009.03.23 16
INFO:root:NO awen 2009.03.23 18
INFO:root:NO paire 2009.03.10 16
INFO:root:NO paire 2009.03.10 18
INFO:root:NO Crashinator 2009.02.15 16
INFO:root:NO Crashinator 2009.02.15 18
INFO:root:NO Sebbel 2009.02.15 16
INFO:root:NO Sebbel 2009.02.15 18
INFO:root:NO volodymyrrudyj 2009.01.06 16
INFO:root:NO volodymyrrudyj 2009.01.06 18
INFO:root:NO Beerbong 2009.01.06 16
INFO:root:NO Beerbong 2009.01.06 18
INFO:root:NO Sebbel 2009.01.06 16
INFO:root:NO Sebbel 2009.01.06 18
INFO:root:NO Soilwork 2009.03.26 16
INFO:root:NO Soilwork 2009.03.26 18
INFO:root:NO chesseeka 2009.03.26 16
INFO:root:NO chesseeka 2009.03.26 18
INFO:root:NO Ezeled 2009.03.23 16
INFO:root:NO Ezeled 2009.03.23 18
INFO:root:NO Beerbong 2009.01.09 16
INFO:root:NO Beerbong 2009.01.09 18
INFO:root:NO SunRaphi 2009.01.09 16
INFO:root:NO SunRaphi 2009.01.09 18
INFO:root:NO chadsmith 2009.03.26 16
INFO:root:NO chadsmith 2009.03.26 18
INFO:root:NO fjjvh 2009.03.19 16
INFO:root:NO fjjvh 2009.03.19 18
INFO:root:NO jatwfn 2009.03.19 16
INFO:root:NO jatwfn 2009.03.19 18
INFO:root:NO ohaighain 2009.03.18 16
INFO:root:NO ohaighain 2009.03.18 18
INFO:root:NO biplobibeginner 2009.03.18 16
INFO:root:NO biplobibeginner 2009.03.18 18
INFO:root:NO Sebbel 2009.01.03 16
INFO:root:NO Sebbel 2009.01.03 18
INFO:root:NO acmauroe 2009.01.03 16
INFO:root:NO acmauroe 2009.01.03 18
INFO:root:NO robertpmntr 2009.03.21 16
INFO:root:NO robertpmntr 2009.03.21 18
INFO:root:NO IWON 2009.03.21 16
INFO:root:NO IWON 2009.03.21 18
INFO:root:NO mclaro 2009.01.08 16
INFO:root:NO mclaro 2009.01.08 18
INFO:root:NO PABOY 2009.01.08 16
INFO:root:NO PABOY 2009.01.08 18
INFO:root:NO chmpf 2009.03.20 16
INFO:root:NO chmpf 2009.03.20 18
INFO:root:NO ccf 2009.03.20 16
INFO:root:NO ccf 2009.03.20 18
INFO:root:NO PABOY 2009.01.06 16
INFO:root:NO PABOY 2009.01.06 18
INFO:root:NO ktinfl 2009.01.06 16
INFO:root:NO ktinfl 2009.01.06 18
INFO:root:NO chmpf 2009.03.16 16
INFO:root:NO chmpf 2009.03.16 18
INFO:root:NO fjjvh 2009.03.16 16
INFO:root:NO fjjvh 2009.03.16 18
INFO:root:NO golmman 2008.12.27 16
INFO:root:NO golmman 2008.12.27 18
INFO:root:NO Crashinator 2008.12.27 16
INFO:root:NO Crashinator 2008.12.27 18
INFO:root:NO Melkzedech 2009.01.02 16
INFO:root:NO Melkzedech 2009.01.02 18
INFO:root:NO fishmasters 2009.01.02 16
INFO:root:NO fishmasters 2009.01.02 18
INFO:root:NO awen 2009.03.18 16
INFO:root:NO awen 2009.03.18 18
INFO:root:NO LzVandy 2009.03.18 16
INFO:root:NO LzVandy 2009.03.18 18
INFO:root:NO ktinfl 2009.01.03 16
INFO:root:NO ktinfl 2009.01.03 18
INFO:root:NO jkkcole 2009.01.03 16
INFO:root:NO jkkcole 2009.01.03 18
INFO:root:NO fjjvh 2009.03.20 16
INFO:root:NO fjjvh 2009.03.20 18
INFO:root:NO paire 2009.03.20 16
INFO:root:NO paire 2009.03.20 18
INFO:root:NO fjjvh 2009.03.12 16
INFO:root:NO fjjvh 2009.03.12 18
INFO:root:NO chmpf 2009.03.12 16
INFO:root:NO chmpf 2009.03.12 18
INFO:root:NO Avisharv 2009.03.21 16
INFO:root:NO Avisharv 2009.03.21 18
INFO:root:NO awen 2009.03.21 16
INFO:root:NO awen 2009.03.21 18
INFO:root:NO fjjvh 2009.03.17 16
INFO:root:NO fjjvh 2009.03.17 18
INFO:root:NO jatwfn 2009.03.17 16
INFO:root:NO jatwfn 2009.03.17 18
INFO:root:NO paire 2009.03.15 16
INFO:root:NO paire 2009.03.15 18
INFO:root:NO fjjvh 2009.03.15 16
INFO:root:NO fjjvh 2009.03.15 18
INFO:root:NO Akio 2009.03.12 16
INFO:root:NO Akio 2009.03.12 18
INFO:root:NO Benly 2009.03.12 16
INFO:root:NO Benly 2009.03.12 18
INFO:root:NO jatwfn 2009.03.20 16
INFO:root:NO jatwfn 2009.03.20 18
INFO:root:NO Vosman 2009.03.18 16
INFO:root:NO Vosman 2009.03.18 18
INFO:root:NO fjjvh 2009.03.18 16
INFO:root:NO fjjvh 2009.03.18 18
INFO:root:NO fjjvh 2009.03.08 16
INFO:root:NO fjjvh 2009.03.08 18
INFO:root:NO jatwfn 2009.03.08 16
INFO:root:NO jatwfn 2009.03.08 18
INFO:root:NO DaveMiddled 2009.03.05 16
INFO:root:NO DaveMiddled 2009.03.05 18
INFO:root:NO brainllama 2009.03.05 16
INFO:root:NO brainllama 2009.03.05 18
INFO:root:NO lepomis 2009.02.26 16
INFO:root:NO lepomis 2009.02.26 18
INFO:root:NO KoalieAwe 2009.02.26 16
INFO:root:NO KoalieAwe 2009.02.26 18
INFO:root:NO Melvill 2009.02.07 16
INFO:root:NO Melvill 2009.02.07 18
INFO:root:NO LisbonNightTrain 2009.02.07 16
INFO:root:NO LisbonNightTrain 2009.02.07 18
INFO:root:NO Fukiyama 2009.02.18 16
INFO:root:NO Fukiyama 2009.02.18 18
INFO:root:NO Melvill 2009.02.18 16
INFO:root:NO Melvill 2009.02.18 18
INFO:root:NO paire 2009.03.19 16
INFO:root:NO paire 2009.03.19 18
INFO:root:NO IrishRottie 2009.03.13 16
INFO:root:NO IrishRottie 2009.03.13 18
INFO:root:NO Akio 2009.03.13 16
INFO:root:NO Akio 2009.03.13 18
INFO:root:NO jatwfn 2009.03.18 16
INFO:root:NO jatwfn 2009.03.18 18
INFO:root:NO jatwfn 2009.03.11 16
INFO:root:NO jatwfn 2009.03.11 18
INFO:root:NO fjjvh 2009.03.11 16
INFO:root:NO fjjvh 2009.03.11 18
INFO:root:NO paire 2009.03.09 16
INFO:root:NO paire 2009.03.09 18
INFO:root:NO fjjvh 2009.03.09 16
INFO:root:NO fjjvh 2009.03.09 18
INFO:root:NO elnekave 2009.02.26 16
INFO:root:NO elnekave 2009.02.26 18
INFO:root:NO ginjaninja 2009.02.26 16
INFO:root:NO ginjaninja 2009.02.26 18
INFO:root:NO paire 2009.03.14 16
INFO:root:NO paire 2009.03.14 18
INFO:root:NO fjjvh 2009.03.14 16
INFO:root:NO fjjvh 2009.03.14 18
INFO:root:NO chmpf 2009.03.11 16
INFO:root:NO chmpf 2009.03.11 18
INFO:root:NO Vosman 2009.03.12 16
INFO:root:NO Vosman 2009.03.12 18
INFO:root:NO procussionaire 2009.03.13 16
INFO:root:NO procussionaire 2009.03.13 18
INFO:root:NO titusm 2009.03.13 16
INFO:root:NO titusm 2009.03.13 18
INFO:root:NO paire 2009.03.12 16
INFO:root:NO paire 2009.03.12 18
INFO:root:NO paire 2009.03.16 16
INFO:root:NO paire 2009.03.16 18
INFO:root:NO JackPacman 2009.03.13 16
INFO:root:NO JackPacman 2009.03.13 18
INFO:root:NO Deltaprism 2009.03.13 16
INFO:root:NO Deltaprism 2009.03.13 18
INFO:root:NO jatwfn 2009.03.10 16
INFO:root:NO jatwfn 2009.03.10 18
INFO:root:NO vetteboy 2009.02.25 16
INFO:root:NO vetteboy 2009.02.25 18
INFO:root:NO Crashinator 2009.02.25 16
INFO:root:NO Crashinator 2009.02.25 18
INFO:root:NO ifuwurarabitidnmu 2009.02.17 16
INFO:root:NO ifuwurarabitidnmu 2009.02.17 18
INFO:root:NO chokefetuschoke 2009.02.17 16
INFO:root:NO chokefetuschoke 2009.02.17 18
INFO:root:NO bluepen 2009.03.12 16
INFO:root:NO bluepen 2009.03.12 18
INFO:root:NO TonyHappyChess 2009.03.12 16
INFO:root:NO TonyHappyChess 2009.03.12 18
INFO:root:NO fjjvh 2009.03.05 16
INFO:root:NO fjjvh 2009.03.05 18
INFO:root:NO jatwfn 2009.03.05 16
INFO:root:NO jatwfn 2009.03.05 18
INFO:root:NO JedTed 2009.02.10 16
INFO:root:NO JedTed 2009.02.10 18
INFO:root:NO ManWhoKilledDeer 2009.02.10 16
INFO:root:NO ManWhoKilledDeer 2009.02.10 18
INFO:root:NO paire 2009.03.08 16
INFO:root:NO paire 2009.03.08 18
INFO:root:NO Admirn 2009.02.28 16
INFO:root:NO Admirn 2009.02.28 18
INFO:root:NO Sirenus 2009.02.28 16
INFO:root:NO Sirenus 2009.02.28 18
INFO:root:NO Crashinator 2009.02.18 16
INFO:root:NO Crashinator 2009.02.18 18
INFO:root:NO pmineiro 2009.02.18 16
INFO:root:NO pmineiro 2009.02.18 18
INFO:root:NO indbug 2009.02.05 18
INFO:root:NO staljin 2009.02.05 18
INFO:root:NO sekulla 2009.01.29 16
INFO:root:NO sekulla 2009.01.29 18
INFO:root:NO Killerhoernchen 2009.01.29 16
INFO:root:NO Killerhoernchen 2009.01.29 18
INFO:root:NO fjjvh 2009.03.07 16
INFO:root:NO fjjvh 2009.03.07 18
INFO:root:NO jatwfn 2009.03.07 16
INFO:root:NO jatwfn 2009.03.07 18
INFO:root:NO gforced 2009.03.08 16
INFO:root:NO gforced 2009.03.08 18
INFO:root:NO churrcuz 2009.03.08 16
INFO:root:NO churrcuz 2009.03.08 18
INFO:root:NO awen 2009.03.08 16
INFO:root:NO awen 2009.03.08 18
INFO:root:NO genekhayyam 2009.03.08 16
INFO:root:NO genekhayyam 2009.03.08 18
INFO:root:NO Deadache 2009.03.06 16
INFO:root:NO Deadache 2009.03.06 18
INFO:root:NO fjjvh 2009.03.06 16
INFO:root:NO fjjvh 2009.03.06 18
INFO:root:NO nicksun 2009.01.25 16
INFO:root:NO nicksun 2009.01.25 18
INFO:root:NO RangoBango 2009.01.25 16
INFO:root:NO RangoBango 2009.01.25 18
INFO:root:NO jarnaud 2009.01.29 16
INFO:root:NO jarnaud 2009.01.29 18
INFO:root:NO achieve 2009.03.07 16
INFO:root:NO achieve 2009.03.07 18
INFO:root:NO MishaG 2009.03.07 16
INFO:root:NO MishaG 2009.03.07 18
INFO:root:NO Fukiyama 2009.03.05 16
INFO:root:NO Fukiyama 2009.03.05 18
INFO:root:NO pmineiro 2009.03.05 16
INFO:root:NO pmineiro 2009.03.05 18
INFO:root:NO chmpf 2009.03.04 16
INFO:root:NO chmpf 2009.03.04 18
INFO:root:NO fjjvh 2009.03.04 16
INFO:root:NO fjjvh 2009.03.04 18
INFO:root:NO insanemew 2009.02.25 16
INFO:root:NO insanemew 2009.02.25 18
INFO:root:NO Fukiyama 2009.02.25 16
INFO:root:NO Fukiyama 2009.02.25 18
INFO:root:NO jatwfn 2009.03.06 16
INFO:root:NO jatwfn 2009.03.06 18
INFO:root:NO Traenexx 2009.03.04 16
INFO:root:NO Traenexx 2009.03.04 18
INFO:root:NO Fukiyama 2009.03.04 16
INFO:root:NO Fukiyama 2009.03.04 18
INFO:root:NO Fukiyama 2009.02.21 16
INFO:root:NO Fukiyama 2009.02.21 18
INFO:root:NO TacticalDiligence 2009.02.21 16
INFO:root:NO TacticalDiligence 2009.02.21 18
INFO:root:NO Limzaroth 2009.02.20 16
INFO:root:NO Limzaroth 2009.02.20 18
INFO:root:NO chokefetuschoke 2009.02.20 16
INFO:root:NO chokefetuschoke 2009.02.20 18
INFO:root:NO jabziii 2009.02.18 16
INFO:root:NO jabziii 2009.02.18 18
INFO:root:NO Xillion 2009.02.18 16
INFO:root:NO Xillion 2009.02.18 18
INFO:root:NO bigjturner 2009.02.04 16
INFO:root:NO bigjturner 2009.02.04 18
INFO:root:NO rafaelpadua 2009.02.04 16
INFO:root:NO rafaelpadua 2009.02.04 18
INFO:root:NO Sirenus 2009.02.24 16
INFO:root:NO Sirenus 2009.02.24 18
INFO:root:NO ChessterQKnightly 2009.02.24 16
INFO:root:NO ChessterQKnightly 2009.02.24 18
INFO:root:NO ifuwurarabitidnmu 2009.02.21 16
INFO:root:NO ifuwurarabitidnmu 2009.02.21 18
INFO:root:NO chokefetuschoke 2009.02.21 16
INFO:root:NO chokefetuschoke 2009.02.21 18
INFO:root:NO MikeTheMaverick 2009.02.10 16
INFO:root:NO MikeTheMaverick 2009.02.10 18
INFO:root:NO sekulla 2009.02.10 16
INFO:root:NO sekulla 2009.02.10 18
INFO:root:NO texasroots 2009.02.08 16
INFO:root:NO texasroots 2009.02.08 18
INFO:root:NO bluepen 2009.02.08 16
INFO:root:NO bluepen 2009.02.08 18
INFO:root:NO uberpao 2009.02.04 16
INFO:root:NO uberpao 2009.02.04 18
INFO:root:NO Killerhoernchen 2009.02.04 16
INFO:root:NO Killerhoernchen 2009.02.04 18
INFO:root:NO PatatZonder 2009.01.29 16
INFO:root:NO PatatZonder 2009.01.29 18
INFO:root:NO treezen 2009.03.03 16
INFO:root:NO treezen 2009.03.03 18
INFO:root:NO Fukiyama 2009.03.03 16
INFO:root:NO Fukiyama 2009.03.03 18
INFO:root:NO kebax 2009.02.20 16
INFO:root:NO kebax 2009.02.20 18
INFO:root:NO Fukiyama 2009.02.20 16
INFO:root:NO Fukiyama 2009.02.20 18
INFO:root:NO sitkaak 2009.02.09 16
INFO:root:NO sitkaak 2009.02.09 18
INFO:root:NO lancearmstrong 2009.02.09 16
INFO:root:NO lancearmstrong 2009.02.09 18
INFO:root:NO chmpf 2009.02.07 16
INFO:root:NO chmpf 2009.02.07 18
INFO:root:NO ccf 2009.02.07 16
INFO:root:NO ccf 2009.02.07 18
INFO:root:NO JaysonE 2009.01.24 18
INFO:root:NO ktinfl 2009.01.24 18
INFO:root:NO cweatherbe 2009.02.19 16
INFO:root:NO cweatherbe 2009.02.19 18
INFO:root:NO Crashinator 2009.02.19 16
INFO:root:NO Crashinator 2009.02.19 18
INFO:root:NO bigjturner 2009.02.14 16
INFO:root:NO bigjturner 2009.02.14 18
INFO:root:NO vetteboy 2009.02.14 16
INFO:root:NO vetteboy 2009.02.14 18
INFO:root:NO jmoon 2009.02.07 16
INFO:root:NO jmoon 2009.02.07 18
INFO:root:NO yoyojim 2009.02.07 16
INFO:root:NO yoyojim 2009.02.07 18
INFO:root:NO msbillions 2009.01.25 16
INFO:root:NO msbillions 2009.01.25 18
INFO:root:NO vcrazy 2009.01.11 16
INFO:root:NO vcrazy 2009.01.11 18
INFO:root:NO Giulietta 2008.09.14 16
INFO:root:NO Giulietta 2008.09.14 18
INFO:root:NO vetteboy 2008.09.14 16
INFO:root:NO vetteboy 2008.09.14 18
INFO:root:NO noncsi 2008.11.27 16
INFO:root:NO noncsi 2008.11.27 18
INFO:root:NO agfa 2008.11.27 16
INFO:root:NO agfa 2008.11.27 18
INFO:root:NO deeprince 2009.01.22 16
INFO:root:NO deeprince 2009.01.22 18
INFO:root:NO jaydottaylor 2009.01.22 16
INFO:root:NO jaydottaylor 2009.01.22 18
INFO:root:NO PABOY 2009.02.16 16
INFO:root:NO PABOY 2009.02.16 18
INFO:root:NO zhouzhaowu 2009.02.16 16
INFO:root:NO zhouzhaowu 2009.02.16 18
INFO:root:NO noncsi 2008.12.27 16
INFO:root:NO noncsi 2008.12.27 18
INFO:root:NO fishmasters 2008.12.27 16
INFO:root:NO fishmasters 2008.12.27 18
INFO:root:NO Crashinator 2009.02.01 16
INFO:root:NO Crashinator 2009.02.01 18
INFO:root:NO Admirn 2009.02.01 16
INFO:root:NO Admirn 2009.02.01 18
INFO:root:NO calexander 2008.12.26 16
INFO:root:NO calexander 2008.12.26 18
INFO:root:NO tkfmffmdml 2008.12.26 16
INFO:root:NO tkfmffmdml 2008.12.26 18
INFO:root:NO Fukiyama 2009.02.24 16
INFO:root:NO Fukiyama 2009.02.24 18
INFO:root:NO elnekave 2009.02.24 16
INFO:root:NO elnekave 2009.02.24 18
INFO:root:NO EgyVoltron 2009.01.30 16
INFO:root:NO EgyVoltron 2009.01.30 18
INFO:root:NO deeprince 2009.01.30 16
INFO:root:NO deeprince 2009.01.30 18
INFO:root:NO Sebbel 2008.08.05 16
INFO:root:NO Sebbel 2008.08.05 18
INFO:root:NO Sinickas 2008.08.05 16
INFO:root:NO Sinickas 2008.08.05 18
INFO:root:NO Crashinator 2009.02.20 16
INFO:root:NO Crashinator 2009.02.20 18
INFO:root:NO Admirn 2009.02.20 16
INFO:root:NO Admirn 2009.02.20 18
INFO:root:NO JackPacman 2009.01.30 16
INFO:root:NO JackPacman 2009.01.30 18
INFO:root:NO nicksun 2009.01.30 16
INFO:root:NO nicksun 2009.01.30 18
INFO:root:NO munon 2009.01.29 16
INFO:root:NO munon 2009.01.29 18
INFO:root:NO luoyun 2009.01.29 16
INFO:root:NO luoyun 2009.01.29 18
INFO:root:NO gforced 2009.02.09 16
INFO:root:NO gforced 2009.02.09 18
INFO:root:NO jaydottaylor 2009.01.24 16
INFO:root:NO jaydottaylor 2009.01.24 18
INFO:root:NO minhhuan 2009.01.24 16
INFO:root:NO minhhuan 2009.01.24 18
INFO:root:NO JooBoo 2009.02.04 16
INFO:root:NO JooBoo 2009.02.04 18
INFO:root:NO majesticmagix 2009.01.30 16
INFO:root:NO majesticmagix 2009.01.30 18
INFO:root:NO geodezu 2009.01.18 16
INFO:root:NO geodezu 2009.01.18 18
INFO:root:NO JohntheChristian 2009.01.18 16
INFO:root:NO JohntheChristian 2009.01.18 18
INFO:root:NO Awais 2009.02.01 16
INFO:root:NO Awais 2009.02.01 18
INFO:root:NO caskakacastro 2009.01.27 16
INFO:root:NO caskakacastro 2009.01.27 18
INFO:root:NO nicksun 2009.01.27 16
INFO:root:NO nicksun 2009.01.27 18
INFO:root:NO Sebbel 2008.10.20 16
INFO:root:NO Sebbel 2008.10.20 18
INFO:root:NO JabZ 2008.10.20 16
INFO:root:NO JabZ 2008.10.20 18
INFO:root:NO skiparooni 2009.02.02 16
INFO:root:NO skiparooni 2009.02.02 18
INFO:root:NO DREZIO 2009.02.02 16
INFO:root:NO DREZIO 2009.02.02 18
INFO:root:NO Miggidy 2009.01.27 16
INFO:root:NO Miggidy 2009.01.27 18
INFO:root:NO Traenexx 2009.01.27 16
INFO:root:NO Traenexx 2009.01.27 18
INFO:root:NO gorkietalkie 2009.01.27 16
INFO:root:NO gorkietalkie 2009.01.27 18
INFO:root:NO OBAMAnyofacebitch 2009.01.22 16
INFO:root:NO OBAMAnyofacebitch 2009.01.22 18
INFO:root:NO geodezu 2009.01.24 18
INFO:root:NO vawaverunner 2009.01.24 18
INFO:root:NO nicksun 2009.01.23 16
INFO:root:NO nicksun 2009.01.23 18
INFO:root:NO kiwa 2009.01.23 16
INFO:root:NO kiwa 2009.01.23 18
INFO:root:NO sekulla 2009.01.22 16
INFO:root:NO sekulla 2009.01.22 18
INFO:root:NO Awais 2009.01.22 16
INFO:root:NO Awais 2009.01.22 18
INFO:root:NO Malfunction 2009.04.17 16
INFO:root:NO Malfunction 2009.04.17 18
INFO:root:NO jdchopra 2009.04.17 16
INFO:root:NO jdchopra 2009.04.17 18
INFO:root:NO rsrdjan 2009.07.26 16
INFO:root:NO rsrdjan 2009.07.26 18
INFO:root:NO nathy 2009.07.26 16
INFO:root:NO nathy 2009.07.26 18
INFO:root:NO Booyens 2009.07.03 16
INFO:root:NO Booyens 2009.07.03 18
INFO:root:NO GoGoYubari 2009.07.03 16
INFO:root:NO GoGoYubari 2009.07.03 18
INFO:root:NO Dlegend 2009.06.24 16
INFO:root:NO Dlegend 2009.06.24 18
INFO:root:NO borovo 2009.06.24 16
INFO:root:NO borovo 2009.06.24 18
INFO:root:NO natenael 2009.04.17 16
INFO:root:NO natenael 2009.04.17 18
INFO:root:NO SassySasha 2009.04.06 16
INFO:root:NO SassySasha 2009.04.06 18
INFO:root:NO elnekave 2009.04.06 16
INFO:root:NO elnekave 2009.04.06 18
INFO:root:NO Hazardo 2009.07.14 16
INFO:root:NO Hazardo 2009.07.14 18
INFO:root:NO Dicemice 2009.07.14 16
INFO:root:NO Dicemice 2009.07.14 18
INFO:root:NO SimSima 2007.01.31 18
INFO:root:NO Jia 2007.01.31 18
INFO:root:NO Lelouchshinji 2009.06.24 16
INFO:root:NO Lelouchshinji 2009.06.24 18
INFO:root:NO dhally 2009.06.24 16
INFO:root:NO dhally 2009.06.24 18
INFO:root:NO Naym 2009.04.03 16
INFO:root:NO Naym 2009.04.03 18
INFO:root:NO gaangster 2009.04.03 16
INFO:root:NO gaangster 2009.04.03 18
INFO:root:NO badstep 2009.04.17 16
INFO:root:NO badstep 2009.04.17 18
INFO:root:NO MartyMcFlyyy 2009.04.14 16
INFO:root:NO MartyMcFlyyy 2009.04.14 18
INFO:root:NO chokefetuschoke 2009.04.14 16
INFO:root:NO chokefetuschoke 2009.04.14 18
INFO:root:NO NomadicEntropy 2009.04.07 16
INFO:root:NO NomadicEntropy 2009.04.07 18
INFO:root:NO herbkleiman 2009.04.07 16
INFO:root:NO herbkleiman 2009.04.07 18
INFO:root:NO Booyens 2009.07.25 16
INFO:root:NO Booyens 2009.07.25 18
INFO:root:NO andrejas 2009.07.25 16
INFO:root:NO andrejas 2009.07.25 18
INFO:root:NO GodsWrath 2009.04.17 16
INFO:root:NO GodsWrath 2009.04.17 18
INFO:root:NO badstep 2009.04.12 16
INFO:root:NO badstep 2009.04.12 18
INFO:root:NO petitwinnie 2009.04.12 16
INFO:root:NO petitwinnie 2009.04.12 18
INFO:root:NO Avisharv 2009.04.18 16
INFO:root:NO Avisharv 2009.04.18 18
INFO:root:NO jdchopra 2009.04.18 16
INFO:root:NO jdchopra 2009.04.18 18
INFO:root:NO thefourthhorseman 2009.04.13 16
INFO:root:NO thefourthhorseman 2009.04.13 18
INFO:root:NO chessboyjazz 2009.04.13 16
INFO:root:NO chessboyjazz 2009.04.13 18
INFO:root:NO jdchopra 2009.04.19 16
INFO:root:NO jdchopra 2009.04.19 18
INFO:root:NO Astronomas 2009.04.19 16
INFO:root:NO Astronomas 2009.04.19 18
INFO:root:NO Hazardo 2009.07.31 16
INFO:root:NO Hazardo 2009.07.31 18
INFO:root:NO badstep 2009.07.31 16
INFO:root:NO badstep 2009.07.31 18
INFO:root:NO stota 2009.07.29 16
INFO:root:NO stota 2009.07.29 18
INFO:root:NO SimonDedalus 2009.07.29 16
INFO:root:NO SimonDedalus 2009.07.29 18
INFO:root:NO SecondQueen 2009.07.28 16
INFO:root:NO SecondQueen 2009.07.28 18
INFO:root:NO Loran 2009.07.28 16
INFO:root:NO Loran 2009.07.28 18
INFO:root:NO nathy 2009.07.25 16
INFO:root:NO nathy 2009.07.25 18
INFO:root:NO maramures 2009.07.25 16
INFO:root:NO maramures 2009.07.25 18
INFO:root:NO Loran 2009.07.24 16
INFO:root:NO Loran 2009.07.24 18
INFO:root:NO Cgrittz 2009.07.24 16
INFO:root:NO Cgrittz 2009.07.24 18
INFO:root:NO nathy 2009.07.20 16
INFO:root:NO nathy 2009.07.20 18
INFO:root:NO chessboyjazz 2009.07.20 16
INFO:root:NO chessboyjazz 2009.07.20 18
INFO:root:NO dubaddict 2009.04.17 16
INFO:root:NO dubaddict 2009.04.17 18
INFO:root:NO Hazardo 2009.04.17 16
INFO:root:NO Hazardo 2009.04.17 18
INFO:root:NO Traenexx 2009.04.11 16
INFO:root:NO Traenexx 2009.04.11 18
INFO:root:NO chesseeka 2009.04.11 16
INFO:root:NO chesseeka 2009.04.11 18
INFO:root:NO JHLD 2009.07.29 16
INFO:root:NO JHLD 2009.07.29 18
INFO:root:NO Loran 2009.07.29 16
INFO:root:NO Loran 2009.07.29 18
INFO:root:NO LavAzza 2009.07.29 16
INFO:root:NO LavAzza 2009.07.29 18
INFO:root:NO GoGoYubari 2009.07.29 16
INFO:root:NO GoGoYubari 2009.07.29 18
INFO:root:NO robocoop 2009.04.16 16
INFO:root:NO robocoop 2009.04.16 18
INFO:root:NO jdchopra 2009.04.16 16
INFO:root:NO jdchopra 2009.04.16 18
INFO:root:NO LisbonNightTrain 2009.04.13 16
INFO:root:NO LisbonNightTrain 2009.04.13 18
INFO:root:NO gilandrew 2009.04.13 16
INFO:root:NO gilandrew 2009.04.13 18
INFO:root:NO Flupkes 2009.04.17 16
INFO:root:NO Flupkes 2009.04.17 18
INFO:root:NO Hazardo 2009.04.16 16
INFO:root:NO Hazardo 2009.04.16 18
INFO:root:NO ukpfc 2009.04.16 16
INFO:root:NO ukpfc 2009.04.16 18
INFO:root:NO gameplan 2009.04.12 16
INFO:root:NO gameplan 2009.04.12 18
INFO:root:NO Drewan 2009.04.12 16
INFO:root:NO Drewan 2009.04.12 18
INFO:root:NO Fnorgmuffin 2009.04.08 16
INFO:root:NO Fnorgmuffin 2009.04.08 18
INFO:root:NO Jia 2009.04.08 16
INFO:root:NO Jia 2009.04.08 18
INFO:root:NO nathy 2009.07.28 16
INFO:root:NO nathy 2009.07.28 18
INFO:root:NO andrejas 2009.07.28 16
INFO:root:NO andrejas 2009.07.28 18
INFO:root:NO DaveMiddled 2009.04.13 16
INFO:root:NO DaveMiddled 2009.04.13 18
INFO:root:NO Crashinator 2009.04.13 16
INFO:root:NO Crashinator 2009.04.13 18
INFO:root:NO sterum 2009.04.12 16
INFO:root:NO sterum 2009.04.12 18
INFO:root:NO Fnorgmuffin 2009.04.12 16
INFO:root:NO Fnorgmuffin 2009.04.12 18
INFO:root:NO Crashinator 2009.04.08 16
INFO:root:NO Crashinator 2009.04.08 18
INFO:root:NO chessboyjazz 2009.04.08 16
INFO:root:NO chessboyjazz 2009.04.08 18
INFO:root:NO markhodges 2009.04.09 16
INFO:root:NO markhodges 2009.04.09 18
INFO:root:NO Fnorgmuffin 2009.04.09 16
INFO:root:NO Fnorgmuffin 2009.04.09 18
INFO:root:NO robertpmntr 2009.04.07 16
INFO:root:NO robertpmntr 2009.04.07 18
INFO:root:NO Akio 2009.04.07 16
INFO:root:NO Akio 2009.04.07 18
INFO:root:NO Waggaristo 2009.04.13 16
INFO:root:NO Waggaristo 2009.04.13 18
INFO:root:NO insanemew 2009.04.13 16
INFO:root:NO insanemew 2009.04.13 18
INFO:root:NO tigerblue 2009.04.05 16
INFO:root:NO tigerblue 2009.04.05 18
INFO:root:NO fjjvh 2009.04.05 16
INFO:root:NO fjjvh 2009.04.05 18
INFO:root:NO cjmaeder 2009.04.04 16
INFO:root:NO cjmaeder 2009.04.04 18
INFO:root:NO Mrachni 2009.04.04 16
INFO:root:NO Mrachni 2009.04.04 18
INFO:root:NO ktinfl 2009.07.27 16
INFO:root:NO ktinfl 2009.07.27 18
INFO:root:NO Bmoresoldier 2009.07.27 16
INFO:root:NO Bmoresoldier 2009.07.27 18
INFO:root:NO fjjvh 2009.04.02 16
INFO:root:NO fjjvh 2009.04.02 18
INFO:root:NO tigerblue 2009.04.02 16
INFO:root:NO tigerblue 2009.04.02 18
INFO:root:NO catfu 2009.07.31 16
INFO:root:NO catfu 2009.07.31 18
INFO:root:NO ANDYTASTIC 2009.07.31 16
INFO:root:NO ANDYTASTIC 2009.07.31 18
INFO:root:NO stota 2009.07.30 16
INFO:root:NO stota 2009.07.30 18
INFO:root:NO gasparegg 2009.07.30 16
INFO:root:NO gasparegg 2009.07.30 18
INFO:root:NO chmpf 2009.04.02 16
INFO:root:NO chmpf 2009.04.02 18
INFO:root:NO Hazardo 2009.07.30 16
INFO:root:NO Hazardo 2009.07.30 18
INFO:root:NO smalldreams 2009.07.30 16
INFO:root:NO smalldreams 2009.07.30 18
INFO:root:NO nathy 2009.07.29 16
INFO:root:NO nathy 2009.07.29 18
INFO:root:NO paderboots 2009.07.29 16
INFO:root:NO paderboots 2009.07.29 18
INFO:root:NO krishnak 2009.04.03 16
INFO:root:NO krishnak 2009.04.03 18
INFO:root:NO Bhunt 2009.07.20 16
INFO:root:NO Bhunt 2009.07.20 18
INFO:root:NO stota 2009.07.16 16
INFO:root:NO stota 2009.07.16 18
INFO:root:NO BadfishToo 2009.07.16 16
INFO:root:NO BadfishToo 2009.07.16 18
INFO:root:NO nathy 2009.07.21 16
INFO:root:NO nathy 2009.07.21 18
INFO:root:NO LaurentDelaon 2009.07.21 16
INFO:root:NO LaurentDelaon 2009.07.21 18
INFO:root:NO Drvanger 2009.07.20 16
INFO:root:NO Drvanger 2009.07.20 18
INFO:root:NO SoloBaric 2009.07.20 16
INFO:root:NO SoloBaric 2009.07.20 18
INFO:root:NO nathy 2009.07.17 16
INFO:root:NO nathy 2009.07.17 18
INFO:root:NO wbartlett 2009.07.17 16
INFO:root:NO wbartlett 2009.07.17 18
INFO:root:NO ANDYTASTIC 2009.07.30 16
INFO:root:NO ANDYTASTIC 2009.07.30 18
INFO:root:NO scoroyale 2009.07.30 16
INFO:root:NO scoroyale 2009.07.30 18
INFO:root:NO nathy 2009.07.19 16
INFO:root:NO nathy 2009.07.19 18
INFO:root:NO Sirenus 2009.07.19 16
INFO:root:NO Sirenus 2009.07.19 18
INFO:root:NO LavAzza 2009.07.11 16
INFO:root:NO LavAzza 2009.07.11 18
INFO:root:NO GoGoYubari 2009.07.11 16
INFO:root:NO GoGoYubari 2009.07.11 18
INFO:root:NO projectlife 2009.06.23 16
INFO:root:NO projectlife 2009.06.23 18
INFO:root:NO vincentkellner 2009.06.23 16
INFO:root:NO vincentkellner 2009.06.23 18
INFO:root:NO nathy 2009.07.30 16
INFO:root:NO nathy 2009.07.30 18
INFO:root:NO stota 2009.07.28 16
INFO:root:NO stota 2009.07.28 18
INFO:root:NO Bhunt 2009.07.28 16
INFO:root:NO Bhunt 2009.07.28 18
INFO:root:NO Traenexx 2009.04.05 16
INFO:root:NO Traenexx 2009.04.05 18
INFO:root:NO richsilver 2009.04.05 16
INFO:root:NO richsilver 2009.04.05 18
INFO:root:NO Gleelee 2009.07.24 16
INFO:root:NO Gleelee 2009.07.24 18
INFO:root:NO xDieInAFirex 2009.07.24 16
INFO:root:NO xDieInAFirex 2009.07.24 18
INFO:root:NO lhoward 2009.07.19 16
INFO:root:NO lhoward 2009.07.19 18
INFO:root:NO Loran 2009.07.15 16
INFO:root:NO Loran 2009.07.15 18
INFO:root:NO catfu 2009.07.15 16
INFO:root:NO catfu 2009.07.15 18
INFO:root:NO Mels 2009.06.11 16
INFO:root:NO Mels 2009.06.11 18
INFO:root:NO HeliosMax 2009.06.11 16
INFO:root:NO HeliosMax 2009.06.11 18
INFO:root:NO Fukiyama 2009.06.09 16
INFO:root:NO Fukiyama 2009.06.09 18
INFO:root:NO Kundeohmar 2009.06.09 16
INFO:root:NO Kundeohmar 2009.06.09 18
INFO:root:NO Rastaluke 2009.06.02 16
INFO:root:NO Rastaluke 2009.06.02 18
INFO:root:NO JAYDENBLANE 2009.06.02 16
INFO:root:NO JAYDENBLANE 2009.06.02 18
INFO:root:NO stota 2009.07.31 16
INFO:root:NO stota 2009.07.31 18
INFO:root:NO scoroyale 2009.07.31 16
INFO:root:NO scoroyale 2009.07.31 18
INFO:root:NO smalldreams 2009.07.31 16
INFO:root:NO smalldreams 2009.07.31 18
INFO:root:NO nathy 2009.07.31 16
INFO:root:NO nathy 2009.07.31 18
INFO:root:NO smalldreams 2009.07.27 16
INFO:root:NO smalldreams 2009.07.27 18
INFO:root:NO Hazardo 2009.07.27 16
INFO:root:NO Hazardo 2009.07.27 18
INFO:root:NO stota 2009.07.26 16
INFO:root:NO stota 2009.07.26 18
INFO:root:NO woodpuscher 2009.07.26 16
INFO:root:NO woodpuscher 2009.07.26 18
INFO:root:NO chokefetuschoke 2009.07.22 16
INFO:root:NO chokefetuschoke 2009.07.22 18
INFO:root:NO ifuwurarabitidnmu 2009.07.22 16
INFO:root:NO ifuwurarabitidnmu 2009.07.22 18
INFO:root:NO nathy 2009.07.22 16
INFO:root:NO nathy 2009.07.22 18
INFO:root:NO RyanBall 2009.07.22 16
INFO:root:NO RyanBall 2009.07.22 18
INFO:root:NO LavAzza 2009.07.13 16
INFO:root:NO LavAzza 2009.07.13 18
INFO:root:NO GoGoYubari 2009.07.13 16
INFO:root:NO GoGoYubari 2009.07.13 18
INFO:root:NO franzgabo 2009.06.14 16
INFO:root:NO franzgabo 2009.06.14 18
INFO:root:NO yaroshan 2009.06.14 16
INFO:root:NO yaroshan 2009.06.14 18
INFO:root:NO mcco 2009.07.30 16
INFO:root:NO mcco 2009.07.30 18
INFO:root:NO stota 2009.07.24 16
INFO:root:NO stota 2009.07.24 18
INFO:root:NO openmyeyes 2009.07.24 16
INFO:root:NO openmyeyes 2009.07.24 18
INFO:root:NO stota 2009.07.27 18
INFO:root:NO badstep 2009.07.26 16
INFO:root:NO badstep 2009.07.26 18
INFO:root:NO RichardJohnson 2009.07.24 16
INFO:root:NO RichardJohnson 2009.07.24 18
INFO:root:NO sigggih 2009.07.22 16
INFO:root:NO sigggih 2009.07.22 18
INFO:root:NO dafics 2009.07.21 16
INFO:root:NO dafics 2009.07.21 18
INFO:root:NO jpirie 2009.07.20 16
INFO:root:NO jpirie 2009.07.20 18
INFO:root:NO Booyens 2009.07.26 16
INFO:root:NO Booyens 2009.07.26 18
INFO:root:NO andrejas 2009.07.26 16
INFO:root:NO andrejas 2009.07.26 18
INFO:root:NO OrionsDog 2009.07.22 16
INFO:root:NO OrionsDog 2009.07.22 18
INFO:root:NO Demolishor 2009.07.22 16
INFO:root:NO Demolishor 2009.07.22 18
INFO:root:NO Drvanger 2009.07.19 16
INFO:root:NO Drvanger 2009.07.19 18
INFO:root:NO Hazardo 2009.07.16 16
INFO:root:NO Hazardo 2009.07.16 18
INFO:root:NO nathy 2009.07.16 16
INFO:root:NO nathy 2009.07.16 18
INFO:root:NO btbkorg 2009.07.11 16
INFO:root:NO btbkorg 2009.07.11 18
INFO:root:NO kylekyle 2009.07.11 16
INFO:root:NO kylekyle 2009.07.11 18
INFO:root:NO ziglag 2009.07.04 16
INFO:root:NO ziglag 2009.07.04 18
INFO:root:NO Loran 2009.07.04 16
INFO:root:NO Loran 2009.07.04 18
INFO:root:NO petsocietyrocks 2009.06.24 16
INFO:root:NO petsocietyrocks 2009.06.24 18
INFO:root:NO dahuigou 2009.06.24 16
INFO:root:NO dahuigou 2009.06.24 18
INFO:root:NO GoGoYubari 2009.06.05 16
INFO:root:NO GoGoYubari 2009.06.05 18
INFO:root:NO Avisharv 2009.06.05 16
INFO:root:NO Avisharv 2009.06.05 18
INFO:root:NO PieceMover 2009.07.21 16
INFO:root:NO PieceMover 2009.07.21 18
INFO:root:NO Dicemice 2009.07.21 16
INFO:root:NO Dicemice 2009.07.21 18
INFO:root:NO GoGoYubari 2009.07.17 16
INFO:root:NO GoGoYubari 2009.07.17 18
INFO:root:NO MikEms 2009.07.12 16
INFO:root:NO MikEms 2009.07.12 18
INFO:root:NO GoGoYubari 2009.07.12 16
INFO:root:NO GoGoYubari 2009.07.12 18
INFO:root:NO Jia 2009.06.28 16
INFO:root:NO Jia 2009.06.28 18
INFO:root:NO antharas 2009.06.28 16
INFO:root:NO antharas 2009.06.28 18
INFO:root:NO Loran 2009.06.26 16
INFO:root:NO Loran 2009.06.26 18
INFO:root:NO jcizzle 2009.06.26 16
INFO:root:NO jcizzle 2009.06.26 18
INFO:root:NO jpirie 2009.07.22 16
INFO:root:NO jpirie 2009.07.22 18
INFO:root:NO Alphacentury 2009.07.15 16
INFO:root:NO Alphacentury 2009.07.15 18
INFO:root:NO Bhunt 2009.07.21 16
INFO:root:NO Bhunt 2009.07.21 18
INFO:root:NO raysfan 2009.07.22 16
INFO:root:NO raysfan 2009.07.22 18
INFO:root:NO lousychess 2009.07.20 16
INFO:root:NO lousychess 2009.07.20 18
INFO:root:NO Operatics 2009.07.17 16
INFO:root:NO Operatics 2009.07.17 18
INFO:root:NO smalldreams 2009.07.19 16
INFO:root:NO smalldreams 2009.07.19 18
INFO:root:NO ktinfl 2009.07.23 16
INFO:root:NO ktinfl 2009.07.23 18
INFO:root:NO ZfromDtownCO 2009.07.23 16
INFO:root:NO ZfromDtownCO 2009.07.23 18
INFO:root:NO IOOOOOWelcomesWeb 2009.07.21 16
INFO:root:NO IOOOOOWelcomesWeb 2009.07.21 18
INFO:root:NO vincentkellner 2009.06.24 16
INFO:root:NO vincentkellner 2009.06.24 18
INFO:root:NO Fukiyama 2009.06.29 16
INFO:root:NO Fukiyama 2009.06.29 18
INFO:root:NO antharas 2009.06.29 16
INFO:root:NO antharas 2009.06.29 18
INFO:root:NO sarabande 2009.07.01 16
INFO:root:NO sarabande 2009.07.01 18
INFO:root:NO Loran 2009.07.01 16
INFO:root:NO Loran 2009.07.01 18
INFO:root:NO Booyens 2009.07.09 16
INFO:root:NO Booyens 2009.07.09 18
INFO:root:NO loyadrummer 2009.07.09 16
INFO:root:NO loyadrummer 2009.07.09 18
INFO:root:NO SassySasha 2009.06.26 16
INFO:root:NO SassySasha 2009.06.26 18
INFO:root:NO PieceMover 2009.06.25 16
INFO:root:NO PieceMover 2009.06.25 18
INFO:root:NO SviSe 2009.06.25 16
INFO:root:NO SviSe 2009.06.25 18
INFO:root:NO Rhizy 2009.07.09 16
INFO:root:NO Rhizy 2009.07.09 18
INFO:root:NO sigggih 2009.07.09 16
INFO:root:NO sigggih 2009.07.09 18
INFO:root:NO Fukiyama 2009.06.26 16
INFO:root:NO Fukiyama 2009.06.26 18
INFO:root:NO robertpmntr 2009.06.14 18
INFO:root:NO paderboots 2009.06.14 18
INFO:root:NO Rhizy 2009.07.17 16
INFO:root:NO Rhizy 2009.07.17 18
INFO:root:NO Bmoresoldier 2009.06.22 16
INFO:root:NO Bmoresoldier 2009.06.22 18
INFO:root:NO zqnzt 2009.06.22 16
INFO:root:NO zqnzt 2009.06.22 18
INFO:root:NO Buildingwings 2009.07.04 16
INFO:root:NO Buildingwings 2009.07.04 18
INFO:root:NO masif 2009.07.04 16
INFO:root:NO masif 2009.07.04 18
INFO:root:NO chmpf 2009.07.03 16
INFO:root:NO chmpf 2009.07.03 18
INFO:root:NO Xoppo 2009.07.03 16
INFO:root:NO Xoppo 2009.07.03 18
INFO:root:NO elpascoe 2009.06.22 16
INFO:root:NO elpascoe 2009.06.22 18
INFO:root:NO PieceMover 2009.06.22 16
INFO:root:NO PieceMover 2009.06.22 18
INFO:root:NO HeliosMax 2009.06.14 16
INFO:root:NO HeliosMax 2009.06.14 18
INFO:root:NO ToomuchforUtoo 2009.06.14 16
INFO:root:NO ToomuchforUtoo 2009.06.14 18
INFO:root:NO MikEms 2009.07.11 16
INFO:root:NO MikEms 2009.07.11 18
INFO:root:NO robertpmntr 2009.07.04 16
INFO:root:NO robertpmntr 2009.07.04 18
INFO:root:NO ktinfl 2009.07.04 16
INFO:root:NO ktinfl 2009.07.04 18
INFO:root:NO HeliosMax 2009.06.30 16
INFO:root:NO HeliosMax 2009.06.30 18
INFO:root:NO robertpmntr 2009.06.30 16
INFO:root:NO robertpmntr 2009.06.30 18
INFO:root:NO GoGoYubari 2009.07.10 16
INFO:root:NO GoGoYubari 2009.07.10 18
INFO:root:NO MikEms 2009.07.10 16
INFO:root:NO MikEms 2009.07.10 18
INFO:root:NO vpma 2009.07.15 16
INFO:root:NO vpma 2009.07.15 18
INFO:root:NO BadfishToo 2009.07.15 16
INFO:root:NO BadfishToo 2009.07.15 18
INFO:root:NO ToomuchforUtoo 2009.06.21 16
INFO:root:NO ToomuchforUtoo 2009.06.21 18
INFO:root:NO ktinfl 2009.06.21 16
INFO:root:NO ktinfl 2009.06.21 18
INFO:root:NO Kundeohmar 2009.07.01 16
INFO:root:NO Kundeohmar 2009.07.01 18
INFO:root:NO Booyens 2009.07.01 16
INFO:root:NO Booyens 2009.07.01 18
INFO:root:NO TooFar 2009.05.23 16
INFO:root:NO TooFar 2009.05.23 18
INFO:root:NO xDieInAFirex 2009.05.23 16
INFO:root:NO xDieInAFirex 2009.05.23 18
INFO:root:NO pajac 2009.05.21 16
INFO:root:NO pajac 2009.05.21 18
INFO:root:NO twobacca 2009.05.21 16
INFO:root:NO twobacca 2009.05.21 18
INFO:root:NO BillMac 2009.04.29 16
INFO:root:NO BillMac 2009.04.29 18
INFO:root:NO RickHfstz 2009.04.29 16
INFO:root:NO RickHfstz 2009.04.29 18
INFO:root:NO stota 2009.06.24 16
INFO:root:NO stota 2009.06.24 18
INFO:root:NO LeyZ 2009.06.24 16
INFO:root:NO LeyZ 2009.06.24 18
INFO:root:NO ktinfl 2009.06.14 16
INFO:root:NO ktinfl 2009.06.14 18
INFO:root:NO Jia 2009.06.14 16
INFO:root:NO Jia 2009.06.14 18
INFO:root:NO Dlegend 2009.06.11 16
INFO:root:NO Dlegend 2009.06.11 18
INFO:root:NO borovo 2009.06.11 16
INFO:root:NO borovo 2009.06.11 18
INFO:root:NO GeorgiaCohen 2009.06.09 16
INFO:root:NO GeorgiaCohen 2009.06.09 18
INFO:root:NO Booyens 2009.06.09 16
INFO:root:NO Booyens 2009.06.09 18
INFO:root:NO Kundeohmar 2009.05.20 16
INFO:root:NO Kundeohmar 2009.05.20 18
INFO:root:NO paderboots 2009.05.20 16
INFO:root:NO paderboots 2009.05.20 18
INFO:root:NO Kotimatka 2009.05.10 16
INFO:root:NO Kotimatka 2009.05.10 18
INFO:root:NO Hazardo 2009.05.10 16
INFO:root:NO Hazardo 2009.05.10 18
INFO:root:NO Hazardo 2009.04.21 16
INFO:root:NO Hazardo 2009.04.21 18
INFO:root:NO scosta 2009.04.21 16
INFO:root:NO scosta 2009.04.21 18
INFO:root:NO Loran 2009.06.18 16
INFO:root:NO Loran 2009.06.18 18
INFO:root:NO Yanulya 2009.06.18 16
INFO:root:NO Yanulya 2009.06.18 18
INFO:root:NO Rastaluke 2009.05.25 16
INFO:root:NO Rastaluke 2009.05.25 18
INFO:root:NO JAYDENBLANE 2009.05.25 16
INFO:root:NO JAYDENBLANE 2009.05.25 18
INFO:root:NO Kundeohmar 2009.05.24 16
INFO:root:NO Kundeohmar 2009.05.24 18
INFO:root:NO Hazardo 2009.05.24 16
INFO:root:NO Hazardo 2009.05.24 18
INFO:root:NO Nebri 2009.05.13 16
INFO:root:NO Nebri 2009.05.13 18
INFO:root:NO paperchasdvincent 2009.05.13 16
INFO:root:NO paperchasdvincent 2009.05.13 18
INFO:root:NO sangkyu 2009.05.08 16
INFO:root:NO sangkyu 2009.05.08 18
INFO:root:NO chmpf 2009.05.08 16
INFO:root:NO chmpf 2009.05.08 18
INFO:root:NO Xoppo 2009.06.24 16
INFO:root:NO Xoppo 2009.06.24 18
INFO:root:NO francod 2009.06.24 16
INFO:root:NO francod 2009.06.24 18
INFO:root:NO Ickis 2009.05.15 16
INFO:root:NO Ickis 2009.05.15 18
INFO:root:NO dadikuki 2009.05.15 16
INFO:root:NO dadikuki 2009.05.15 18
INFO:root:NO Mels 2009.05.10 16
INFO:root:NO Mels 2009.05.10 18
INFO:root:NO Astronomas 2009.05.10 16
INFO:root:NO Astronomas 2009.05.10 18
INFO:root:NO Loran 2009.06.20 16
INFO:root:NO Loran 2009.06.20 18
INFO:root:NO RyanBall 2009.06.20 16
INFO:root:NO RyanBall 2009.06.20 18
INFO:root:NO checkmatenik 2009.05.26 16
INFO:root:NO checkmatenik 2009.05.26 18
INFO:root:NO WhateverAndStuf 2009.05.26 16
INFO:root:NO WhateverAndStuf 2009.05.26 18
INFO:root:NO borovo 2009.06.07 16
INFO:root:NO borovo 2009.06.07 18
INFO:root:NO HeliosMax 2009.06.07 16
INFO:root:NO HeliosMax 2009.06.07 18
INFO:root:NO Dlegend 2009.06.17 16
INFO:root:NO Dlegend 2009.06.17 18
INFO:root:NO borovo 2009.06.17 16
INFO:root:NO borovo 2009.06.17 18
INFO:root:NO dubaddict 2009.05.06 16
INFO:root:NO dubaddict 2009.05.06 18
INFO:root:NO Koerdis 2009.05.06 16
INFO:root:NO Koerdis 2009.05.06 18
INFO:root:NO markhodges 2009.05.01 16
INFO:root:NO markhodges 2009.05.01 18
INFO:root:NO checkraiseallin 2009.05.01 16
INFO:root:NO checkraiseallin 2009.05.01 18
INFO:root:NO ktinfl 2009.06.19 16
INFO:root:NO ktinfl 2009.06.19 18
INFO:root:NO IrishRottie 2009.06.19 16
INFO:root:NO IrishRottie 2009.06.19 18
INFO:root:NO JAYDENBLANE 2009.05.17 16
INFO:root:NO JAYDENBLANE 2009.05.17 18
INFO:root:NO Rastaluke 2009.05.17 16
INFO:root:NO Rastaluke 2009.05.17 18
INFO:root:NO Mels 2009.05.11 16
INFO:root:NO Mels 2009.05.11 18
INFO:root:NO stephenbyers 2009.05.11 16
INFO:root:NO stephenbyers 2009.05.11 18
INFO:root:NO PABOY 2008.11.25 16
INFO:root:NO PABOY 2008.11.25 18
INFO:root:NO nicksun 2008.11.25 16
INFO:root:NO nicksun 2008.11.25 18
INFO:root:NO Fukiyama 2009.06.04 16
INFO:root:NO Fukiyama 2009.06.04 18
INFO:root:NO Hazardo 2009.06.04 16
INFO:root:NO Hazardo 2009.06.04 18
INFO:root:NO GoGoYubari 2009.06.04 16
INFO:root:NO GoGoYubari 2009.06.04 18
INFO:root:NO borovo 2009.06.04 16
INFO:root:NO borovo 2009.06.04 18
INFO:root:NO zuugor 2009.06.11 16
INFO:root:NO zuugor 2009.06.11 18
INFO:root:NO HeliosMax 2009.06.15 16
INFO:root:NO HeliosMax 2009.06.15 18
INFO:root:NO jubilado 2009.06.15 16
INFO:root:NO jubilado 2009.06.15 18
INFO:root:NO francod 2009.06.07 16
INFO:root:NO francod 2009.06.07 18
INFO:root:NO Hazardo 2009.06.07 16
INFO:root:NO Hazardo 2009.06.07 18
INFO:root:NO Loran 2009.06.19 16
INFO:root:NO Loran 2009.06.19 18
INFO:root:NO RationalSkeptik 2009.06.19 16
INFO:root:NO RationalSkeptik 2009.06.19 18
INFO:root:NO robertpmntr 2009.06.22 16
INFO:root:NO robertpmntr 2009.06.22 18
INFO:root:NO RichardJohnson 2009.05.27 16
INFO:root:NO RichardJohnson 2009.05.27 18
INFO:root:NO xDieInAFirex 2009.05.27 16
INFO:root:NO xDieInAFirex 2009.05.27 18
INFO:root:NO RichardJohnson 2009.05.14 16
INFO:root:NO RichardJohnson 2009.05.14 18
INFO:root:NO xDieInAFirex 2009.05.14 16
INFO:root:NO xDieInAFirex 2009.05.14 18
INFO:root:NO Borgohain 2009.06.19 16
INFO:root:NO Borgohain 2009.06.19 18
INFO:root:NO HeliosMax 2009.06.19 16
INFO:root:NO HeliosMax 2009.06.19 18
INFO:root:NO borovo 2009.06.12 18
INFO:root:NO Kundeohmar 2009.06.12 18
INFO:root:NO RichardJohnson 2009.05.21 16
INFO:root:NO RichardJohnson 2009.05.21 18
INFO:root:NO xDieInAFirex 2009.05.21 16
INFO:root:NO xDieInAFirex 2009.05.21 18
INFO:root:NO Mels 2009.05.06 16
INFO:root:NO Mels 2009.05.06 18
INFO:root:NO badstep 2009.05.06 16
INFO:root:NO badstep 2009.05.06 18
INFO:root:NO spiderz 2009.06.01 16
INFO:root:NO spiderz 2009.06.01 18
INFO:root:NO borovo 2009.06.01 16
INFO:root:NO borovo 2009.06.01 18
INFO:root:NO francod 2009.06.03 16
INFO:root:NO francod 2009.06.03 18
INFO:root:NO GoGoYubari 2009.06.03 16
INFO:root:NO GoGoYubari 2009.06.03 18
INFO:root:NO Kundeohmar 2009.05.28 16
INFO:root:NO Kundeohmar 2009.05.28 18
INFO:root:NO Hazardo 2009.05.28 16
INFO:root:NO Hazardo 2009.05.28 18
INFO:root:NO ZnBangash 2009.05.21 16
INFO:root:NO ZnBangash 2009.05.21 18
INFO:root:NO Caledonian 2009.05.17 16
INFO:root:NO Caledonian 2009.05.17 18
INFO:root:NO zqnzt 2009.05.17 16
INFO:root:NO zqnzt 2009.05.17 18
INFO:root:NO auglaize 2009.04.24 16
INFO:root:NO auglaize 2009.04.24 18
INFO:root:NO badstep 2009.04.24 16
INFO:root:NO badstep 2009.04.24 18
INFO:root:NO Hazardo 2009.06.08 16
INFO:root:NO Hazardo 2009.06.08 18
INFO:root:NO elpascoe 2009.06.08 16
INFO:root:NO elpascoe 2009.06.08 18
INFO:root:NO insanemew 2009.04.22 16
INFO:root:NO insanemew 2009.04.22 18
INFO:root:NO pmineiro 2009.04.22 16
INFO:root:NO pmineiro 2009.04.22 18
INFO:root:NO sexyricanlady 2009.05.09 16
INFO:root:NO sexyricanlady 2009.05.09 18
INFO:root:NO zqnzt 2009.05.09 16
INFO:root:NO zqnzt 2009.05.09 18
INFO:root:NO OttoTheDog 2009.04.21 16
INFO:root:NO OttoTheDog 2009.04.21 18
INFO:root:NO Crashinator 2009.04.21 16
INFO:root:NO Crashinator 2009.04.21 18
INFO:root:NO WillSmith 2009.06.03 16
INFO:root:NO WillSmith 2009.06.03 18
INFO:root:NO borovo 2009.06.03 16
INFO:root:NO borovo 2009.06.03 18
INFO:root:NO antharas 2009.06.01 16
INFO:root:NO antharas 2009.06.01 18
INFO:root:NO obamaworld 2009.05.16 16
INFO:root:NO obamaworld 2009.05.16 18
INFO:root:NO beijingchina 2009.05.16 16
INFO:root:NO beijingchina 2009.05.16 18
INFO:root:NO finestcuts 2009.05.30 16
INFO:root:NO finestcuts 2009.05.30 18
INFO:root:NO Xbozo 2009.05.30 16
INFO:root:NO Xbozo 2009.05.30 18
INFO:root:NO Hazardo 2009.05.26 16
INFO:root:NO Hazardo 2009.05.26 18
INFO:root:NO ToomuchforUtoo 2009.05.26 16
INFO:root:NO ToomuchforUtoo 2009.05.26 18
INFO:root:NO paderboots 2009.05.21 16
INFO:root:NO paderboots 2009.05.21 18
INFO:root:NO SecondQueen 2009.05.21 16
INFO:root:NO SecondQueen 2009.05.21 18
INFO:root:NO Kundeohmar 2009.05.25 16
INFO:root:NO Kundeohmar 2009.05.25 18
INFO:root:NO Hazardo 2009.05.25 16
INFO:root:NO Hazardo 2009.05.25 18
INFO:root:NO sterum 2009.05.23 16
INFO:root:NO sterum 2009.05.23 18
INFO:root:NO deeprince 2009.05.23 16
INFO:root:NO deeprince 2009.05.23 18
INFO:root:NO sexyricanlady 2009.05.24 16
INFO:root:NO sexyricanlady 2009.05.24 18
INFO:root:NO pokerfish 2009.05.23 16
INFO:root:NO pokerfish 2009.05.23 18
INFO:root:NO cesacsr 2009.05.23 16
INFO:root:NO cesacsr 2009.05.23 18
INFO:root:NO Traenexx 2009.04.23 16
INFO:root:NO Traenexx 2009.04.23 18
INFO:root:NO richsilver 2009.04.23 16
INFO:root:NO richsilver 2009.04.23 18
INFO:root:NO PLUGZ 2009.05.20 16
INFO:root:NO PLUGZ 2009.05.20 18
INFO:root:NO mupdegrove 2009.05.01 16
INFO:root:NO mupdegrove 2009.05.01 18
INFO:root:NO LaurentDelaon 2009.05.03 16
INFO:root:NO LaurentDelaon 2009.05.03 18
INFO:root:NO dubaddict 2009.05.03 16
INFO:root:NO dubaddict 2009.05.03 18
INFO:root:NO Mels 2009.05.19 16
INFO:root:NO Mels 2009.05.19 18
INFO:root:NO kukuykuyk 2009.05.19 16
INFO:root:NO kukuykuyk 2009.05.19 18
INFO:root:NO Fnorgmuffin 2009.04.23 16
INFO:root:NO Fnorgmuffin 2009.04.23 18
INFO:root:NO bialyhetman 2009.04.23 16
INFO:root:NO bialyhetman 2009.04.23 18
INFO:root:NO RichardJohnson 2009.05.06 16
INFO:root:NO RichardJohnson 2009.05.06 18
INFO:root:NO xDieInAFirex 2009.05.06 16
INFO:root:NO xDieInAFirex 2009.05.06 18
INFO:root:NO jajajajames 2009.05.05 16
INFO:root:NO jajajajames 2009.05.05 18
INFO:root:NO Hazardo 2009.05.05 16
INFO:root:NO Hazardo 2009.05.05 18
INFO:root:NO Hazardo 2009.04.25 16
INFO:root:NO Hazardo 2009.04.25 18
INFO:root:NO ukpfc 2009.04.25 16
INFO:root:NO ukpfc 2009.04.25 18
INFO:root:NO TylerTheWimp 2009.05.20 16
INFO:root:NO TylerTheWimp 2009.05.20 18
INFO:root:NO dubaddict 2009.04.29 16
INFO:root:NO dubaddict 2009.04.29 18
INFO:root:NO LaurentDelaon 2009.04.29 16
INFO:root:NO LaurentDelaon 2009.04.29 18
INFO:root:NO Kundeohmar 2009.05.04 16
INFO:root:NO Kundeohmar 2009.05.04 18
INFO:root:NO Avisharv 2009.05.04 16
INFO:root:NO Avisharv 2009.05.04 18
INFO:root:NO cristidumitru 2009.04.24 16
INFO:root:NO cristidumitru 2009.04.24 18
INFO:root:NO Fnorgmuffin 2009.04.24 16
INFO:root:NO Fnorgmuffin 2009.04.24 18
INFO:root:NO Mels 2009.05.07 16
INFO:root:NO Mels 2009.05.07 18
INFO:root:NO DikkenPierre 2009.05.07 16
INFO:root:NO DikkenPierre 2009.05.07 18
INFO:root:NO badstep 2009.05.05 16
INFO:root:NO badstep 2009.05.05 18
INFO:root:NO dubaddict 2009.05.05 16
INFO:root:NO dubaddict 2009.05.05 18
INFO:root:NO Cofiez 2009.04.24 16
INFO:root:NO Cofiez 2009.04.24 18
INFO:root:NO Traenexx 2009.04.24 16
INFO:root:NO Traenexx 2009.04.24 18
INFO:root:NO vpma 2009.04.21 16
INFO:root:NO vpma 2009.04.21 18
INFO:root:NO chmpf 2009.04.21 16
INFO:root:NO chmpf 2009.04.21 18
INFO:root:NO vpma 2009.04.24 16
INFO:root:NO vpma 2009.04.24 18
INFO:root:NO Amarande 2009.04.24 16
INFO:root:NO Amarande 2009.04.24 18
