INFO:root:NO mariusmattheus 2009.08.12 16
INFO:root:NO mariusmattheus 2009.08.12 18
INFO:root:NO Loran 2009.08.12 16
INFO:root:NO Loran 2009.08.12 18
INFO:root:NO nathy 2009.08.11 16
INFO:root:NO nathy 2009.08.11 18
INFO:root:NO Booyens 2009.08.11 16
INFO:root:NO Booyens 2009.08.11 18
INFO:root:NO nathy 2009.12.25 16
INFO:root:NO nathy 2009.12.25 18
INFO:root:NO Sokka 2009.12.25 16
INFO:root:NO Sokka 2009.12.25 18
INFO:root:NO powerfail 2009.12.28 16
INFO:root:NO powerfail 2009.12.28 18
INFO:root:NO nathy 2009.12.28 16
INFO:root:NO nathy 2009.12.28 18
INFO:root:NO OSZCAR 2009.08.07 16
INFO:root:NO OSZCAR 2009.08.07 18
INFO:root:NO nathy 2009.08.07 16
INFO:root:NO nathy 2009.08.07 18
INFO:root:NO nathy 2009.08.12 16
INFO:root:NO nathy 2009.08.12 18
INFO:root:NO getit 2009.08.12 16
INFO:root:NO getit 2009.08.12 18
INFO:root:NO reframed 2009.08.11 16
INFO:root:NO reframed 2009.08.11 18
INFO:root:NO OSZCAR 2009.08.11 16
INFO:root:NO OSZCAR 2009.08.11 18
INFO:root:NO kybrai 2009.12.27 16
INFO:root:NO kybrai 2009.12.27 18
INFO:root:NO japhet 2009.12.27 16
INFO:root:NO japhet 2009.12.27 18
INFO:root:NO EvilQueen 2009.08.11 16
INFO:root:NO EvilQueen 2009.08.11 18
INFO:root:NO TheDancingQueen 2009.08.11 16
INFO:root:NO TheDancingQueen 2009.08.11 18
INFO:root:NO nathy 2009.08.09 16
INFO:root:NO nathy 2009.08.09 18
INFO:root:NO samoancharger 2009.08.09 16
INFO:root:NO samoancharger 2009.08.09 18
INFO:root:NO nathy 2009.12.26 16
INFO:root:NO nathy 2009.12.26 18
INFO:root:NO fektija 2009.12.26 16
INFO:root:NO fektija 2009.12.26 18
INFO:root:NO Shurka 2009.10.02 16
INFO:root:NO Shurka 2009.10.02 18
INFO:root:NO Loran 2009.10.02 16
INFO:root:NO Loran 2009.10.02 18
INFO:root:NO francod 2009.12.26 16
INFO:root:NO francod 2009.12.26 18
INFO:root:NO Hosed 2009.08.11 16
INFO:root:NO Hosed 2009.08.11 18
INFO:root:NO kybrai 2009.12.30 16
INFO:root:NO kybrai 2009.12.30 18
INFO:root:NO japhet 2009.12.30 16
INFO:root:NO japhet 2009.12.30 18
INFO:root:NO smalldreams 2009.08.07 16
INFO:root:NO smalldreams 2009.08.07 18
INFO:root:NO hippyman 2009.12.22 16
INFO:root:NO hippyman 2009.12.22 18
INFO:root:NO nathy 2009.12.22 16
INFO:root:NO nathy 2009.12.22 18
INFO:root:NO Hazardo 2009.08.04 16
INFO:root:NO Hazardo 2009.08.04 18
INFO:root:NO Bhunt 2009.08.04 16
INFO:root:NO Bhunt 2009.08.04 18
INFO:root:NO Bhunt 2009.08.03 16
INFO:root:NO Bhunt 2009.08.03 18
INFO:root:NO Adolar 2009.08.03 16
INFO:root:NO Adolar 2009.08.03 18
INFO:root:NO EdSleazy 2009.12.17 16
INFO:root:NO EdSleazy 2009.12.17 18
INFO:root:NO Boofstrini 2009.12.17 16
INFO:root:NO Boofstrini 2009.12.17 18
INFO:root:NO russkime 2009.08.08 16
INFO:root:NO russkime 2009.08.08 18
INFO:root:NO byronjmilhall 2009.08.08 16
INFO:root:NO byronjmilhall 2009.08.08 18
INFO:root:NO japhet 2009.12.20 16
INFO:root:NO japhet 2009.12.20 18
INFO:root:NO kybrai 2009.12.20 16
INFO:root:NO kybrai 2009.12.20 18
INFO:root:NO Kloth 2009.12.26 18
INFO:root:NO intellow 2009.10.06 16
INFO:root:NO intellow 2009.10.06 18
INFO:root:NO gobemouche 2009.10.06 16
INFO:root:NO gobemouche 2009.10.06 18
INFO:root:NO smalldreams 2009.08.06 16
INFO:root:NO smalldreams 2009.08.06 18
INFO:root:NO brntout 2009.08.06 16
INFO:root:NO brntout 2009.08.06 18
INFO:root:NO nathy 2009.12.27 16
INFO:root:NO nathy 2009.12.27 18
INFO:root:NO powerfail 2009.12.27 16
INFO:root:NO powerfail 2009.12.27 18
INFO:root:NO mergall 2009.12.25 18
INFO:root:NO Nopolis 2009.12.23 16
INFO:root:NO Nopolis 2009.12.23 18
INFO:root:NO farofero 2009.12.23 16
INFO:root:NO farofero 2009.12.23 18
INFO:root:NO Roquinho 2009.10.01 16
INFO:root:NO Roquinho 2009.10.01 18
INFO:root:NO praxodes 2009.10.01 16
INFO:root:NO praxodes 2009.10.01 18
INFO:root:NO stota 2009.09.29 16
INFO:root:NO stota 2009.09.29 18
INFO:root:NO samoancharger 2009.09.29 16
INFO:root:NO samoancharger 2009.09.29 18
INFO:root:NO kybrai 2009.12.28 16
INFO:root:NO kybrai 2009.12.28 18
INFO:root:NO japhet 2009.12.28 16
INFO:root:NO japhet 2009.12.28 18
INFO:root:NO ktinfl 2009.10.04 16
INFO:root:NO ktinfl 2009.10.04 18
INFO:root:NO silverspruce 2009.10.04 16
INFO:root:NO silverspruce 2009.10.04 18
INFO:root:NO Giully 2009.12.30 16
INFO:root:NO Giully 2009.12.30 18
INFO:root:NO Khotaa 2009.12.30 16
INFO:root:NO Khotaa 2009.12.30 18
INFO:root:NO gobemouche 2009.12.26 16
INFO:root:NO gobemouche 2009.12.26 18
INFO:root:NO gobemouche 2009.10.04 16
INFO:root:NO gobemouche 2009.10.04 18
INFO:root:NO intellow 2009.10.04 16
INFO:root:NO intellow 2009.10.04 18
INFO:root:NO nathy 2009.08.05 16
INFO:root:NO nathy 2009.08.05 18
INFO:root:NO holmesianman 2009.08.05 16
INFO:root:NO holmesianman 2009.08.05 18
INFO:root:NO nathy 2009.12.20 16
INFO:root:NO nathy 2009.12.20 18
INFO:root:NO charlestacda 2009.12.20 16
INFO:root:NO charlestacda 2009.12.20 18
INFO:root:NO nathy 2009.08.04 16
INFO:root:NO nathy 2009.08.04 18
INFO:root:NO tomys 2009.08.04 16
INFO:root:NO tomys 2009.08.04 18
INFO:root:NO Hazardo 2009.08.03 16
INFO:root:NO Hazardo 2009.08.03 18
INFO:root:NO Hazardo 2009.08.11 16
INFO:root:NO Hazardo 2009.08.11 18
INFO:root:NO ElevatorJoe 2009.08.11 16
INFO:root:NO ElevatorJoe 2009.08.11 18
INFO:root:NO badstep 2009.08.07 16
INFO:root:NO badstep 2009.08.07 18
INFO:root:NO Hazardo 2009.08.07 16
INFO:root:NO Hazardo 2009.08.07 18
INFO:root:NO SundanceKidIN 2009.12.25 16
INFO:root:NO SundanceKidIN 2009.12.25 18
INFO:root:NO nathy 2009.12.23 16
INFO:root:NO nathy 2009.12.23 18
INFO:root:NO ZAMMA 2009.12.23 16
INFO:root:NO ZAMMA 2009.12.23 18
INFO:root:NO karpovasparov 2009.12.20 16
INFO:root:NO karpovasparov 2009.12.20 18
INFO:root:NO KingzKill 2009.12.20 16
INFO:root:NO KingzKill 2009.12.20 18
INFO:root:NO Hazardo 2009.08.05 16
INFO:root:NO Hazardo 2009.08.05 18
INFO:root:NO intellow 2009.09.30 16
INFO:root:NO intellow 2009.09.30 18
INFO:root:NO zqnzt 2009.09.30 16
INFO:root:NO zqnzt 2009.09.30 18
INFO:root:NO markhodges 2009.07.27 16
INFO:root:NO markhodges 2009.07.27 18
INFO:root:NO ktinfl 2009.07.27 16
INFO:root:NO ktinfl 2009.07.27 18
INFO:root:NO stota 2009.09.23 16
INFO:root:NO stota 2009.09.23 18
INFO:root:NO Ifex 2009.09.23 16
INFO:root:NO Ifex 2009.09.23 18
INFO:root:NO scoroyale 2009.08.02 16
INFO:root:NO scoroyale 2009.08.02 18
INFO:root:NO dadoc 2009.08.02 16
INFO:root:NO dadoc 2009.08.02 18
INFO:root:NO mergall 2009.12.27 16
INFO:root:NO mergall 2009.12.27 18
INFO:root:NO AndyYuk 2009.08.07 16
INFO:root:NO AndyYuk 2009.08.07 18
INFO:root:NO Hazardo 2009.08.06 16
INFO:root:NO Hazardo 2009.08.06 18
INFO:root:NO badstep 2009.08.06 16
INFO:root:NO badstep 2009.08.06 18
INFO:root:NO hippyman 2009.12.21 16
INFO:root:NO hippyman 2009.12.21 18
INFO:root:NO dhally 2009.12.21 16
INFO:root:NO dhally 2009.12.21 18
INFO:root:NO QuantumMystic 2009.09.30 16
INFO:root:NO QuantumMystic 2009.09.30 18
INFO:root:NO Hazardo 2009.09.30 16
INFO:root:NO Hazardo 2009.09.30 18
INFO:root:NO ANDYTASTIC 2009.08.10 16
INFO:root:NO ANDYTASTIC 2009.08.10 18
INFO:root:NO Hazardo 2009.08.10 16
INFO:root:NO Hazardo 2009.08.10 18
INFO:root:NO catfu 2009.08.07 16
INFO:root:NO catfu 2009.08.07 18
INFO:root:NO ivebeenabducted 2009.08.10 16
INFO:root:NO ivebeenabducted 2009.08.10 18
INFO:root:NO brntout 2009.08.10 16
INFO:root:NO brntout 2009.08.10 18
INFO:root:NO rseymoure 2009.10.02 16
INFO:root:NO rseymoure 2009.10.02 18
INFO:root:NO HareBrain 2009.10.02 16
INFO:root:NO HareBrain 2009.10.02 18
INFO:root:NO Adolar 2009.08.04 16
INFO:root:NO Adolar 2009.08.04 18
INFO:root:NO Jia 2009.08.04 16
INFO:root:NO Jia 2009.08.04 18
INFO:root:NO remotoots 2009.08.06 16
INFO:root:NO remotoots 2009.08.06 18
INFO:root:NO ANDYTASTIC 2009.08.06 16
INFO:root:NO ANDYTASTIC 2009.08.06 18
INFO:root:NO OxoCube 2009.10.04 16
INFO:root:NO OxoCube 2009.10.04 18
INFO:root:NO catfu 2009.08.06 16
INFO:root:NO catfu 2009.08.06 18
INFO:root:NO nathy 2009.08.06 16
INFO:root:NO nathy 2009.08.06 18
INFO:root:NO thechrisfactor 2009.12.21 16
INFO:root:NO thechrisfactor 2009.12.21 18
INFO:root:NO egidio 2009.10.05 16
INFO:root:NO egidio 2009.10.05 18
INFO:root:NO niCeMoovez 2009.10.05 16
INFO:root:NO niCeMoovez 2009.10.05 18
INFO:root:NO HareBrain 2009.08.04 16
INFO:root:NO HareBrain 2009.08.04 18
INFO:root:NO ktinfl 2009.08.04 16
INFO:root:NO ktinfl 2009.08.04 18
INFO:root:NO kybrai 2009.12.18 16
INFO:root:NO kybrai 2009.12.18 18
INFO:root:NO japhet 2009.12.18 16
INFO:root:NO japhet 2009.12.18 18
INFO:root:NO Sawedoff 2009.09.22 16
INFO:root:NO Sawedoff 2009.09.22 18
INFO:root:NO Kundeohmar 2009.09.22 16
INFO:root:NO Kundeohmar 2009.09.22 18
INFO:root:NO Hazardo 2009.08.02 16
INFO:root:NO Hazardo 2009.08.02 18
INFO:root:NO beverlyframingham 2009.08.02 16
INFO:root:NO beverlyframingham 2009.08.02 18
INFO:root:NO SecondQueen 2009.08.06 16
INFO:root:NO SecondQueen 2009.08.06 18
INFO:root:NO JTKhouw 2009.08.04 16
INFO:root:NO JTKhouw 2009.08.04 18
INFO:root:NO fektija 2009.12.18 16
INFO:root:NO fektija 2009.12.18 18
INFO:root:NO hippyman 2009.12.18 16
INFO:root:NO hippyman 2009.12.18 18
INFO:root:NO SkyMeadow 2009.10.03 16
INFO:root:NO SkyMeadow 2009.10.03 18
INFO:root:NO HareBrain 2009.10.03 16
INFO:root:NO HareBrain 2009.10.03 18
INFO:root:NO stota 2009.10.01 16
INFO:root:NO stota 2009.10.01 18
INFO:root:NO happyelk 2009.10.01 16
INFO:root:NO happyelk 2009.10.01 18
INFO:root:NO onomatopeia 2009.10.01 16
INFO:root:NO onomatopeia 2009.10.01 18
INFO:root:NO WoodyMac 2009.10.01 16
INFO:root:NO WoodyMac 2009.10.01 18
INFO:root:NO onomatopeia 2009.09.27 16
INFO:root:NO onomatopeia 2009.09.27 18
INFO:root:NO nathy 2009.09.27 16
INFO:root:NO nathy 2009.09.27 18
INFO:root:NO kybrai 2009.12.16 16
INFO:root:NO kybrai 2009.12.16 18
INFO:root:NO japhet 2009.12.16 16
INFO:root:NO japhet 2009.12.16 18
INFO:root:NO xuch 2009.09.21 16
INFO:root:NO xuch 2009.09.21 18
INFO:root:NO sisohristov 2009.09.21 16
INFO:root:NO sisohristov 2009.09.21 18
INFO:root:NO WoodyMac 2009.10.02 16
INFO:root:NO WoodyMac 2009.10.02 18
INFO:root:NO lowandbehold 2009.10.02 16
INFO:root:NO lowandbehold 2009.10.02 18
INFO:root:NO intellow 2009.09.29 16
INFO:root:NO intellow 2009.09.29 18
INFO:root:NO onomatopeia 2009.09.29 16
INFO:root:NO onomatopeia 2009.09.29 18
INFO:root:NO chessboyjazz 2009.08.03 16
INFO:root:NO chessboyjazz 2009.08.03 18
INFO:root:NO corrosiv 2009.09.22 16
INFO:root:NO corrosiv 2009.09.22 18
INFO:root:NO gobemouche 2009.09.22 16
INFO:root:NO gobemouche 2009.09.22 18
INFO:root:NO vannman 2009.12.22 16
INFO:root:NO vannman 2009.12.22 18
INFO:root:NO Loran 2009.09.29 16
INFO:root:NO Loran 2009.09.29 18
INFO:root:NO Acdtume 2009.09.29 16
INFO:root:NO Acdtume 2009.09.29 18
INFO:root:NO graphiboy 2009.12.10 16
INFO:root:NO graphiboy 2009.12.10 18
INFO:root:NO kevincollins 2009.12.10 16
INFO:root:NO kevincollins 2009.12.10 18
INFO:root:NO PieceMover 2009.09.20 16
INFO:root:NO PieceMover 2009.09.20 18
INFO:root:NO Loran 2009.09.20 16
INFO:root:NO Loran 2009.09.20 18
INFO:root:NO beatleeleven 2009.12.19 16
INFO:root:NO beatleeleven 2009.12.19 18
INFO:root:NO newscot 2009.12.19 16
INFO:root:NO newscot 2009.12.19 18
INFO:root:NO pets 2009.12.23 16
INFO:root:NO pets 2009.12.23 18
INFO:root:NO nathy 2009.12.19 16
INFO:root:NO nathy 2009.12.19 18
INFO:root:NO onexdata 2009.12.19 16
INFO:root:NO onexdata 2009.12.19 18
INFO:root:NO nathy 2009.08.03 16
INFO:root:NO nathy 2009.08.03 18
INFO:root:NO Nebri 2009.12.23 16
INFO:root:NO Nebri 2009.12.23 18
INFO:root:NO Plainzero 2009.12.23 16
INFO:root:NO Plainzero 2009.12.23 18
INFO:root:NO Fukiyama 2009.12.20 16
INFO:root:NO Fukiyama 2009.12.20 18
INFO:root:NO beatleeleven 2009.12.20 16
INFO:root:NO beatleeleven 2009.12.20 18
INFO:root:NO youwereromeo 2009.10.03 16
INFO:root:NO youwereromeo 2009.10.03 18
INFO:root:NO musick 2009.10.03 16
INFO:root:NO musick 2009.10.03 18
INFO:root:NO Konta 2009.08.05 16
INFO:root:NO Konta 2009.08.05 18
INFO:root:NO holmesianman 2009.08.03 16
INFO:root:NO holmesianman 2009.08.03 18
INFO:root:NO Mnika 2009.12.22 16
INFO:root:NO Mnika 2009.12.22 18
INFO:root:NO blackknightwa 2009.12.20 16
INFO:root:NO blackknightwa 2009.12.20 18
INFO:root:NO schnookLberry 2009.12.20 16
INFO:root:NO schnookLberry 2009.12.20 18
INFO:root:NO chakmo 2009.12.22 16
INFO:root:NO chakmo 2009.12.22 18
INFO:root:NO Nopolis 2009.12.22 16
INFO:root:NO Nopolis 2009.12.22 18
INFO:root:NO andrejas 2009.08.05 16
INFO:root:NO andrejas 2009.08.05 18
INFO:root:NO Adolar 2009.08.05 16
INFO:root:NO Adolar 2009.08.05 18
INFO:root:NO Fukiyama 2009.12.22 16
INFO:root:NO Fukiyama 2009.12.22 18
INFO:root:NO Fukiyama 2009.12.21 16
INFO:root:NO Fukiyama 2009.12.21 18
INFO:root:NO Kkidplayer 2009.12.21 16
INFO:root:NO Kkidplayer 2009.12.21 18
INFO:root:NO chaosmonger 2009.12.21 16
INFO:root:NO chaosmonger 2009.12.21 18
INFO:root:NO Loran 2009.10.01 16
INFO:root:NO Loran 2009.10.01 18
INFO:root:NO corrosiv 2009.10.01 16
INFO:root:NO corrosiv 2009.10.01 18
INFO:root:NO nabisko 2009.12.18 16
INFO:root:NO nabisko 2009.12.18 18
INFO:root:NO danielbmarques 2009.12.18 16
INFO:root:NO danielbmarques 2009.12.18 18
INFO:root:NO xuch 2009.09.27 16
INFO:root:NO xuch 2009.09.27 18
INFO:root:NO NRking 2009.09.27 16
INFO:root:NO NRking 2009.09.27 18
INFO:root:NO adnjrw 2009.08.03 16
INFO:root:NO adnjrw 2009.08.03 18
INFO:root:NO gobemouche 2009.12.18 16
INFO:root:NO gobemouche 2009.12.18 18
INFO:root:NO Kkidplayer 2009.12.18 16
INFO:root:NO Kkidplayer 2009.12.18 18
INFO:root:NO hedgardo 2009.09.24 16
INFO:root:NO hedgardo 2009.09.24 18
INFO:root:NO nathy 2009.09.24 16
INFO:root:NO nathy 2009.09.24 18
INFO:root:NO nathy 2009.09.21 16
INFO:root:NO nathy 2009.09.21 18
INFO:root:NO kkj 2009.09.21 16
INFO:root:NO kkj 2009.09.21 18
INFO:root:NO Volodymir 2009.12.14 16
INFO:root:NO Volodymir 2009.12.14 18
INFO:root:NO hippyman 2009.12.14 16
INFO:root:NO hippyman 2009.12.14 18
INFO:root:NO hamaa 2009.12.20 16
INFO:root:NO hamaa 2009.12.20 18
INFO:root:NO happyelk 2009.09.25 16
INFO:root:NO happyelk 2009.09.25 18
INFO:root:NO BessieBoodle 2009.09.25 16
INFO:root:NO BessieBoodle 2009.09.25 18
INFO:root:NO maggiedog 2009.12.09 16
INFO:root:NO maggiedog 2009.12.09 18
INFO:root:NO hippyman 2009.12.09 16
INFO:root:NO hippyman 2009.12.09 18
INFO:root:NO elfrieda 2009.11.16 16
INFO:root:NO elfrieda 2009.11.16 18
INFO:root:NO topherpalmtree 2009.11.16 16
INFO:root:NO topherpalmtree 2009.11.16 18
INFO:root:NO SGTMAJUSMC 2009.11.11 16
INFO:root:NO SGTMAJUSMC 2009.11.11 18
INFO:root:NO xXxghostxXx 2009.11.11 16
INFO:root:NO xXxghostxXx 2009.11.11 18
INFO:root:NO ANDYTASTIC 2009.08.03 16
INFO:root:NO ANDYTASTIC 2009.08.03 18
INFO:root:NO ANDYTASTIC 2009.08.02 16
INFO:root:NO ANDYTASTIC 2009.08.02 18
INFO:root:NO lacceroswaldo 2009.12.14 16
INFO:root:NO lacceroswaldo 2009.12.14 18
INFO:root:NO Nopolis 2009.12.14 16
INFO:root:NO Nopolis 2009.12.14 18
INFO:root:NO nathy 2009.09.19 16
INFO:root:NO nathy 2009.09.19 18
INFO:root:NO raysfan 2009.09.19 16
INFO:root:NO raysfan 2009.09.19 18
INFO:root:NO Hazardo 2009.09.25 16
INFO:root:NO Hazardo 2009.09.25 18
INFO:root:NO Bhunt 2009.09.25 16
INFO:root:NO Bhunt 2009.09.25 18
INFO:root:NO zqnzt 2009.12.15 16
INFO:root:NO zqnzt 2009.12.15 18
INFO:root:NO saipanislandboy 2009.12.15 16
INFO:root:NO saipanislandboy 2009.12.15 18
INFO:root:NO sccoach 2009.12.13 16
INFO:root:NO sccoach 2009.12.13 18
INFO:root:NO mergall 2009.12.13 16
INFO:root:NO mergall 2009.12.13 18
INFO:root:NO intellow 2009.09.21 16
INFO:root:NO intellow 2009.09.21 18
INFO:root:NO owzat 2009.09.21 16
INFO:root:NO owzat 2009.09.21 18
INFO:root:NO mrmackenfan 2009.11.23 16
INFO:root:NO mrmackenfan 2009.11.23 18
INFO:root:NO Quien 2009.11.23 16
INFO:root:NO Quien 2009.11.23 18
INFO:root:NO Loran 2009.09.17 16
INFO:root:NO Loran 2009.09.17 18
INFO:root:NO nokto 2009.09.17 16
INFO:root:NO nokto 2009.09.17 18
INFO:root:NO southerncastle 2009.11.18 16
INFO:root:NO southerncastle 2009.11.18 18
INFO:root:NO mergall 2009.11.18 16
INFO:root:NO mergall 2009.11.18 18
INFO:root:NO elfrieda 2009.11.14 16
INFO:root:NO elfrieda 2009.11.14 18
INFO:root:NO silverspruce 2009.11.14 16
INFO:root:NO silverspruce 2009.11.14 18
INFO:root:NO intellow 2009.11.05 16
INFO:root:NO intellow 2009.11.05 18
INFO:root:NO Langan 2009.11.05 16
INFO:root:NO Langan 2009.11.05 18
INFO:root:NO bigtruckrida 2009.09.23 16
INFO:root:NO bigtruckrida 2009.09.23 18
INFO:root:NO intellow 2009.09.23 16
INFO:root:NO intellow 2009.09.23 18
INFO:root:NO uetuseuu 2009.09.22 16
INFO:root:NO uetuseuu 2009.09.22 18
INFO:root:NO xuch 2009.09.22 16
INFO:root:NO xuch 2009.09.22 18
INFO:root:NO Yumster 2009.09.21 16
INFO:root:NO Yumster 2009.09.21 18
INFO:root:NO tanimachi 2009.09.21 16
INFO:root:NO tanimachi 2009.09.21 18
INFO:root:NO powerfail 2009.12.16 18
INFO:root:NO Puscifer 2009.12.16 18
INFO:root:NO mergall 2009.12.11 16
INFO:root:NO mergall 2009.12.11 18
INFO:root:NO Dconneen 2009.12.11 16
INFO:root:NO Dconneen 2009.12.11 18
INFO:root:NO mmjchess 2009.12.04 16
INFO:root:NO mmjchess 2009.12.04 18
INFO:root:NO Kkidplayer 2009.12.04 16
INFO:root:NO Kkidplayer 2009.12.04 18
INFO:root:NO uetuseuu 2009.09.23 16
INFO:root:NO uetuseuu 2009.09.23 18
INFO:root:NO niCeMoovez 2009.09.23 16
INFO:root:NO niCeMoovez 2009.09.23 18
INFO:root:NO kybrai 2009.12.17 16
INFO:root:NO kybrai 2009.12.17 18
INFO:root:NO japhet 2009.12.17 16
INFO:root:NO japhet 2009.12.17 18
INFO:root:NO BTX 2009.12.16 16
INFO:root:NO BTX 2009.12.16 18
INFO:root:NO Kkidplayer 2009.12.16 16
INFO:root:NO Kkidplayer 2009.12.16 18
INFO:root:NO lashaberulava 2009.12.09 16
INFO:root:NO lashaberulava 2009.12.09 18
INFO:root:NO Ifex 2009.09.19 16
INFO:root:NO Ifex 2009.09.19 18
INFO:root:NO Sokka 2009.09.15 16
INFO:root:NO Sokka 2009.09.15 18
INFO:root:NO nathy 2009.09.15 16
INFO:root:NO nathy 2009.09.15 18
INFO:root:NO kwe 2009.11.21 16
INFO:root:NO kwe 2009.11.21 18
INFO:root:NO mergall 2009.11.21 16
INFO:root:NO mergall 2009.11.21 18
INFO:root:NO Sawedoff 2009.09.23 16
INFO:root:NO Sawedoff 2009.09.23 18
INFO:root:NO tangelo 2009.09.23 16
INFO:root:NO tangelo 2009.09.23 18
INFO:root:NO notrightnow 2009.12.07 16
INFO:root:NO notrightnow 2009.12.07 18
INFO:root:NO ChessOwnU 2009.12.07 16
INFO:root:NO ChessOwnU 2009.12.07 18
INFO:root:NO nathy 2009.08.26 16
INFO:root:NO nathy 2009.08.26 18
INFO:root:NO Marcvz 2009.08.26 16
INFO:root:NO Marcvz 2009.08.26 18
INFO:root:NO gobemouche 2009.09.12 16
INFO:root:NO gobemouche 2009.09.12 18
INFO:root:NO Hazardo 2009.09.12 16
INFO:root:NO Hazardo 2009.09.12 18
INFO:root:NO gobemouche 2009.09.11 16
INFO:root:NO gobemouche 2009.09.11 18
INFO:root:NO Shridaren 2009.09.11 16
INFO:root:NO Shridaren 2009.09.11 18
INFO:root:NO Hazardo 2009.09.11 16
INFO:root:NO Hazardo 2009.09.11 18
INFO:root:NO TRADICIONAL 2009.09.06 16
INFO:root:NO TRADICIONAL 2009.09.06 18
INFO:root:NO Loran 2009.09.06 16
INFO:root:NO Loran 2009.09.06 18
INFO:root:NO lukeex 2009.12.14 16
INFO:root:NO lukeex 2009.12.14 18
INFO:root:NO Lovesin 2009.09.20 16
INFO:root:NO Lovesin 2009.09.20 18
INFO:root:NO Baskoot 2009.09.20 16
INFO:root:NO Baskoot 2009.09.20 18
INFO:root:NO nathy 2009.09.17 16
INFO:root:NO nathy 2009.09.17 18
INFO:root:NO dewie 2009.09.17 16
INFO:root:NO dewie 2009.09.17 18
INFO:root:NO chakmo 2009.12.09 16
INFO:root:NO chakmo 2009.12.09 18
INFO:root:NO robbienorma 2009.12.09 16
INFO:root:NO robbienorma 2009.12.09 18
INFO:root:NO chakmo 2009.12.07 16
INFO:root:NO chakmo 2009.12.07 18
INFO:root:NO hippyman 2009.12.07 16
INFO:root:NO hippyman 2009.12.07 18
INFO:root:NO azote 2009.08.03 16
INFO:root:NO azote 2009.08.03 18
INFO:root:NO MikiD 2009.12.06 16
INFO:root:NO MikiD 2009.12.06 18
INFO:root:NO ChessOwnU 2009.12.06 16
INFO:root:NO ChessOwnU 2009.12.06 18
INFO:root:NO guisbi 2009.12.07 16
INFO:root:NO guisbi 2009.12.07 18
INFO:root:NO Contranigma 2009.09.17 16
INFO:root:NO Contranigma 2009.09.17 18
INFO:root:NO mathspriyanka 2009.09.17 16
INFO:root:NO mathspriyanka 2009.09.17 18
INFO:root:NO Loran 2009.09.21 16
INFO:root:NO Loran 2009.09.21 18
INFO:root:NO Laskerson 2009.12.05 16
INFO:root:NO Laskerson 2009.12.05 18
INFO:root:NO hippyman 2009.12.05 16
INFO:root:NO hippyman 2009.12.05 18
INFO:root:NO HareBrain 2009.11.27 16
INFO:root:NO HareBrain 2009.11.27 18
INFO:root:NO Hempnotic 2009.11.27 16
INFO:root:NO Hempnotic 2009.11.27 18
INFO:root:NO duesse 2009.11.06 16
INFO:root:NO duesse 2009.11.06 18
INFO:root:NO planetchess 2009.11.06 16
INFO:root:NO planetchess 2009.11.06 18
INFO:root:NO tangelo 2009.09.20 16
INFO:root:NO tangelo 2009.09.20 18
INFO:root:NO gobemouche 2009.09.20 16
INFO:root:NO gobemouche 2009.09.20 18
INFO:root:NO SkyMeadow 2009.11.19 16
INFO:root:NO SkyMeadow 2009.11.19 18
INFO:root:NO weshoward 2009.11.19 16
INFO:root:NO weshoward 2009.11.19 18
INFO:root:NO SkyMeadow 2009.11.15 16
INFO:root:NO SkyMeadow 2009.11.15 18
INFO:root:NO Quien 2009.11.15 16
INFO:root:NO Quien 2009.11.15 18
INFO:root:NO Loran 2009.11.08 16
INFO:root:NO Loran 2009.11.08 18
INFO:root:NO pmineirov 2009.11.08 16
INFO:root:NO pmineirov 2009.11.08 18
INFO:root:NO nathy 2009.08.29 16
INFO:root:NO nathy 2009.08.29 18
INFO:root:NO CHIMOL 2009.08.29 16
INFO:root:NO CHIMOL 2009.08.29 18
INFO:root:NO nathy 2009.12.06 16
INFO:root:NO nathy 2009.12.06 18
INFO:root:NO Nopolis 2009.12.06 16
INFO:root:NO Nopolis 2009.12.06 18
INFO:root:NO gobemouche 2009.09.17 16
INFO:root:NO gobemouche 2009.09.17 18
INFO:root:NO stota 2009.09.17 16
INFO:root:NO stota 2009.09.17 18
INFO:root:NO MrWannaB 2009.09.14 16
INFO:root:NO MrWannaB 2009.09.14 18
INFO:root:NO Bhunt 2009.09.14 16
INFO:root:NO Bhunt 2009.09.14 18
INFO:root:NO nathy 2009.11.05 16
INFO:root:NO nathy 2009.11.05 18
INFO:root:NO SkyMeadow 2009.11.05 16
INFO:root:NO SkyMeadow 2009.11.05 18
INFO:root:NO Fukiyama 2009.12.12 16
INFO:root:NO Fukiyama 2009.12.12 18
INFO:root:NO hippyman 2009.12.12 16
INFO:root:NO hippyman 2009.12.12 18
INFO:root:NO SexyTime 2009.12.04 16
INFO:root:NO SexyTime 2009.12.04 18
INFO:root:NO berthusganja 2009.11.27 16
INFO:root:NO berthusganja 2009.11.27 18
INFO:root:NO fargeklatt 2009.11.27 16
INFO:root:NO fargeklatt 2009.11.27 18
INFO:root:NO Minkowsky 2009.11.26 16
INFO:root:NO Minkowsky 2009.11.26 18
INFO:root:NO fargeklatt 2009.11.26 16
INFO:root:NO fargeklatt 2009.11.26 18
INFO:root:NO stota 2009.09.14 16
INFO:root:NO stota 2009.09.14 18
INFO:root:NO kkj 2009.09.14 16
INFO:root:NO kkj 2009.09.14 18
INFO:root:NO Bhunt 2009.09.13 16
INFO:root:NO Bhunt 2009.09.13 18
INFO:root:NO gobemouche 2009.09.13 16
INFO:root:NO gobemouche 2009.09.13 18
INFO:root:NO LaurentDelaon 2009.12.09 16
INFO:root:NO LaurentDelaon 2009.12.09 18
INFO:root:NO duesse 2009.12.09 16
INFO:root:NO duesse 2009.12.09 18
INFO:root:NO kakenrni 2009.12.04 16
INFO:root:NO kakenrni 2009.12.04 18
INFO:root:NO jpjcalculator 2009.09.17 16
INFO:root:NO jpjcalculator 2009.09.17 18
INFO:root:NO tangelo 2009.09.17 16
INFO:root:NO tangelo 2009.09.17 18
INFO:root:NO Loran 2009.09.12 16
INFO:root:NO Loran 2009.09.12 18
INFO:root:NO ziglag 2009.09.12 16
INFO:root:NO ziglag 2009.09.12 18
INFO:root:NO SkyMeadow 2009.11.26 16
INFO:root:NO SkyMeadow 2009.11.26 18
INFO:root:NO HareBrain 2009.11.26 16
INFO:root:NO HareBrain 2009.11.26 18
INFO:root:NO bluetac 2009.11.22 16
INFO:root:NO bluetac 2009.11.22 18
INFO:root:NO StarAsia 2009.11.22 16
INFO:root:NO StarAsia 2009.11.22 18
INFO:root:NO onexdata 2009.12.06 16
INFO:root:NO onexdata 2009.12.06 18
INFO:root:NO weshoward 2009.11.22 16
INFO:root:NO weshoward 2009.11.22 18
INFO:root:NO HareBrain 2009.11.22 16
INFO:root:NO HareBrain 2009.11.22 18
INFO:root:NO nathy 2009.11.09 16
INFO:root:NO nathy 2009.11.09 18
INFO:root:NO mawhin 2009.11.09 16
INFO:root:NO mawhin 2009.11.09 18
INFO:root:NO TheDuster 2009.11.11 16
INFO:root:NO TheDuster 2009.11.11 18
INFO:root:NO Azerath 2009.11.11 16
INFO:root:NO Azerath 2009.11.11 18
INFO:root:NO nathy 2009.09.18 16
INFO:root:NO nathy 2009.09.18 18
INFO:root:NO raysfan 2009.09.18 16
INFO:root:NO raysfan 2009.09.18 18
INFO:root:NO sccoach 2009.11.26 16
INFO:root:NO sccoach 2009.11.26 18
INFO:root:NO intellow 2009.11.21 16
INFO:root:NO intellow 2009.11.21 18
INFO:root:NO HareBrain 2009.11.21 16
INFO:root:NO HareBrain 2009.11.21 18
INFO:root:NO graphiboy 2009.11.09 16
INFO:root:NO graphiboy 2009.11.09 18
INFO:root:NO TheDuster 2009.10.31 16
INFO:root:NO TheDuster 2009.10.31 18
INFO:root:NO sccoach 2009.10.31 16
INFO:root:NO sccoach 2009.10.31 18
INFO:root:NO dadop 2009.11.02 16
INFO:root:NO dadop 2009.11.02 18
INFO:root:NO Loran 2009.11.02 16
INFO:root:NO Loran 2009.11.02 18
INFO:root:NO praxodes 2009.11.20 16
INFO:root:NO praxodes 2009.11.20 18
INFO:root:NO karpovasparov 2009.11.20 16
INFO:root:NO karpovasparov 2009.11.20 18
INFO:root:NO Admirn 2009.11.27 16
INFO:root:NO Admirn 2009.11.27 18
INFO:root:NO JBWALKER 2009.12.04 16
INFO:root:NO JBWALKER 2009.12.04 18
INFO:root:NO mergall 2009.11.29 16
INFO:root:NO mergall 2009.11.29 18
INFO:root:NO Phye 2009.11.29 16
INFO:root:NO Phye 2009.11.29 18
INFO:root:NO Ifex 2009.09.17 16
INFO:root:NO Ifex 2009.09.17 18
INFO:root:NO aixrad 2009.11.18 16
INFO:root:NO aixrad 2009.11.18 18
INFO:root:NO Kkidplayer 2009.11.18 16
INFO:root:NO Kkidplayer 2009.11.18 18
INFO:root:NO whowant 2009.08.29 16
INFO:root:NO whowant 2009.08.29 18
INFO:root:NO Nebri 2009.11.29 16
INFO:root:NO Nebri 2009.11.29 18
INFO:root:NO Plainzero 2009.11.29 16
INFO:root:NO Plainzero 2009.11.29 18
INFO:root:NO kardsplz 2009.11.26 16
INFO:root:NO kardsplz 2009.11.26 18
INFO:root:NO drinkingwater 2009.11.26 16
INFO:root:NO drinkingwater 2009.11.26 18
INFO:root:NO Quien 2009.11.30 16
INFO:root:NO Quien 2009.11.30 18
INFO:root:NO topherpalmtree 2009.11.30 16
INFO:root:NO topherpalmtree 2009.11.30 18
INFO:root:NO lowandbehold 2009.09.15 16
INFO:root:NO lowandbehold 2009.09.15 18
INFO:root:NO Bhunt 2009.09.15 16
INFO:root:NO Bhunt 2009.09.15 18
INFO:root:NO Tyzore 2009.10.28 16
INFO:root:NO Tyzore 2009.10.28 18
INFO:root:NO Hosed 2009.10.28 16
INFO:root:NO Hosed 2009.10.28 18
INFO:root:NO intellow 2009.08.28 16
INFO:root:NO intellow 2009.08.28 18
INFO:root:NO nathy 2009.08.28 16
INFO:root:NO nathy 2009.08.28 18
INFO:root:NO whowant 2009.08.27 16
INFO:root:NO whowant 2009.08.27 18
INFO:root:NO HareBrain 2009.08.27 16
INFO:root:NO HareBrain 2009.08.27 18
INFO:root:NO chessboyjazz 2009.11.25 16
INFO:root:NO chessboyjazz 2009.11.25 18
INFO:root:NO SGTMAJUSMC 2009.11.25 16
INFO:root:NO SGTMAJUSMC 2009.11.25 18
INFO:root:NO kardsplz 2009.11.08 16
INFO:root:NO kardsplz 2009.11.08 18
INFO:root:NO antharas 2009.11.08 16
INFO:root:NO antharas 2009.11.08 18
INFO:root:NO michaelhu 2009.09.04 16
INFO:root:NO michaelhu 2009.09.04 18
INFO:root:NO Loran 2009.09.04 16
INFO:root:NO Loran 2009.09.04 18
INFO:root:NO GaKK 2009.10.27 16
INFO:root:NO GaKK 2009.10.27 18
INFO:root:NO mdxp 2009.10.27 16
INFO:root:NO mdxp 2009.10.27 18
INFO:root:NO gobemouche 2009.08.28 16
INFO:root:NO gobemouche 2009.08.28 18
INFO:root:NO hailu 2009.08.28 16
INFO:root:NO hailu 2009.08.28 18
INFO:root:NO IanRemsen 2009.11.26 16
INFO:root:NO IanRemsen 2009.11.26 18
INFO:root:NO SGTMAJUSMC 2009.11.26 16
INFO:root:NO SGTMAJUSMC 2009.11.26 18
INFO:root:NO Sirenus 2009.09.13 16
INFO:root:NO Sirenus 2009.09.13 18
INFO:root:NO Contranigma 2009.09.13 16
INFO:root:NO Contranigma 2009.09.13 18
INFO:root:NO SkyMeadow 2009.11.16 16
INFO:root:NO SkyMeadow 2009.11.16 18
INFO:root:NO Quien 2009.11.16 16
INFO:root:NO Quien 2009.11.16 18
INFO:root:NO intellow 2009.11.09 16
INFO:root:NO intellow 2009.11.09 18
INFO:root:NO powerpass 2009.11.07 16
INFO:root:NO powerpass 2009.11.07 18
INFO:root:NO SkyMeadow 2009.11.07 16
INFO:root:NO SkyMeadow 2009.11.07 18
INFO:root:NO soffan 2009.11.05 16
INFO:root:NO soffan 2009.11.05 18
INFO:root:NO Marcvz 2009.09.07 16
INFO:root:NO Marcvz 2009.09.07 18
INFO:root:NO Loran 2009.09.07 16
INFO:root:NO Loran 2009.09.07 18
INFO:root:NO nathy 2009.09.16 16
INFO:root:NO nathy 2009.09.16 18
INFO:root:NO sarduspater 2009.09.16 16
INFO:root:NO sarduspater 2009.09.16 18
INFO:root:NO zEviscerator 2009.09.13 16
INFO:root:NO zEviscerator 2009.09.13 18
INFO:root:NO gwhatever 2009.09.13 16
INFO:root:NO gwhatever 2009.09.13 18
INFO:root:NO gobemouche 2009.09.10 16
INFO:root:NO gobemouche 2009.09.10 18
INFO:root:NO BeRelax 2009.09.10 16
INFO:root:NO BeRelax 2009.09.10 18
INFO:root:NO Gasparinho 2009.08.29 16
INFO:root:NO Gasparinho 2009.08.29 18
INFO:root:NO xDieInAFirex 2009.10.27 16
INFO:root:NO xDieInAFirex 2009.10.27 18
INFO:root:NO RichardJohnson 2009.10.27 16
INFO:root:NO RichardJohnson 2009.10.27 18
INFO:root:NO ironwutang 2009.08.27 16
INFO:root:NO ironwutang 2009.08.27 18
INFO:root:NO nathy 2009.11.17 16
INFO:root:NO nathy 2009.11.17 18
INFO:root:NO Phye 2009.11.17 16
INFO:root:NO Phye 2009.11.17 18
INFO:root:NO niCeMoovez 2009.10.29 16
INFO:root:NO niCeMoovez 2009.10.29 18
INFO:root:NO BrootFaus 2009.10.29 16
INFO:root:NO BrootFaus 2009.10.29 18
INFO:root:NO drewblastoff 2009.09.13 16
INFO:root:NO drewblastoff 2009.09.13 18
INFO:root:NO nathy 2009.09.13 16
INFO:root:NO nathy 2009.09.13 18
INFO:root:NO mergall 2009.11.17 16
INFO:root:NO mergall 2009.11.17 18
INFO:root:NO SkyMeadow 2009.11.17 16
INFO:root:NO SkyMeadow 2009.11.17 18
INFO:root:NO Loran 2009.11.14 16
INFO:root:NO Loran 2009.11.14 18
INFO:root:NO hedgardo 2009.11.14 16
INFO:root:NO hedgardo 2009.11.14 18
INFO:root:NO sarduspater 2009.11.09 16
INFO:root:NO sarduspater 2009.11.09 18
INFO:root:NO timeToLive 2009.09.11 16
INFO:root:NO timeToLive 2009.09.11 18
INFO:root:NO SeanMohsin 2009.09.11 16
INFO:root:NO SeanMohsin 2009.09.11 18
INFO:root:NO thotthescribe 2009.09.08 16
INFO:root:NO thotthescribe 2009.09.08 18
INFO:root:NO Contranigma 2009.09.08 16
INFO:root:NO Contranigma 2009.09.08 18
INFO:root:NO mrdigital 2009.09.05 16
INFO:root:NO mrdigital 2009.09.05 18
INFO:root:NO Loran 2009.09.05 16
INFO:root:NO Loran 2009.09.05 18
INFO:root:NO LaurentDelaon 2009.09.05 16
INFO:root:NO LaurentDelaon 2009.09.05 18
INFO:root:NO nathy 2009.09.05 16
INFO:root:NO nathy 2009.09.05 18
INFO:root:NO mdxp 2009.10.28 16
INFO:root:NO mdxp 2009.10.28 18
INFO:root:NO SkyMeadow 2009.10.28 16
INFO:root:NO SkyMeadow 2009.10.28 18
INFO:root:NO joulu 2009.08.28 16
INFO:root:NO joulu 2009.08.28 18
INFO:root:NO Hazardo 2009.08.28 16
INFO:root:NO Hazardo 2009.08.28 18
INFO:root:NO mergall 2009.11.16 16
INFO:root:NO mergall 2009.11.16 18
INFO:root:NO drewblastoff 2009.09.11 16
INFO:root:NO drewblastoff 2009.09.11 18
INFO:root:NO niCeMoovez 2009.09.11 16
INFO:root:NO niCeMoovez 2009.09.11 18
INFO:root:NO jiamenguk 2009.11.12 16
INFO:root:NO jiamenguk 2009.11.12 18
INFO:root:NO BattlerV 2009.11.12 16
INFO:root:NO BattlerV 2009.11.12 18
INFO:root:NO Hosed 2009.11.04 16
INFO:root:NO Hosed 2009.11.04 18
INFO:root:NO SkyMeadow 2009.11.04 16
INFO:root:NO SkyMeadow 2009.11.04 18
INFO:root:NO ktinfl 2009.10.27 16
INFO:root:NO ktinfl 2009.10.27 18
INFO:root:NO biondy 2009.10.27 16
INFO:root:NO biondy 2009.10.27 18
INFO:root:NO gobemouche 2009.10.12 16
INFO:root:NO gobemouche 2009.10.12 18
INFO:root:NO MaximilliannKidd 2009.10.12 16
INFO:root:NO MaximilliannKidd 2009.10.12 18
INFO:root:NO fargeklatt 2009.11.14 16
INFO:root:NO fargeklatt 2009.11.14 18
INFO:root:NO ACGD 2009.11.14 16
INFO:root:NO ACGD 2009.11.14 18
INFO:root:NO ktinfl 2009.11.01 16
INFO:root:NO ktinfl 2009.11.01 18
INFO:root:NO SkyMeadow 2009.11.01 16
INFO:root:NO SkyMeadow 2009.11.01 18
INFO:root:NO intellow 2009.11.14 16
INFO:root:NO intellow 2009.11.14 18
INFO:root:NO Phye 2009.11.14 16
INFO:root:NO Phye 2009.11.14 18
INFO:root:NO tangelo 2009.09.10 16
INFO:root:NO tangelo 2009.09.10 18
INFO:root:NO phuziOn 2009.09.10 16
INFO:root:NO phuziOn 2009.09.10 18
INFO:root:NO saipanislandboy 2009.10.30 16
INFO:root:NO saipanislandboy 2009.10.30 18
INFO:root:NO chagf 2009.10.30 16
INFO:root:NO chagf 2009.10.30 18
INFO:root:NO bennywalsh 2009.08.30 16
INFO:root:NO bennywalsh 2009.08.30 18
INFO:root:NO nathy 2009.08.30 16
INFO:root:NO nathy 2009.08.30 18
INFO:root:NO MasterBelch 2009.10.20 16
INFO:root:NO MasterBelch 2009.10.20 18
INFO:root:NO kkj 2009.10.20 16
INFO:root:NO kkj 2009.10.20 18
INFO:root:NO kinkobel 2009.11.07 16
INFO:root:NO kinkobel 2009.11.07 18
INFO:root:NO HareBrain 2009.11.07 16
INFO:root:NO HareBrain 2009.11.07 18
INFO:root:NO Hazardo 2009.11.06 16
INFO:root:NO Hazardo 2009.11.06 18
INFO:root:NO intellow 2009.11.06 16
INFO:root:NO intellow 2009.11.06 18
INFO:root:NO drunkindurham 2009.09.07 16
INFO:root:NO drunkindurham 2009.09.07 18
INFO:root:NO ElectronTheory 2009.09.05 16
INFO:root:NO ElectronTheory 2009.09.05 18
INFO:root:NO gobemouche 2009.10.31 16
INFO:root:NO gobemouche 2009.10.31 18
INFO:root:NO intellow 2009.10.31 16
INFO:root:NO intellow 2009.10.31 18
INFO:root:NO SameerMalik 2009.09.05 16
INFO:root:NO SameerMalik 2009.09.05 18
INFO:root:NO GMenBigBlue 2009.09.05 16
INFO:root:NO GMenBigBlue 2009.09.05 18
INFO:root:NO whowant 2009.08.30 16
INFO:root:NO whowant 2009.08.30 18
INFO:root:NO nathy 2009.08.31 16
INFO:root:NO nathy 2009.08.31 18
INFO:root:NO LaurentDelaon 2009.08.31 16
INFO:root:NO LaurentDelaon 2009.08.31 18
INFO:root:NO gwhatever 2009.09.09 16
INFO:root:NO gwhatever 2009.09.09 18
INFO:root:NO sammakkon 2009.09.09 16
INFO:root:NO sammakkon 2009.09.09 18
INFO:root:NO SkyMeadow 2009.10.27 16
INFO:root:NO SkyMeadow 2009.10.27 18
INFO:root:NO smalldreams 2009.08.29 16
INFO:root:NO smalldreams 2009.08.29 18
INFO:root:NO gobemouche 2009.10.23 16
INFO:root:NO gobemouche 2009.10.23 18
INFO:root:NO MasterBelch 2009.10.23 16
INFO:root:NO MasterBelch 2009.10.23 18
INFO:root:NO Giully 2009.10.27 16
INFO:root:NO Giully 2009.10.27 18
INFO:root:NO pendaggie 2009.10.25 16
INFO:root:NO pendaggie 2009.10.25 18
INFO:root:NO asewasew 2009.10.25 16
INFO:root:NO asewasew 2009.10.25 18
INFO:root:NO nathy 2009.09.08 16
INFO:root:NO nathy 2009.09.08 18
INFO:root:NO dafics 2009.09.08 16
INFO:root:NO dafics 2009.09.08 18
INFO:root:NO mrmackenfan 2009.10.25 16
INFO:root:NO mrmackenfan 2009.10.25 18
INFO:root:NO sccoach 2009.10.25 16
INFO:root:NO sccoach 2009.10.25 18
INFO:root:NO soffan 2009.09.03 16
INFO:root:NO soffan 2009.09.03 18
INFO:root:NO gobemouche 2009.09.03 16
INFO:root:NO gobemouche 2009.09.03 18
INFO:root:NO TheDuster 2009.10.29 16
INFO:root:NO TheDuster 2009.10.29 18
INFO:root:NO SkyMeadow 2009.10.29 16
INFO:root:NO SkyMeadow 2009.10.29 18
INFO:root:NO antharas 2009.10.31 16
INFO:root:NO antharas 2009.10.31 18
INFO:root:NO ktinfl 2009.10.31 16
INFO:root:NO ktinfl 2009.10.31 18
INFO:root:NO SkyMeadow 2009.10.30 16
INFO:root:NO SkyMeadow 2009.10.30 18
INFO:root:NO biondy 2009.10.30 16
INFO:root:NO biondy 2009.10.30 18
INFO:root:NO SkyMeadow 2009.10.21 16
INFO:root:NO SkyMeadow 2009.10.21 18
INFO:root:NO tanimachi 2009.10.21 16
INFO:root:NO tanimachi 2009.10.21 18
INFO:root:NO topherpalmtree 2009.10.20 16
INFO:root:NO topherpalmtree 2009.10.20 18
INFO:root:NO duesse 2009.10.20 16
INFO:root:NO duesse 2009.10.20 18
INFO:root:NO pendaggie 2009.10.18 16
INFO:root:NO pendaggie 2009.10.18 18
INFO:root:NO intellow 2009.10.18 16
INFO:root:NO intellow 2009.10.18 18
INFO:root:NO ironwutang 2009.08.26 16
INFO:root:NO ironwutang 2009.08.26 18
INFO:root:NO JooBoo 2009.08.26 16
INFO:root:NO JooBoo 2009.08.26 18
INFO:root:NO SkyMeadow 2009.10.31 16
INFO:root:NO SkyMeadow 2009.10.31 18
INFO:root:NO japhet 2009.10.31 16
INFO:root:NO japhet 2009.10.31 18
INFO:root:NO auglaize 2009.08.29 16
INFO:root:NO auglaize 2009.08.29 18
INFO:root:NO GMenBigBlue 2009.08.29 16
INFO:root:NO GMenBigBlue 2009.08.29 18
INFO:root:NO shailen 2009.08.27 16
INFO:root:NO shailen 2009.08.27 18
INFO:root:NO andrejas 2009.08.27 16
INFO:root:NO andrejas 2009.08.27 18
INFO:root:NO protoz 2009.10.15 16
INFO:root:NO protoz 2009.10.15 18
INFO:root:NO intellow 2009.10.15 16
INFO:root:NO intellow 2009.10.15 18
INFO:root:NO antharas 2009.10.11 16
INFO:root:NO antharas 2009.10.11 18
INFO:root:NO intellow 2009.10.11 16
INFO:root:NO intellow 2009.10.11 18
INFO:root:NO markhodges 2009.09.05 16
INFO:root:NO markhodges 2009.09.05 18
INFO:root:NO soffan 2009.09.05 16
INFO:root:NO soffan 2009.09.05 18
INFO:root:NO AlfredJ 2009.08.28 16
INFO:root:NO AlfredJ 2009.08.28 18
INFO:root:NO SkyMeadow 2009.10.22 16
INFO:root:NO SkyMeadow 2009.10.22 18
INFO:root:NO antharas 2009.10.22 16
INFO:root:NO antharas 2009.10.22 18
INFO:root:NO yanfen 2009.10.13 16
INFO:root:NO yanfen 2009.10.13 18
INFO:root:NO antharas 2009.10.13 16
INFO:root:NO antharas 2009.10.13 18
INFO:root:NO HareBrain 2009.08.29 16
INFO:root:NO HareBrain 2009.08.29 18
INFO:root:NO niCeMoovez 2009.10.26 16
INFO:root:NO niCeMoovez 2009.10.26 18
INFO:root:NO tomecki 2009.10.26 16
INFO:root:NO tomecki 2009.10.26 18
INFO:root:NO DeathKnights 2009.08.28 16
INFO:root:NO DeathKnights 2009.08.28 18
INFO:root:NO badstep 2009.08.28 16
INFO:root:NO badstep 2009.08.28 18
INFO:root:NO Loran 2009.09.02 16
INFO:root:NO Loran 2009.09.02 18
INFO:root:NO Thantos 2009.09.02 16
INFO:root:NO Thantos 2009.09.02 18
INFO:root:NO owzat 2009.10.24 16
INFO:root:NO owzat 2009.10.24 18
INFO:root:NO ACECAKER 2009.10.24 16
INFO:root:NO ACECAKER 2009.10.24 18
INFO:root:NO DrillOp 2009.10.22 16
INFO:root:NO DrillOp 2009.10.22 18
INFO:root:NO Demolishor 2009.10.10 16
INFO:root:NO Demolishor 2009.10.10 18
INFO:root:NO intellow 2009.10.10 16
INFO:root:NO intellow 2009.10.10 18
INFO:root:NO tdalex 2009.08.16 16
INFO:root:NO tdalex 2009.08.16 18
INFO:root:NO nathy 2009.08.16 16
INFO:root:NO nathy 2009.08.16 18
INFO:root:NO Musclorman 2009.08.30 16
INFO:root:NO Musclorman 2009.08.30 18
INFO:root:NO bgilby 2009.10.28 16
INFO:root:NO bgilby 2009.10.28 18
INFO:root:NO Sagi 2009.10.29 16
INFO:root:NO Sagi 2009.10.29 18
INFO:root:NO Hosed 2009.10.27 16
INFO:root:NO Hosed 2009.10.27 18
INFO:root:NO HareBrain 2009.10.22 16
INFO:root:NO HareBrain 2009.10.22 18
INFO:root:NO Enato 2009.10.13 16
INFO:root:NO Enato 2009.10.13 18
INFO:root:NO intellow 2009.10.13 16
INFO:root:NO intellow 2009.10.13 18
INFO:root:NO jumpinggreenfrog 2009.08.24 16
INFO:root:NO jumpinggreenfrog 2009.08.24 18
INFO:root:NO GoGoYubari 2009.08.24 16
INFO:root:NO GoGoYubari 2009.08.24 18
INFO:root:NO sxsonar 2009.01.13 16
INFO:root:NO sxsonar 2009.01.13 18
INFO:root:NO Crashinator 2009.01.13 16
INFO:root:NO Crashinator 2009.01.13 18
INFO:root:NO LucasKerberHara 2009.08.28 16
INFO:root:NO LucasKerberHara 2009.08.28 18
INFO:root:NO tomecki 2009.10.19 16
INFO:root:NO tomecki 2009.10.19 18
INFO:root:NO WillByron 2009.10.19 16
INFO:root:NO WillByron 2009.10.19 18
INFO:root:NO chagf 2009.10.12 16
INFO:root:NO chagf 2009.10.12 18
INFO:root:NO saipanislandboy 2009.10.12 16
INFO:root:NO saipanislandboy 2009.10.12 18
INFO:root:NO intellow 2009.10.07 16
INFO:root:NO intellow 2009.10.07 18
INFO:root:NO lowandbehold 2009.10.07 16
INFO:root:NO lowandbehold 2009.10.07 18
INFO:root:NO ironwutang 2009.08.28 16
INFO:root:NO ironwutang 2009.08.28 18
INFO:root:NO smalldreams 2009.08.28 16
INFO:root:NO smalldreams 2009.08.28 18
INFO:root:NO FaustArp 2009.08.28 16
INFO:root:NO FaustArp 2009.08.28 18
INFO:root:NO spiritswords 2009.08.22 18
INFO:root:NO hailu 2009.08.22 18
INFO:root:NO Loran 2009.08.23 16
INFO:root:NO Loran 2009.08.23 18
INFO:root:NO Tyranth 2009.08.23 16
INFO:root:NO Tyranth 2009.08.23 18
INFO:root:NO Loran 2009.08.15 16
INFO:root:NO Loran 2009.08.15 18
INFO:root:NO mariusmattheus 2009.08.15 16
INFO:root:NO mariusmattheus 2009.08.15 18
INFO:root:NO sammyblade 2009.08.29 16
INFO:root:NO sammyblade 2009.08.29 18
INFO:root:NO brickell 2009.08.28 16
INFO:root:NO brickell 2009.08.28 18
INFO:root:NO Mikemm 2009.08.28 16
INFO:root:NO Mikemm 2009.08.28 18
INFO:root:NO getit 2009.08.28 16
INFO:root:NO getit 2009.08.28 18
INFO:root:NO graphiboy 2009.10.21 16
INFO:root:NO graphiboy 2009.10.21 18
INFO:root:NO Dreamlight 2009.08.26 16
INFO:root:NO Dreamlight 2009.08.26 18
INFO:root:NO pendaggie 2009.10.23 16
INFO:root:NO pendaggie 2009.10.23 18
INFO:root:NO candries 2009.10.23 16
INFO:root:NO candries 2009.10.23 18
INFO:root:NO nathy 2009.10.23 16
INFO:root:NO nathy 2009.10.23 18
INFO:root:NO pmineirov 2009.10.23 16
INFO:root:NO pmineirov 2009.10.23 18
INFO:root:NO gobemouche 2009.10.16 16
INFO:root:NO gobemouche 2009.10.16 18
INFO:root:NO sandiren 2009.10.16 16
INFO:root:NO sandiren 2009.10.16 18
INFO:root:NO Demolishor 2009.10.11 16
INFO:root:NO Demolishor 2009.10.11 18
INFO:root:NO Kundeohmar 2009.10.11 16
INFO:root:NO Kundeohmar 2009.10.11 18
INFO:root:NO sigggih 2009.08.26 16
INFO:root:NO sigggih 2009.08.26 18
INFO:root:NO brickell 2009.08.25 16
INFO:root:NO brickell 2009.08.25 18
INFO:root:NO andrejas 2009.08.25 16
INFO:root:NO andrejas 2009.08.25 18
INFO:root:NO paderboots 2009.08.28 16
INFO:root:NO paderboots 2009.08.28 18
INFO:root:NO uetuseuu 2009.10.17 16
INFO:root:NO uetuseuu 2009.10.17 18
INFO:root:NO owzat 2009.10.17 16
INFO:root:NO owzat 2009.10.17 18
INFO:root:NO topherpalmtree 2009.10.13 16
INFO:root:NO topherpalmtree 2009.10.13 18
INFO:root:NO lowandbehold 2009.10.13 16
INFO:root:NO lowandbehold 2009.10.13 18
INFO:root:NO TheBlack 2009.10.21 16
INFO:root:NO TheBlack 2009.10.21 18
INFO:root:NO ElectronTheory 2009.10.11 16
INFO:root:NO ElectronTheory 2009.10.11 18
INFO:root:NO hautefoxx 2009.10.11 16
INFO:root:NO hautefoxx 2009.10.11 18
INFO:root:NO ElectronTheory 2009.10.10 16
INFO:root:NO ElectronTheory 2009.10.10 18
INFO:root:NO hautefoxx 2009.10.10 16
INFO:root:NO hautefoxx 2009.10.10 18
INFO:root:NO getit 2009.08.26 16
INFO:root:NO getit 2009.08.26 18
INFO:root:NO Kundeohmar 2009.10.09 16
INFO:root:NO Kundeohmar 2009.10.09 18
INFO:root:NO gobemouche 2009.10.09 16
INFO:root:NO gobemouche 2009.10.09 18
INFO:root:NO lowandbehold 2009.08.21 16
INFO:root:NO lowandbehold 2009.08.21 18
INFO:root:NO Bhunt 2009.08.21 16
INFO:root:NO Bhunt 2009.08.21 18
INFO:root:NO Musclorman 2009.08.20 16
INFO:root:NO Musclorman 2009.08.20 18
INFO:root:NO Ravacholsixneuf 2009.08.20 16
INFO:root:NO Ravacholsixneuf 2009.08.20 18
INFO:root:NO protoz 2009.10.10 16
INFO:root:NO protoz 2009.10.10 18
INFO:root:NO gobemouche 2009.10.10 16
INFO:root:NO gobemouche 2009.10.10 18
INFO:root:NO chagf 2009.10.20 16
INFO:root:NO chagf 2009.10.20 18
INFO:root:NO saipanislandboy 2009.10.20 16
INFO:root:NO saipanislandboy 2009.10.20 18
INFO:root:NO Mels 2009.08.26 16
INFO:root:NO Mels 2009.08.26 18
INFO:root:NO Loran 2009.10.09 16
INFO:root:NO Loran 2009.10.09 18
INFO:root:NO sandiren 2009.10.09 16
INFO:root:NO sandiren 2009.10.09 18
INFO:root:NO stota 2009.10.09 18
INFO:root:NO tramontane 2009.10.09 18
INFO:root:NO Hazardo 2009.10.20 16
INFO:root:NO Hazardo 2009.10.20 18
INFO:root:NO salona 2009.10.20 16
INFO:root:NO salona 2009.10.20 18
INFO:root:NO GMenBigBlue 2009.08.26 16
INFO:root:NO GMenBigBlue 2009.08.26 18
INFO:root:NO LaurentDelaon 2009.08.26 16
INFO:root:NO LaurentDelaon 2009.08.26 18
INFO:root:NO TheDancingQueen 2009.08.13 16
INFO:root:NO TheDancingQueen 2009.08.13 18
INFO:root:NO EvilQueen 2009.08.13 16
INFO:root:NO EvilQueen 2009.08.13 18
INFO:root:NO bialyhetman 2009.10.19 16
INFO:root:NO bialyhetman 2009.10.19 18
INFO:root:NO Loran 2009.10.19 16
INFO:root:NO Loran 2009.10.19 18
INFO:root:NO Bhunt 2009.08.24 16
INFO:root:NO Bhunt 2009.08.24 18
INFO:root:NO gobemouche 2009.08.25 16
INFO:root:NO gobemouche 2009.08.25 18
INFO:root:NO Hazardo 2009.08.25 16
INFO:root:NO Hazardo 2009.08.25 18
INFO:root:NO Hazardo 2009.08.20 16
INFO:root:NO Hazardo 2009.08.20 18
INFO:root:NO samoancharger 2009.08.20 16
INFO:root:NO samoancharger 2009.08.20 18
INFO:root:NO MasterBelch 2009.10.12 16
INFO:root:NO MasterBelch 2009.10.12 18
INFO:root:NO alonsofer 2009.08.26 16
INFO:root:NO alonsofer 2009.08.26 18
INFO:root:NO andrejas 2009.08.26 16
INFO:root:NO andrejas 2009.08.26 18
INFO:root:NO GaKK 2009.10.09 18
INFO:root:NO yuyoyu 2009.10.09 18
INFO:root:NO pinkbunny 2009.08.22 16
INFO:root:NO pinkbunny 2009.08.22 18
INFO:root:NO Tyranth 2009.08.22 16
INFO:root:NO Tyranth 2009.08.22 18
INFO:root:NO paderboots 2009.08.19 16
INFO:root:NO paderboots 2009.08.19 18
INFO:root:NO robbienorma 2009.08.19 16
INFO:root:NO robbienorma 2009.08.19 18
INFO:root:NO reframed 2009.08.13 16
INFO:root:NO reframed 2009.08.13 18
INFO:root:NO OSZCAR 2009.08.13 16
INFO:root:NO OSZCAR 2009.08.13 18
INFO:root:NO CHIMOL 2009.08.25 16
INFO:root:NO CHIMOL 2009.08.25 18
INFO:root:NO Bhunt 2009.08.25 16
INFO:root:NO Bhunt 2009.08.25 18
INFO:root:NO pinkbunny 2009.08.23 16
INFO:root:NO pinkbunny 2009.08.23 18
INFO:root:NO ktinfl 2009.08.23 16
INFO:root:NO ktinfl 2009.08.23 18
INFO:root:NO DaydreamXXI 2009.08.16 16
INFO:root:NO DaydreamXXI 2009.08.16 18
INFO:root:NO ElevatorJoe 2009.08.16 16
INFO:root:NO ElevatorJoe 2009.08.16 18
INFO:root:NO Loran 2009.10.07 16
INFO:root:NO Loran 2009.10.07 18
INFO:root:NO pinkbunny 2009.08.21 16
INFO:root:NO pinkbunny 2009.08.21 18
INFO:root:NO badstep 2009.08.21 16
INFO:root:NO badstep 2009.08.21 18
INFO:root:NO TheRedSkin 2009.10.07 16
INFO:root:NO TheRedSkin 2009.10.07 18
INFO:root:NO LaurentDelaon 2009.08.18 16
INFO:root:NO LaurentDelaon 2009.08.18 18
INFO:root:NO pinkbunny 2009.08.18 16
INFO:root:NO pinkbunny 2009.08.18 18
INFO:root:NO pinkbunny 2009.08.16 16
INFO:root:NO pinkbunny 2009.08.16 18
INFO:root:NO AlfredJ 2009.08.18 16
INFO:root:NO AlfredJ 2009.08.18 18
INFO:root:NO russkime 2009.08.18 16
INFO:root:NO russkime 2009.08.18 18
INFO:root:NO samoancharger 2009.08.16 16
INFO:root:NO samoancharger 2009.08.16 18
INFO:root:NO sospo 2009.08.21 16
INFO:root:NO sospo 2009.08.21 18
INFO:root:NO GMenBigBlue 2009.08.21 16
INFO:root:NO GMenBigBlue 2009.08.21 18
INFO:root:NO tdalex 2009.08.24 16
INFO:root:NO tdalex 2009.08.24 18
INFO:root:NO xSnakex 2009.08.24 16
INFO:root:NO xSnakex 2009.08.24 18
INFO:root:NO antharas 2009.10.07 16
INFO:root:NO antharas 2009.10.07 18
INFO:root:NO Xoppo 2009.08.17 16
INFO:root:NO Xoppo 2009.08.17 18
INFO:root:NO pinkbunny 2009.08.17 16
INFO:root:NO pinkbunny 2009.08.17 18
INFO:root:NO lowandbehold 2009.08.24 16
INFO:root:NO lowandbehold 2009.08.24 18
INFO:root:NO pinkbunny 2009.08.19 16
INFO:root:NO pinkbunny 2009.08.19 18
INFO:root:NO Bhunt 2009.08.19 16
INFO:root:NO Bhunt 2009.08.19 18
INFO:root:NO graystanley 2009.08.21 16
INFO:root:NO graystanley 2009.08.21 18
INFO:root:NO rylruler 2009.08.17 16
INFO:root:NO rylruler 2009.08.17 18
INFO:root:NO wildbeal 2009.08.17 16
INFO:root:NO wildbeal 2009.08.17 18
INFO:root:NO Hazardo 2009.08.24 16
INFO:root:NO Hazardo 2009.08.24 18
INFO:root:NO ANDYTASTIC 2009.08.17 16
INFO:root:NO ANDYTASTIC 2009.08.17 18
INFO:root:NO Booyens 2009.08.17 16
INFO:root:NO Booyens 2009.08.17 18
INFO:root:NO AlfredJ 2009.08.23 16
INFO:root:NO AlfredJ 2009.08.23 18
INFO:root:NO joulu 2009.08.24 16
INFO:root:NO joulu 2009.08.24 18
INFO:root:NO terminatordude 2009.08.17 16
INFO:root:NO terminatordude 2009.08.17 18
INFO:root:NO reframed 2009.08.19 16
INFO:root:NO reframed 2009.08.19 18
INFO:root:NO telepathetic 2009.08.13 16
INFO:root:NO telepathetic 2009.08.13 18
INFO:root:NO zqnzt 2009.06.28 16
INFO:root:NO zqnzt 2009.06.28 18
INFO:root:NO LeyZ 2009.06.28 16
INFO:root:NO LeyZ 2009.06.28 18
INFO:root:NO reframed 2009.08.20 16
INFO:root:NO reframed 2009.08.20 18
INFO:root:NO Hazardo 2009.08.19 16
INFO:root:NO Hazardo 2009.08.19 18
INFO:root:NO gobemouche 2009.08.19 16
INFO:root:NO gobemouche 2009.08.19 18
INFO:root:NO gobemouche 2009.08.18 16
INFO:root:NO gobemouche 2009.08.18 18
INFO:root:NO Hazardo 2009.08.18 16
INFO:root:NO Hazardo 2009.08.18 18
INFO:root:NO franzgabo 2009.08.24 16
INFO:root:NO franzgabo 2009.08.24 18
INFO:root:NO Hazardo 2009.08.21 16
INFO:root:NO Hazardo 2009.08.21 18
INFO:root:NO smalldreams 2009.08.16 16
INFO:root:NO smalldreams 2009.08.16 18
INFO:root:NO TheDancingQueen 2009.08.12 16
INFO:root:NO TheDancingQueen 2009.08.12 18
INFO:root:NO EvilQueen 2009.08.12 16
INFO:root:NO EvilQueen 2009.08.12 18
INFO:root:NO sigggih 2009.08.22 16
INFO:root:NO sigggih 2009.08.22 18
INFO:root:NO brickell 2009.08.21 16
INFO:root:NO brickell 2009.08.21 18
INFO:root:NO ANDYTASTIC 2009.08.19 16
INFO:root:NO ANDYTASTIC 2009.08.19 18
INFO:root:NO lousychess 2009.08.17 16
INFO:root:NO lousychess 2009.08.17 18
INFO:root:NO DeanMartin 2009.08.18 16
INFO:root:NO DeanMartin 2009.08.18 18
INFO:root:NO TheDancingQueen 2009.08.14 16
INFO:root:NO TheDancingQueen 2009.08.14 18
INFO:root:NO JHennessey 2009.08.14 16
INFO:root:NO JHennessey 2009.08.14 18
INFO:root:NO Admirn 2009.08.16 16
INFO:root:NO Admirn 2009.08.16 18
INFO:root:NO jewhouse 2009.08.16 16
INFO:root:NO jewhouse 2009.08.16 18
INFO:root:NO smalldreams 2009.08.17 16
INFO:root:NO smalldreams 2009.08.17 18
INFO:root:NO MrFrogees 2009.08.12 16
INFO:root:NO MrFrogees 2009.08.12 18
INFO:root:NO chrcoluk 2009.08.12 16
INFO:root:NO chrcoluk 2009.08.12 18
INFO:root:NO Bhunt 2009.08.14 16
INFO:root:NO Bhunt 2009.08.14 18
INFO:root:NO Hazardo 2009.08.14 16
INFO:root:NO Hazardo 2009.08.14 18
INFO:root:NO Kleppi 2009.08.13 16
INFO:root:NO Kleppi 2009.08.13 18
INFO:root:NO aixrad 2009.08.13 16
INFO:root:NO aixrad 2009.08.13 18
INFO:root:NO rylruler 2009.08.13 16
INFO:root:NO rylruler 2009.08.13 18
INFO:root:NO ElevatorJoe 2009.08.13 16
INFO:root:NO ElevatorJoe 2009.08.13 18
INFO:root:NO lucasdawn 2009.08.16 16
INFO:root:NO lucasdawn 2009.08.16 18
INFO:root:NO ANDYTASTIC 2009.08.16 16
INFO:root:NO ANDYTASTIC 2009.08.16 18
INFO:root:NO EvilQueen 2009.08.14 16
INFO:root:NO EvilQueen 2009.08.14 18
INFO:root:NO HareBrain 2009.08.13 16
INFO:root:NO HareBrain 2009.08.13 18
