INFO:root:NO mipsparc 2008.07.28 16
INFO:root:NO mipsparc 2008.07.28 18
INFO:root:NO lacceroswaldo 2008.07.28 16
INFO:root:NO lacceroswaldo 2008.07.28 18
INFO:root:NO bdbailey 2008.07.24 16
INFO:root:NO bdbailey 2008.07.24 18
INFO:root:NO TheSexyKid 2008.07.24 16
INFO:root:NO TheSexyKid 2008.07.24 18
INFO:root:NO Kyobutungi 2008.07.05 16
INFO:root:NO Kyobutungi 2008.07.05 18
INFO:root:NO tfrio 2008.07.05 16
INFO:root:NO tfrio 2008.07.05 18
INFO:root:NO attilanino 2008.07.31 16
INFO:root:NO attilanino 2008.07.31 18
INFO:root:NO drstu 2008.07.31 16
INFO:root:NO drstu 2008.07.31 18
INFO:root:NO nryan 2008.07.21 16
INFO:root:NO nryan 2008.07.21 18
INFO:root:NO NaraShikamaru 2008.07.21 16
INFO:root:NO NaraShikamaru 2008.07.21 18
INFO:root:NO lacceroswaldo 2008.06.23 16
INFO:root:NO lacceroswaldo 2008.06.23 18
INFO:root:NO mipsparc 2008.06.23 16
INFO:root:NO mipsparc 2008.06.23 18
INFO:root:NO scygrav 2008.06.15 16
INFO:root:NO scygrav 2008.06.15 18
INFO:root:NO sspcleber 2008.06.15 16
INFO:root:NO sspcleber 2008.06.15 18
INFO:root:NO DDJ 2008.07.26 16
INFO:root:NO DDJ 2008.07.26 18
INFO:root:NO drkris 2008.07.26 16
INFO:root:NO drkris 2008.07.26 18
INFO:root:NO Gabimo 2008.07.15 16
INFO:root:NO Gabimo 2008.07.15 18
INFO:root:NO mbbane 2008.07.15 16
INFO:root:NO mbbane 2008.07.15 18
INFO:root:NO LaurentDelaon 2008.07.09 16
INFO:root:NO LaurentDelaon 2008.07.09 18
INFO:root:NO Scumm 2008.07.09 16
INFO:root:NO Scumm 2008.07.09 18
INFO:root:NO pumpbuster 2008.07.31 16
INFO:root:NO pumpbuster 2008.07.31 18
INFO:root:NO isntheaqt 2008.07.31 16
INFO:root:NO isntheaqt 2008.07.31 18
INFO:root:NO NaraShikamaru 2008.07.13 16
INFO:root:NO NaraShikamaru 2008.07.13 18
INFO:root:NO kigger 2008.07.13 16
INFO:root:NO kigger 2008.07.13 18
INFO:root:NO mbranimir 2008.07.05 16
INFO:root:NO mbranimir 2008.07.05 18
INFO:root:NO sspcleber 2008.07.05 16
INFO:root:NO sspcleber 2008.07.05 18
INFO:root:NO VOnegin 2008.06.05 16
INFO:root:NO VOnegin 2008.06.05 18
INFO:root:NO KarimNicho 2008.06.05 16
INFO:root:NO KarimNicho 2008.06.05 18
INFO:root:NO MalcaReborn 2008.07.25 16
INFO:root:NO MalcaReborn 2008.07.25 18
INFO:root:NO DEDEE 2008.07.25 16
INFO:root:NO DEDEE 2008.07.25 18
INFO:root:NO JabZ 2008.07.14 16
INFO:root:NO JabZ 2008.07.14 18
INFO:root:NO sspcleber 2008.07.14 16
INFO:root:NO sspcleber 2008.07.14 18
INFO:root:NO tabbykt 2008.07.05 16
INFO:root:NO tabbykt 2008.07.05 18
INFO:root:NO DEDEE 2008.07.05 16
INFO:root:NO DEDEE 2008.07.05 18
INFO:root:NO sspcleber 2008.06.28 16
INFO:root:NO sspcleber 2008.06.28 18
INFO:root:NO Simplicus 2008.06.28 16
INFO:root:NO Simplicus 2008.06.28 18
INFO:root:NO achieve 2008.05.28 16
INFO:root:NO achieve 2008.05.28 18
INFO:root:NO simmito 2008.05.28 16
INFO:root:NO simmito 2008.05.28 18
INFO:root:NO arsalanbaig 2008.07.25 16
INFO:root:NO arsalanbaig 2008.07.25 18
INFO:root:NO sspcleber 2008.07.21 16
INFO:root:NO sspcleber 2008.07.21 18
INFO:root:NO qpn 2008.07.03 16
INFO:root:NO qpn 2008.07.03 18
INFO:root:NO JonEG 2008.07.03 16
INFO:root:NO JonEG 2008.07.03 18
INFO:root:NO mjwadams 2008.07.26 16
INFO:root:NO mjwadams 2008.07.26 18
INFO:root:NO laksen 2008.07.26 16
INFO:root:NO laksen 2008.07.26 18
INFO:root:NO vetteboy 2008.07.23 16
INFO:root:NO vetteboy 2008.07.23 18
INFO:root:NO NaraShikamaru 2008.07.23 16
INFO:root:NO NaraShikamaru 2008.07.23 18
INFO:root:NO LaurentDelaon 2008.06.27 16
INFO:root:NO LaurentDelaon 2008.06.27 18
INFO:root:NO tabbykt 2008.06.27 16
INFO:root:NO tabbykt 2008.06.27 18
INFO:root:NO RICHARDEUR 2008.05.30 16
INFO:root:NO RICHARDEUR 2008.05.30 18
INFO:root:NO bandicot 2008.05.30 16
INFO:root:NO bandicot 2008.05.30 18
INFO:root:NO zenmate 2008.07.27 16
INFO:root:NO zenmate 2008.07.27 18
INFO:root:NO madjoe 2008.07.27 16
INFO:root:NO madjoe 2008.07.27 18
INFO:root:NO krishnak 2008.07.22 16
INFO:root:NO krishnak 2008.07.22 18
INFO:root:NO pmineiro 2008.07.22 16
INFO:root:NO pmineiro 2008.07.22 18
INFO:root:NO LaurentDelaon 2008.06.09 16
INFO:root:NO LaurentDelaon 2008.06.09 18
INFO:root:NO bandicot 2008.06.09 16
INFO:root:NO bandicot 2008.06.09 18
INFO:root:NO bandicot 2008.05.29 16
INFO:root:NO bandicot 2008.05.29 18
INFO:root:NO mAsTERpEE 2008.05.29 16
INFO:root:NO mAsTERpEE 2008.05.29 18
INFO:root:NO lowball 2008.04.22 16
INFO:root:NO lowball 2008.04.22 18
INFO:root:NO LaurentDelaon 2008.04.22 16
INFO:root:NO LaurentDelaon 2008.04.22 18
INFO:root:NO DEDEE 2008.04.19 16
INFO:root:NO DEDEE 2008.04.19 18
INFO:root:NO ChessWurgen 2008.04.19 16
INFO:root:NO ChessWurgen 2008.04.19 18
INFO:root:NO themoor 2008.04.22 16
INFO:root:NO themoor 2008.04.22 18
INFO:root:NO DaveMiddled 2008.04.22 16
INFO:root:NO DaveMiddled 2008.04.22 18
INFO:root:NO Belane 2008.04.15 16
INFO:root:NO Belane 2008.04.15 18
INFO:root:NO Philipck 2008.04.15 16
INFO:root:NO Philipck 2008.04.15 18
INFO:root:NO SKUMARKOPPALA 2008.04.09 16
INFO:root:NO SKUMARKOPPALA 2008.04.09 18
INFO:root:NO karcal 2008.04.09 16
INFO:root:NO karcal 2008.04.09 18
INFO:root:NO MalcaReborn 2008.07.26 18
INFO:root:NO tfrio 2008.07.14 16
INFO:root:NO tfrio 2008.07.14 18
INFO:root:NO skydvr 2008.07.14 16
INFO:root:NO skydvr 2008.07.14 18
INFO:root:NO pendaggie 2008.06.29 16
INFO:root:NO pendaggie 2008.06.29 18
INFO:root:NO pumpbuster 2008.06.29 16
INFO:root:NO pumpbuster 2008.06.29 18
INFO:root:NO LaurentDelaon 2008.06.12 16
INFO:root:NO LaurentDelaon 2008.06.12 18
INFO:root:NO CHESSDONK 2008.06.12 16
INFO:root:NO CHESSDONK 2008.06.12 18
INFO:root:NO LaurentDelaon 2008.05.27 16
INFO:root:NO LaurentDelaon 2008.05.27 18
INFO:root:NO bandicot 2008.05.27 16
INFO:root:NO bandicot 2008.05.27 18
INFO:root:NO dtrasatti 2008.05.25 16
INFO:root:NO dtrasatti 2008.05.25 18
INFO:root:NO ogbornd 2008.05.25 16
INFO:root:NO ogbornd 2008.05.25 18
INFO:root:NO HerveRenault 2008.04.29 18
INFO:root:NO DaveMiddled 2008.04.29 18
INFO:root:NO jasonmyerss 2008.07.31 16
INFO:root:NO jasonmyerss 2008.07.31 18
INFO:root:NO theonejanitor 2008.07.31 16
INFO:root:NO theonejanitor 2008.07.31 18
INFO:root:NO sspcleber 2008.07.17 16
INFO:root:NO sspcleber 2008.07.17 18
INFO:root:NO JabZ 2008.07.17 16
INFO:root:NO JabZ 2008.07.17 18
INFO:root:NO tabbykt 2008.07.29 16
INFO:root:NO tabbykt 2008.07.29 18
INFO:root:NO Liisa 2008.07.29 16
INFO:root:NO Liisa 2008.07.29 18
INFO:root:NO tabbykt 2008.07.07 16
INFO:root:NO tabbykt 2008.07.07 18
INFO:root:NO krishnak 2008.07.07 16
INFO:root:NO krishnak 2008.07.07 18
INFO:root:NO lacceroswaldo 2008.07.27 18
INFO:root:NO tfrio 2008.07.27 18
INFO:root:NO mipsparc 2008.06.18 16
INFO:root:NO mipsparc 2008.06.18 18
INFO:root:NO lacceroswaldo 2008.06.18 16
INFO:root:NO lacceroswaldo 2008.06.18 18
INFO:root:NO mipsparc 2008.06.15 16
INFO:root:NO mipsparc 2008.06.15 18
INFO:root:NO lacceroswaldo 2008.06.15 16
INFO:root:NO lacceroswaldo 2008.06.15 18
INFO:root:NO vannman 2008.07.18 16
INFO:root:NO vannman 2008.07.18 18
INFO:root:NO chrisdill 2008.07.18 16
INFO:root:NO chrisdill 2008.07.18 18
INFO:root:NO pumpbuster 2008.07.15 16
INFO:root:NO pumpbuster 2008.07.15 18
INFO:root:NO isntheaqt 2008.07.15 16
INFO:root:NO isntheaqt 2008.07.15 18
INFO:root:NO AndyKG 2008.07.08 16
INFO:root:NO AndyKG 2008.07.08 18
INFO:root:NO sspcleber 2008.07.08 16
INFO:root:NO sspcleber 2008.07.08 18
INFO:root:NO paulgrahi 2008.06.25 16
INFO:root:NO paulgrahi 2008.06.25 18
INFO:root:NO sspcleber 2008.06.25 16
INFO:root:NO sspcleber 2008.06.25 18
INFO:root:NO avorenus 2008.07.25 16
INFO:root:NO avorenus 2008.07.25 18
INFO:root:NO sspcleber 2008.07.25 16
INFO:root:NO sspcleber 2008.07.25 18
INFO:root:NO laksen 2008.07.13 16
INFO:root:NO laksen 2008.07.13 18
INFO:root:NO TheMightyOne 2008.07.10 16
INFO:root:NO TheMightyOne 2008.07.10 18
INFO:root:NO tabbykt 2008.07.10 16
INFO:root:NO tabbykt 2008.07.10 18
INFO:root:NO bellumnonpax 2008.07.23 16
INFO:root:NO bellumnonpax 2008.07.23 18
INFO:root:NO Dancinchess 2008.06.20 16
INFO:root:NO Dancinchess 2008.06.20 18
INFO:root:NO Atlante 2008.06.20 16
INFO:root:NO Atlante 2008.06.20 18
INFO:root:NO KaiserPawn 2008.06.18 16
INFO:root:NO KaiserPawn 2008.06.18 18
INFO:root:NO flpcosta 2008.06.18 16
INFO:root:NO flpcosta 2008.06.18 18
INFO:root:NO bandicot 2008.06.03 16
INFO:root:NO bandicot 2008.06.03 18
INFO:root:NO YVN 2008.06.03 16
INFO:root:NO YVN 2008.06.03 18
INFO:root:NO PBLegion 2008.05.27 16
INFO:root:NO PBLegion 2008.05.27 18
INFO:root:NO Androidkenny 2008.05.27 16
INFO:root:NO Androidkenny 2008.05.27 18
INFO:root:NO tfrio 2008.05.12 16
INFO:root:NO tfrio 2008.05.12 18
INFO:root:NO MXseptimus 2008.05.12 16
INFO:root:NO MXseptimus 2008.05.12 18
INFO:root:NO BrunoPereira 2008.05.09 16
INFO:root:NO BrunoPereira 2008.05.09 18
INFO:root:NO cinex 2008.05.09 16
INFO:root:NO cinex 2008.05.09 18
INFO:root:NO TiredofLosing 2008.07.22 18
INFO:root:NO lacceroswaldo 2008.06.16 16
INFO:root:NO lacceroswaldo 2008.06.16 18
INFO:root:NO mipsparc 2008.06.16 16
INFO:root:NO mipsparc 2008.06.16 18
INFO:root:NO Lucanus 2008.07.20 16
INFO:root:NO Lucanus 2008.07.20 18
INFO:root:NO psychotronic 2008.07.20 16
INFO:root:NO psychotronic 2008.07.20 18
INFO:root:NO lacceroswaldo 2008.07.04 16
INFO:root:NO lacceroswaldo 2008.07.04 18
INFO:root:NO mipsparc 2008.07.04 16
INFO:root:NO mipsparc 2008.07.04 18
INFO:root:NO tabbykt 2008.06.30 16
INFO:root:NO tabbykt 2008.06.30 18
INFO:root:NO gerassi 2008.06.30 16
INFO:root:NO gerassi 2008.06.30 18
INFO:root:NO poos 2008.05.28 16
INFO:root:NO poos 2008.05.28 18
INFO:root:NO sspcleber 2008.05.28 16
INFO:root:NO sspcleber 2008.05.28 18
INFO:root:NO paulfallet 2008.05.03 16
INFO:root:NO paulfallet 2008.05.03 18
INFO:root:NO SAVAGEPLAYA 2008.05.03 16
INFO:root:NO SAVAGEPLAYA 2008.05.03 18
INFO:root:NO isntheaqt 2008.07.17 16
INFO:root:NO isntheaqt 2008.07.17 18
INFO:root:NO pumpbuster 2008.07.17 16
INFO:root:NO pumpbuster 2008.07.17 18
INFO:root:NO Derbentli 2008.05.30 16
INFO:root:NO Derbentli 2008.05.30 18
INFO:root:NO KaiserPawn 2008.05.30 16
INFO:root:NO KaiserPawn 2008.05.30 18
INFO:root:NO Leonidovich 2008.07.23 16
INFO:root:NO Leonidovich 2008.07.23 18
INFO:root:NO MianMy 2008.07.23 16
INFO:root:NO MianMy 2008.07.23 18
INFO:root:NO mbranimir 2008.07.03 16
INFO:root:NO mbranimir 2008.07.03 18
INFO:root:NO mupdegrove 2008.07.03 16
INFO:root:NO mupdegrove 2008.07.03 18
INFO:root:NO DEDEE 2008.05.19 16
INFO:root:NO DEDEE 2008.05.19 18
INFO:root:NO kreukels 2008.05.19 16
INFO:root:NO kreukels 2008.05.19 18
INFO:root:NO chessrazz 2008.07.05 16
INFO:root:NO chessrazz 2008.07.05 18
INFO:root:NO philsolness 2008.06.23 16
INFO:root:NO philsolness 2008.06.23 18
INFO:root:NO DEDEE 2008.06.23 16
INFO:root:NO DEDEE 2008.06.23 18
INFO:root:NO kreukels 2008.06.16 16
INFO:root:NO kreukels 2008.06.16 18
INFO:root:NO redtube 2008.06.16 16
INFO:root:NO redtube 2008.06.16 18
INFO:root:NO LaurentDelaon 2008.06.13 16
INFO:root:NO LaurentDelaon 2008.06.13 18
INFO:root:NO Kyujoo 2008.06.13 16
INFO:root:NO Kyujoo 2008.06.13 18
INFO:root:NO dukemono 2008.05.29 16
INFO:root:NO dukemono 2008.05.29 18
INFO:root:NO tfrio 2008.06.15 16
INFO:root:NO tfrio 2008.06.15 18
INFO:root:NO FranckFabozi 2008.06.15 16
INFO:root:NO FranckFabozi 2008.06.15 18
INFO:root:NO pendaggie 2008.06.07 16
INFO:root:NO pendaggie 2008.06.07 18
INFO:root:NO MELUCHA 2008.06.07 16
INFO:root:NO MELUCHA 2008.06.07 18
INFO:root:NO KarimNicho 2008.06.06 16
INFO:root:NO KarimNicho 2008.06.06 18
INFO:root:NO mjwadams 2008.06.06 16
INFO:root:NO mjwadams 2008.06.06 18
INFO:root:NO SkietSkijf 2008.06.14 16
INFO:root:NO SkietSkijf 2008.06.14 18
INFO:root:NO SviSe 2008.06.14 16
INFO:root:NO SviSe 2008.06.14 18
INFO:root:NO santai 2008.06.02 16
INFO:root:NO santai 2008.06.02 18
INFO:root:NO bandicot 2008.06.02 16
INFO:root:NO bandicot 2008.06.02 18
INFO:root:NO bongocat 2008.05.09 16
INFO:root:NO bongocat 2008.05.09 18
INFO:root:NO deckedm 2008.05.09 16
INFO:root:NO deckedm 2008.05.09 18
INFO:root:NO tomerzarfaty 2008.04.21 16
INFO:root:NO tomerzarfaty 2008.04.21 18
INFO:root:NO ifalou 2008.04.21 16
INFO:root:NO ifalou 2008.04.21 18
INFO:root:NO metallichristian 2008.06.06 16
INFO:root:NO metallichristian 2008.06.06 18
INFO:root:NO santai 2008.06.06 16
INFO:root:NO santai 2008.06.06 18
INFO:root:NO bcoffield 2008.06.18 16
INFO:root:NO bcoffield 2008.06.18 18
INFO:root:NO paulgrahi 2008.06.18 16
INFO:root:NO paulgrahi 2008.06.18 18
INFO:root:NO paperchasdvincent 2008.05.24 16
INFO:root:NO paperchasdvincent 2008.05.24 18
INFO:root:NO smaiurana 2008.05.24 16
INFO:root:NO smaiurana 2008.05.24 18
INFO:root:NO MXseptimus 2008.04.18 16
INFO:root:NO MXseptimus 2008.04.18 18
INFO:root:NO bangs 2008.04.18 16
INFO:root:NO bangs 2008.04.18 18
INFO:root:NO tomerzarfaty 2008.04.08 16
INFO:root:NO tomerzarfaty 2008.04.08 18
INFO:root:NO lynnyx 2008.04.08 16
INFO:root:NO lynnyx 2008.04.08 18
INFO:root:NO FranckFabozi 2008.06.11 16
INFO:root:NO FranckFabozi 2008.06.11 18
INFO:root:NO jaelaw 2008.06.11 16
INFO:root:NO jaelaw 2008.06.11 18
INFO:root:NO KaiserPawn 2008.06.04 16
INFO:root:NO KaiserPawn 2008.06.04 18
INFO:root:NO StanGetz 2008.06.04 16
INFO:root:NO StanGetz 2008.06.04 18
INFO:root:NO KarimNicho 2008.05.31 16
INFO:root:NO KarimNicho 2008.05.31 18
INFO:root:NO jywhe 2008.05.31 16
INFO:root:NO jywhe 2008.05.31 18
INFO:root:NO simmito 2008.05.21 16
INFO:root:NO simmito 2008.05.21 18
INFO:root:NO achieve 2008.05.21 16
INFO:root:NO achieve 2008.05.21 18
INFO:root:NO Birgie 2008.06.06 16
INFO:root:NO Birgie 2008.06.06 18
INFO:root:NO tabbykt 2008.06.06 16
INFO:root:NO tabbykt 2008.06.06 18
INFO:root:NO poos 2008.06.03 16
INFO:root:NO poos 2008.06.03 18
INFO:root:NO LaurentDelaon 2008.06.03 16
INFO:root:NO LaurentDelaon 2008.06.03 18
INFO:root:NO Philipck 2008.05.26 16
INFO:root:NO Philipck 2008.05.26 18
INFO:root:NO bandicot 2008.05.26 16
INFO:root:NO bandicot 2008.05.26 18
INFO:root:NO IanRedding 2008.05.13 16
INFO:root:NO IanRedding 2008.05.13 18
INFO:root:NO Derbentli 2008.05.13 16
INFO:root:NO Derbentli 2008.05.13 18
INFO:root:NO wangzhewudi 2008.05.07 16
INFO:root:NO wangzhewudi 2008.05.07 18
INFO:root:NO deckedm 2008.05.07 16
INFO:root:NO deckedm 2008.05.07 18
INFO:root:NO sneakypawn 2008.04.09 16
INFO:root:NO sneakypawn 2008.04.09 18
INFO:root:NO Baro 2008.04.09 16
INFO:root:NO Baro 2008.04.09 18
INFO:root:NO BrunoPereira 2008.05.12 16
INFO:root:NO BrunoPereira 2008.05.12 18
INFO:root:NO breachy 2008.05.12 16
INFO:root:NO breachy 2008.05.12 18
INFO:root:NO Zhoss 2008.05.07 16
INFO:root:NO Zhoss 2008.05.07 18
INFO:root:NO ChessWurgen 2008.05.07 16
INFO:root:NO ChessWurgen 2008.05.07 18
INFO:root:NO vishavnathan 2008.04.10 16
INFO:root:NO vishavnathan 2008.04.10 18
INFO:root:NO JSGill 2008.04.10 16
INFO:root:NO JSGill 2008.04.10 18
INFO:root:NO achieve 2008.04.01 16
INFO:root:NO achieve 2008.04.01 18
INFO:root:NO simmito 2008.04.01 16
INFO:root:NO simmito 2008.04.01 18
INFO:root:NO zhoujin 2008.05.12 16
INFO:root:NO zhoujin 2008.05.12 18
INFO:root:NO thestephanea 2008.05.12 16
INFO:root:NO thestephanea 2008.05.12 18
INFO:root:NO BDJ 2008.04.19 16
INFO:root:NO BDJ 2008.04.19 18
INFO:root:NO Derbentli 2008.04.19 16
INFO:root:NO Derbentli 2008.04.19 18
INFO:root:NO josoma 2008.04.03 16
INFO:root:NO josoma 2008.04.03 18
INFO:root:NO DaveMiddled 2008.04.03 16
INFO:root:NO DaveMiddled 2008.04.03 18
INFO:root:NO ziggylucy 2008.05.12 16
INFO:root:NO ziggylucy 2008.05.12 18
INFO:root:NO Dwaiosez 2008.05.08 16
INFO:root:NO Dwaiosez 2008.05.08 18
INFO:root:NO BrunoPereira 2008.05.08 16
INFO:root:NO BrunoPereira 2008.05.08 18
INFO:root:NO DEDEE 2008.04.21 16
INFO:root:NO DEDEE 2008.04.21 18
INFO:root:NO lynnyx 2008.04.21 16
INFO:root:NO lynnyx 2008.04.21 18
INFO:root:NO lowball 2008.04.18 16
INFO:root:NO lowball 2008.04.18 18
INFO:root:NO DEDEE 2008.04.18 16
INFO:root:NO DEDEE 2008.04.18 18
INFO:root:NO themoor 2008.04.24 16
INFO:root:NO themoor 2008.04.24 18
INFO:root:NO DaveMiddled 2008.04.24 16
INFO:root:NO DaveMiddled 2008.04.24 18
INFO:root:NO Peroble 2008.04.19 16
INFO:root:NO Peroble 2008.04.19 18
INFO:root:NO dcook 2008.04.19 16
INFO:root:NO dcook 2008.04.19 18
INFO:root:NO simmito 2008.05.07 16
INFO:root:NO simmito 2008.05.07 18
INFO:root:NO achieve 2008.05.07 16
INFO:root:NO achieve 2008.05.07 18
INFO:root:NO IsoraGaby 2008.04.26 16
INFO:root:NO IsoraGaby 2008.04.26 18
INFO:root:NO alderius 2008.04.26 16
INFO:root:NO alderius 2008.04.26 18
INFO:root:NO Atlante 2008.04.27 16
INFO:root:NO Atlante 2008.04.27 18
INFO:root:NO MXseptimus 2008.04.27 16
INFO:root:NO MXseptimus 2008.04.27 18
INFO:root:NO lowball 2008.04.19 16
INFO:root:NO lowball 2008.04.19 18
INFO:root:NO psychodiez 2008.04.19 16
INFO:root:NO psychodiez 2008.04.19 18
INFO:root:NO TastyTreatForKids 2008.04.25 16
INFO:root:NO TastyTreatForKids 2008.04.25 18
INFO:root:NO DEDEE 2008.04.25 16
INFO:root:NO DEDEE 2008.04.25 18
INFO:root:NO lowball 2008.04.20 16
INFO:root:NO lowball 2008.04.20 18
INFO:root:NO sevenohnine 2008.04.20 16
INFO:root:NO sevenohnine 2008.04.20 18
INFO:root:NO Tribune 2008.04.12 16
INFO:root:NO Tribune 2008.04.12 18
INFO:root:NO paato 2008.04.12 16
INFO:root:NO paato 2008.04.12 18
INFO:root:NO DaveMiddled 2008.04.16 16
INFO:root:NO DaveMiddled 2008.04.16 18
INFO:root:NO sharpempathy 2008.04.16 16
INFO:root:NO sharpempathy 2008.04.16 18
INFO:root:NO MXseptimus 2008.04.21 18
INFO:root:NO azertyman 2008.04.08 16
INFO:root:NO azertyman 2008.04.08 18
INFO:root:NO jinbu 2008.04.08 16
INFO:root:NO jinbu 2008.04.08 18
INFO:root:NO osymo 2008.04.19 16
INFO:root:NO osymo 2008.04.19 18
INFO:root:NO seanwickham 2008.04.12 16
INFO:root:NO seanwickham 2008.04.12 18
INFO:root:NO arcticnegro 2008.04.12 16
INFO:root:NO arcticnegro 2008.04.12 18
INFO:root:NO aussiebattler 2008.04.12 16
INFO:root:NO aussiebattler 2008.04.12 18
INFO:root:NO chessup 2008.04.12 16
INFO:root:NO chessup 2008.04.12 18
INFO:root:NO johnsacko 2008.04.02 16
INFO:root:NO johnsacko 2008.04.02 18
INFO:root:NO Dszudszak 2008.04.02 16
INFO:root:NO Dszudszak 2008.04.02 18
INFO:root:NO THEREALVONBLUVENS 2008.04.14 16
INFO:root:NO THEREALVONBLUVENS 2008.04.14 18
INFO:root:NO Dreamlight 2008.04.14 16
INFO:root:NO Dreamlight 2008.04.14 18
INFO:root:NO DEDEE 2008.04.02 16
INFO:root:NO DEDEE 2008.04.02 18
INFO:root:NO lynnyx 2008.04.02 16
INFO:root:NO lynnyx 2008.04.02 18
INFO:root:NO vetteboy 2008.03.21 16
INFO:root:NO vetteboy 2008.03.21 18
INFO:root:NO josoma 2008.03.21 16
INFO:root:NO josoma 2008.03.21 18
INFO:root:NO ddurden 2008.04.13 16
INFO:root:NO ddurden 2008.04.13 18
INFO:root:NO DaveMiddled 2008.04.13 16
INFO:root:NO DaveMiddled 2008.04.13 18
INFO:root:NO vishavnathan 2008.04.04 16
INFO:root:NO vishavnathan 2008.04.04 18
INFO:root:NO tfrio 2008.04.04 16
INFO:root:NO tfrio 2008.04.04 18
INFO:root:NO chessup 2008.03.29 16
INFO:root:NO chessup 2008.03.29 18
INFO:root:NO vetteboy 2008.03.29 16
INFO:root:NO vetteboy 2008.03.29 18
INFO:root:NO JPUng 2008.04.05 16
INFO:root:NO JPUng 2008.04.05 18
INFO:root:NO princy 2008.04.05 16
INFO:root:NO princy 2008.04.05 18
INFO:root:NO johnsacko 2008.03.17 16
INFO:root:NO johnsacko 2008.03.17 18
INFO:root:NO jhnd 2008.03.17 16
INFO:root:NO jhnd 2008.03.17 18
INFO:root:NO ScottieD 2008.02.06 16
INFO:root:NO ScottieD 2008.02.06 18
INFO:root:NO Whipsnapper 2008.02.06 16
INFO:root:NO Whipsnapper 2008.02.06 18
INFO:root:NO vetteboy 2008.04.13 16
INFO:root:NO vetteboy 2008.04.13 18
INFO:root:NO paato 2008.04.13 16
INFO:root:NO paato 2008.04.13 18
INFO:root:NO Krikke 2008.04.13 16
INFO:root:NO Krikke 2008.04.13 18
INFO:root:NO savis 2008.04.12 16
INFO:root:NO savis 2008.04.12 18
INFO:root:NO achieve 2008.04.08 16
INFO:root:NO achieve 2008.04.08 18
INFO:root:NO simmito 2008.04.08 16
INFO:root:NO simmito 2008.04.08 18
INFO:root:NO Daimonion 2008.04.05 16
INFO:root:NO Daimonion 2008.04.05 18
INFO:root:NO TheTrooper 2008.04.12 16
INFO:root:NO TheTrooper 2008.04.12 18
INFO:root:NO bangs 2008.04.12 16
INFO:root:NO bangs 2008.04.12 18
INFO:root:NO JPUng 2008.04.06 16
INFO:root:NO JPUng 2008.04.06 18
INFO:root:NO amenophis 2008.04.06 16
INFO:root:NO amenophis 2008.04.06 18
INFO:root:NO ChrisAtkinson 2008.04.12 16
INFO:root:NO ChrisAtkinson 2008.04.12 18
INFO:root:NO badbadman 2008.04.12 16
INFO:root:NO badbadman 2008.04.12 18
INFO:root:NO Temppeliaukio 2008.03.30 16
INFO:root:NO Temppeliaukio 2008.03.30 18
INFO:root:NO lynnyx 2008.03.30 16
INFO:root:NO lynnyx 2008.03.30 18
INFO:root:NO Temppeliaukio 2008.03.26 16
INFO:root:NO Temppeliaukio 2008.03.26 18
INFO:root:NO gnavarro 2008.03.26 16
INFO:root:NO gnavarro 2008.03.26 18
INFO:root:NO aitmedallal 2008.03.15 16
INFO:root:NO aitmedallal 2008.03.15 18
INFO:root:NO heychee 2008.03.15 16
INFO:root:NO heychee 2008.03.15 18
INFO:root:NO Temppeliaukio 2008.03.14 16
INFO:root:NO Temppeliaukio 2008.03.14 18
INFO:root:NO DaveMiddled 2008.03.14 16
INFO:root:NO DaveMiddled 2008.03.14 18
INFO:root:NO simmito 2008.03.11 16
INFO:root:NO simmito 2008.03.11 18
INFO:root:NO achieve 2008.03.11 16
INFO:root:NO achieve 2008.03.11 18
INFO:root:NO seanwickham 2008.04.06 16
INFO:root:NO seanwickham 2008.04.06 18
INFO:root:NO achieve 2008.04.06 16
INFO:root:NO achieve 2008.04.06 18
INFO:root:NO Temppeliaukio 2008.03.28 16
INFO:root:NO Temppeliaukio 2008.03.28 18
INFO:root:NO lazysusan 2008.03.28 16
INFO:root:NO lazysusan 2008.03.28 18
INFO:root:NO princy 2008.03.12 16
INFO:root:NO princy 2008.03.12 18
INFO:root:NO DaveMiddled 2008.03.12 16
INFO:root:NO DaveMiddled 2008.03.12 18
INFO:root:NO princy 2008.03.16 16
INFO:root:NO princy 2008.03.16 18
INFO:root:NO kodra 2008.03.16 16
INFO:root:NO kodra 2008.03.16 18
INFO:root:NO seanwickham 2008.03.09 16
INFO:root:NO seanwickham 2008.03.09 18
INFO:root:NO markssixtyfour 2008.03.09 16
INFO:root:NO markssixtyfour 2008.03.09 18
INFO:root:NO vetteboy 2008.03.30 16
INFO:root:NO vetteboy 2008.03.30 18
INFO:root:NO jasperpalmer 2008.03.28 16
INFO:root:NO jasperpalmer 2008.03.28 18
INFO:root:NO achieve 2008.02.26 16
INFO:root:NO achieve 2008.02.26 18
INFO:root:NO simmito 2008.02.26 16
INFO:root:NO simmito 2008.02.26 18
INFO:root:NO RandyMc 2008.02.20 16
INFO:root:NO RandyMc 2008.02.20 18
INFO:root:NO JohnWinthrop 2008.02.20 16
INFO:root:NO JohnWinthrop 2008.02.20 18
INFO:root:NO DINOCO 2008.02.15 16
INFO:root:NO DINOCO 2008.02.15 18
INFO:root:NO Artmachine 2008.02.15 16
INFO:root:NO Artmachine 2008.02.15 18
INFO:root:NO Nielow 2008.03.31 16
INFO:root:NO Nielow 2008.03.31 18
INFO:root:NO tfrio 2008.03.31 16
INFO:root:NO tfrio 2008.03.31 18
INFO:root:NO Scumm 2008.03.21 16
INFO:root:NO Scumm 2008.03.21 18
INFO:root:NO Krikke 2008.03.21 16
INFO:root:NO Krikke 2008.03.21 18
INFO:root:NO gfransp 2008.03.14 16
INFO:root:NO gfransp 2008.03.14 18
INFO:root:NO henrikx 2008.03.14 16
INFO:root:NO henrikx 2008.03.14 18
INFO:root:NO xxxyyyxxx 2008.04.06 16
INFO:root:NO xxxyyyxxx 2008.04.06 18
INFO:root:NO HerveRenault 2008.04.06 16
INFO:root:NO HerveRenault 2008.04.06 18
INFO:root:NO Krikke 2008.03.25 16
INFO:root:NO Krikke 2008.03.25 18
INFO:root:NO DaveMiddled 2008.03.25 16
INFO:root:NO DaveMiddled 2008.03.25 18
INFO:root:NO fattylumpkin 2008.04.01 16
INFO:root:NO fattylumpkin 2008.04.01 18
INFO:root:NO tfrio 2008.04.01 16
INFO:root:NO tfrio 2008.04.01 18
INFO:root:NO Temppeliaukio 2008.03.10 16
INFO:root:NO Temppeliaukio 2008.03.10 18
INFO:root:NO Marcellov 2008.03.10 16
INFO:root:NO Marcellov 2008.03.10 18
INFO:root:NO saturnine 2008.03.13 16
INFO:root:NO saturnine 2008.03.13 18
INFO:root:NO thestephanea 2008.03.13 16
INFO:root:NO thestephanea 2008.03.13 18
INFO:root:NO DHamm 2008.03.04 16
INFO:root:NO DHamm 2008.03.04 18
INFO:root:NO WhiteSide 2008.03.04 16
INFO:root:NO WhiteSide 2008.03.04 18
INFO:root:NO ydankner 2008.02.21 16
INFO:root:NO ydankner 2008.02.21 18
INFO:root:NO johnsacko 2008.02.21 16
INFO:root:NO johnsacko 2008.02.21 18
INFO:root:NO Rules 2008.03.30 16
INFO:root:NO Rules 2008.03.30 18
INFO:root:NO chessup 2008.03.25 16
INFO:root:NO chessup 2008.03.25 18
INFO:root:NO bongocat 2008.03.25 16
INFO:root:NO bongocat 2008.03.25 18
INFO:root:NO johnsacko 2008.03.24 16
INFO:root:NO johnsacko 2008.03.24 18
INFO:root:NO uberkind 2008.03.24 16
INFO:root:NO uberkind 2008.03.24 18
INFO:root:NO MrPresto 2008.03.30 18
INFO:root:NO aussiebattler 2008.03.25 16
INFO:root:NO aussiebattler 2008.03.25 18
INFO:root:NO Dszudszak 2008.03.24 16
INFO:root:NO Dszudszak 2008.03.24 18
INFO:root:NO JScottDaBoss 2008.03.31 16
INFO:root:NO JScottDaBoss 2008.03.31 18
INFO:root:NO tfrio 2008.03.24 16
INFO:root:NO tfrio 2008.03.24 18
INFO:root:NO direita 2008.04.04 16
INFO:root:NO direita 2008.04.04 18
INFO:root:NO bongocat 2008.04.04 16
INFO:root:NO bongocat 2008.04.04 18
INFO:root:NO achieve 2008.03.25 16
INFO:root:NO achieve 2008.03.25 18
INFO:root:NO simmito 2008.03.25 16
INFO:root:NO simmito 2008.03.25 18
INFO:root:NO salius 2008.03.25 16
INFO:root:NO salius 2008.03.25 18
INFO:root:NO lynnyx 2008.03.25 16
INFO:root:NO lynnyx 2008.03.25 18
INFO:root:NO Temppeliaukio 2008.03.27 16
INFO:root:NO Temppeliaukio 2008.03.27 18
INFO:root:NO JScottDaBoss 2008.03.27 16
INFO:root:NO JScottDaBoss 2008.03.27 18
INFO:root:NO lynnyx 2008.03.24 16
INFO:root:NO lynnyx 2008.03.24 18
INFO:root:NO JohnWinthrop 2008.03.02 16
INFO:root:NO JohnWinthrop 2008.03.02 18
INFO:root:NO DHamm 2008.03.02 16
INFO:root:NO DHamm 2008.03.02 18
INFO:root:NO lynnyx 2008.03.20 16
INFO:root:NO lynnyx 2008.03.20 18
INFO:root:NO DEDEE 2008.03.20 16
INFO:root:NO DEDEE 2008.03.20 18
INFO:root:NO phenin 2008.03.15 16
INFO:root:NO phenin 2008.03.15 18
INFO:root:NO DaveMiddled 2008.03.15 16
INFO:root:NO DaveMiddled 2008.03.15 18
INFO:root:NO jinbu 2008.03.15 16
INFO:root:NO jinbu 2008.03.15 18
INFO:root:NO Bodegroes 2008.03.15 16
INFO:root:NO Bodegroes 2008.03.15 18
INFO:root:NO nerdzrool 2008.03.06 16
INFO:root:NO nerdzrool 2008.03.06 18
INFO:root:NO DHamm 2008.03.06 16
INFO:root:NO DHamm 2008.03.06 18
INFO:root:NO PlainsDrifter 2008.03.04 16
INFO:root:NO PlainsDrifter 2008.03.04 18
INFO:root:NO NobleBlade 2008.03.04 16
INFO:root:NO NobleBlade 2008.03.04 18
INFO:root:NO subramanyamn 2008.03.01 16
INFO:root:NO subramanyamn 2008.03.01 18
INFO:root:NO yackal 2008.03.01 16
INFO:root:NO yackal 2008.03.01 18
INFO:root:NO Artmachine 2008.03.21 16
INFO:root:NO Artmachine 2008.03.21 18
INFO:root:NO Lucidity 2008.03.21 16
INFO:root:NO Lucidity 2008.03.21 18
INFO:root:NO Dreamlight 2008.03.20 16
INFO:root:NO Dreamlight 2008.03.20 18
INFO:root:NO colonelcam 2008.03.20 16
INFO:root:NO colonelcam 2008.03.20 18
INFO:root:NO dewie 2008.03.19 16
INFO:root:NO dewie 2008.03.19 18
INFO:root:NO hebrewbrain 2008.03.19 16
INFO:root:NO hebrewbrain 2008.03.19 18
INFO:root:NO DEDEE 2008.03.21 16
INFO:root:NO DEDEE 2008.03.21 18
INFO:root:NO jhnd 2008.03.21 16
INFO:root:NO jhnd 2008.03.21 18
INFO:root:NO stabinandmoley 2008.03.18 16
INFO:root:NO stabinandmoley 2008.03.18 18
INFO:root:NO Dszudszak 2008.03.18 16
INFO:root:NO Dszudszak 2008.03.18 18
INFO:root:NO bigdawgdude 2008.03.06 16
INFO:root:NO bigdawgdude 2008.03.06 18
INFO:root:NO princy 2008.03.06 16
INFO:root:NO princy 2008.03.06 18
INFO:root:NO DHamm 2008.03.13 16
INFO:root:NO DHamm 2008.03.13 18
INFO:root:NO colonelcam 2008.03.05 16
INFO:root:NO colonelcam 2008.03.05 18
INFO:root:NO theridge 2008.03.05 16
INFO:root:NO theridge 2008.03.05 18
INFO:root:NO cameronbra 2008.03.17 16
INFO:root:NO cameronbra 2008.03.17 18
INFO:root:NO achieve 2008.02.16 16
INFO:root:NO achieve 2008.02.16 18
INFO:root:NO whitestarrnyc 2008.02.16 16
INFO:root:NO whitestarrnyc 2008.02.16 18
INFO:root:NO JohnWinthrop 2008.03.14 16
INFO:root:NO JohnWinthrop 2008.03.14 18
INFO:root:NO zhouzhou 2008.03.14 16
INFO:root:NO zhouzhou 2008.03.14 18
INFO:root:NO gfransp 2008.03.10 16
INFO:root:NO gfransp 2008.03.10 18
INFO:root:NO stabinandmoley 2008.03.10 16
INFO:root:NO stabinandmoley 2008.03.10 18
INFO:root:NO simmito 2008.03.18 16
INFO:root:NO simmito 2008.03.18 18
INFO:root:NO achieve 2008.03.18 16
INFO:root:NO achieve 2008.03.18 18
INFO:root:NO yackal 2008.03.03 16
INFO:root:NO yackal 2008.03.03 18
INFO:root:NO moibeatle 2008.03.03 16
INFO:root:NO moibeatle 2008.03.03 18
INFO:root:NO vetteboy 2008.03.17 16
INFO:root:NO vetteboy 2008.03.17 18
INFO:root:NO mikelee 2008.03.17 16
INFO:root:NO mikelee 2008.03.17 18
INFO:root:NO lynnyx 2008.03.18 16
INFO:root:NO lynnyx 2008.03.18 18
INFO:root:NO sdormeus 2008.03.18 16
INFO:root:NO sdormeus 2008.03.18 18
INFO:root:NO seanwickham 2008.03.13 16
INFO:root:NO seanwickham 2008.03.13 18
INFO:root:NO Temppeliaukio 2008.03.13 16
INFO:root:NO Temppeliaukio 2008.03.13 18
INFO:root:NO nerdzrool 2008.03.10 16
INFO:root:NO nerdzrool 2008.03.10 18
INFO:root:NO waxmatiwaxmati 2008.03.10 16
INFO:root:NO waxmatiwaxmati 2008.03.10 18
INFO:root:NO frankpid 2008.03.06 16
INFO:root:NO frankpid 2008.03.06 18
INFO:root:NO Caduceus 2008.03.06 16
INFO:root:NO Caduceus 2008.03.06 18
INFO:root:NO maravich 2008.02.25 16
INFO:root:NO maravich 2008.02.25 18
INFO:root:NO WhiteSide 2008.02.25 16
INFO:root:NO WhiteSide 2008.02.25 18
INFO:root:NO FollyFrog 2008.02.24 16
INFO:root:NO FollyFrog 2008.02.24 18
INFO:root:NO yackal 2008.02.24 16
INFO:root:NO yackal 2008.02.24 18
INFO:root:NO lesterjack 2008.03.10 16
INFO:root:NO lesterjack 2008.03.10 18
INFO:root:NO Krikke 2008.03.10 16
INFO:root:NO Krikke 2008.03.10 18
INFO:root:NO louiswei 2008.03.03 16
INFO:root:NO louiswei 2008.03.03 18
INFO:root:NO Shatranzi 2008.03.03 16
INFO:root:NO Shatranzi 2008.03.03 18
INFO:root:NO drunkenmonkey 2008.02.15 16
INFO:root:NO drunkenmonkey 2008.02.15 18
INFO:root:NO WhiteSide 2008.02.15 16
INFO:root:NO WhiteSide 2008.02.15 18
INFO:root:NO DEDEE 2008.02.11 16
INFO:root:NO DEDEE 2008.02.11 18
INFO:root:NO SanderDee 2008.02.11 16
INFO:root:NO SanderDee 2008.02.11 18
INFO:root:NO viaaurea 2008.03.03 16
INFO:root:NO viaaurea 2008.03.03 18
INFO:root:NO Chrisasdf 2008.03.03 16
INFO:root:NO Chrisasdf 2008.03.03 18
INFO:root:NO moibeatle 2008.03.05 16
INFO:root:NO moibeatle 2008.03.05 18
INFO:root:NO waxmatiwaxmati 2008.03.05 16
INFO:root:NO waxmatiwaxmati 2008.03.05 18
INFO:root:NO louiswei 2008.03.05 18
INFO:root:NO johnsacko 2008.03.02 16
INFO:root:NO johnsacko 2008.03.02 18
INFO:root:NO vetteboy 2008.03.02 16
INFO:root:NO vetteboy 2008.03.02 18
INFO:root:NO nelb 2008.02.19 16
INFO:root:NO nelb 2008.02.19 18
INFO:root:NO DHamm 2008.02.19 16
INFO:root:NO DHamm 2008.02.19 18
INFO:root:NO Krikke 2008.02.29 16
INFO:root:NO Krikke 2008.02.29 18
INFO:root:NO kyleelhs 2008.02.29 16
INFO:root:NO kyleelhs 2008.02.29 18
INFO:root:NO lpalossy 2008.02.21 16
INFO:root:NO lpalossy 2008.02.21 18
INFO:root:NO nelb 2008.03.04 16
INFO:root:NO nelb 2008.03.04 18
INFO:root:NO Temppeliaukio 2008.03.04 16
INFO:root:NO Temppeliaukio 2008.03.04 18
INFO:root:NO johnsacko 2008.02.17 16
INFO:root:NO johnsacko 2008.02.17 18
INFO:root:NO Bottledwater 2008.02.17 16
INFO:root:NO Bottledwater 2008.02.17 18
INFO:root:NO WhiteSide 2008.02.08 16
INFO:root:NO WhiteSide 2008.02.08 18
INFO:root:NO mattbarber 2008.02.08 16
INFO:root:NO mattbarber 2008.02.08 18
INFO:root:NO thebrickwall 2008.01.09 16
INFO:root:NO thebrickwall 2008.01.09 18
INFO:root:NO louiswei 2008.01.09 16
INFO:root:NO louiswei 2008.01.09 18
INFO:root:NO SanderDee 2008.02.29 16
INFO:root:NO SanderDee 2008.02.29 18
INFO:root:NO Aeroplanes 2008.02.29 16
INFO:root:NO Aeroplanes 2008.02.29 18
INFO:root:NO moibeatle 2008.03.04 16
INFO:root:NO moibeatle 2008.03.04 18
INFO:root:NO stabinandmoley 2008.03.04 16
INFO:root:NO stabinandmoley 2008.03.04 18
INFO:root:NO paperchasdvincent 2008.01.01 16
INFO:root:NO paperchasdvincent 2008.01.01 18
INFO:root:NO Artmachine 2008.01.01 16
INFO:root:NO Artmachine 2008.01.01 18
INFO:root:NO pendaggie 2008.02.15 16
INFO:root:NO pendaggie 2008.02.15 18
INFO:root:NO stabinandmoley 2008.02.15 16
INFO:root:NO stabinandmoley 2008.02.15 18
INFO:root:NO FollyFrog 2008.02.23 16
INFO:root:NO FollyFrog 2008.02.23 18
INFO:root:NO mray 2008.02.23 16
INFO:root:NO mray 2008.02.23 18
INFO:root:NO DHamm 2008.02.23 16
INFO:root:NO DHamm 2008.02.23 18
INFO:root:NO Krikke 2008.02.23 16
INFO:root:NO Krikke 2008.02.23 18
INFO:root:NO markssixtyfour 2008.02.25 16
INFO:root:NO markssixtyfour 2008.02.25 18
INFO:root:NO johnsacko 2008.02.25 16
INFO:root:NO johnsacko 2008.02.25 18
INFO:root:NO FollyFrog 2008.02.22 16
INFO:root:NO FollyFrog 2008.02.22 18
INFO:root:NO yackal 2008.02.22 16
INFO:root:NO yackal 2008.02.22 18
INFO:root:NO zhouzhou 2008.02.25 16
INFO:root:NO zhouzhou 2008.02.25 18
INFO:root:NO paperchasdvincent 2008.02.25 16
INFO:root:NO paperchasdvincent 2008.02.25 18
INFO:root:NO achieve 2008.02.22 16
INFO:root:NO achieve 2008.02.22 18
INFO:root:NO mray 2008.02.22 16
INFO:root:NO mray 2008.02.22 18
INFO:root:NO johnsacko 2008.02.15 16
INFO:root:NO johnsacko 2008.02.15 18
INFO:root:NO KINGRICH 2008.02.20 16
INFO:root:NO KINGRICH 2008.02.20 18
INFO:root:NO Chuckccac 2008.02.19 16
INFO:root:NO Chuckccac 2008.02.19 18
INFO:root:NO RandyMc 2008.02.19 16
INFO:root:NO RandyMc 2008.02.19 18
INFO:root:NO vascobimbo 2008.01.24 16
INFO:root:NO vascobimbo 2008.01.24 18
INFO:root:NO HammandClov 2008.01.24 16
INFO:root:NO HammandClov 2008.01.24 18
INFO:root:NO LaurentDelaon 2008.02.18 16
INFO:root:NO LaurentDelaon 2008.02.18 18
INFO:root:NO johnsacko 2008.02.18 16
INFO:root:NO johnsacko 2008.02.18 18
INFO:root:NO WhiteSide 2008.02.17 16
INFO:root:NO WhiteSide 2008.02.17 18
INFO:root:NO louiswei 2008.02.07 16
INFO:root:NO louiswei 2008.02.07 18
INFO:root:NO Krikke 2008.02.07 16
INFO:root:NO Krikke 2008.02.07 18
INFO:root:NO colinman 2008.02.07 16
INFO:root:NO colinman 2008.02.07 18
INFO:root:NO Whipsnapper 2008.02.07 16
INFO:root:NO Whipsnapper 2008.02.07 18
INFO:root:NO Aydo 2008.02.17 16
INFO:root:NO Aydo 2008.02.17 18
INFO:root:NO johnsacko 2008.02.23 16
INFO:root:NO johnsacko 2008.02.23 18
INFO:root:NO bangs 2008.03.01 16
INFO:root:NO bangs 2008.03.01 18
INFO:root:NO PlainsDrifter 2008.03.01 16
INFO:root:NO PlainsDrifter 2008.03.01 18
INFO:root:NO JohnWinthrop 2008.02.19 16
INFO:root:NO JohnWinthrop 2008.02.19 18
INFO:root:NO achieve 2008.02.19 16
INFO:root:NO achieve 2008.02.19 18
INFO:root:NO FollyFrog 2008.02.20 16
INFO:root:NO FollyFrog 2008.02.20 18
INFO:root:NO mray 2008.02.20 16
INFO:root:NO mray 2008.02.20 18
INFO:root:NO sdormeus 2008.02.16 16
INFO:root:NO sdormeus 2008.02.16 18
INFO:root:NO SanderDee 2008.02.16 16
INFO:root:NO SanderDee 2008.02.16 18
INFO:root:NO LarryLido 2008.02.19 16
INFO:root:NO LarryLido 2008.02.19 18
INFO:root:NO dewie 2008.02.16 16
INFO:root:NO dewie 2008.02.16 18
INFO:root:NO heychee 2008.02.16 16
INFO:root:NO heychee 2008.02.16 18
INFO:root:NO Caduceus 2008.01.22 16
INFO:root:NO Caduceus 2008.01.22 18
INFO:root:NO frankpid 2008.01.22 16
INFO:root:NO frankpid 2008.01.22 18
INFO:root:NO emorej 2008.02.04 16
INFO:root:NO emorej 2008.02.04 18
INFO:root:NO JBChessPontchat 2008.02.04 16
INFO:root:NO JBChessPontchat 2008.02.04 18
INFO:root:NO rockyspirit 2008.02.14 16
INFO:root:NO rockyspirit 2008.02.14 18
INFO:root:NO NPAV 2008.02.14 16
INFO:root:NO NPAV 2008.02.14 18
INFO:root:NO DHamm 2008.02.20 16
INFO:root:NO DHamm 2008.02.20 18
INFO:root:NO johnsacko 2008.02.20 16
INFO:root:NO johnsacko 2008.02.20 18
INFO:root:NO HammandClov 2008.02.01 16
INFO:root:NO HammandClov 2008.02.01 18
INFO:root:NO stabinandmoley 2008.02.01 16
INFO:root:NO stabinandmoley 2008.02.01 18
INFO:root:NO shoving 2008.01.24 16
INFO:root:NO shoving 2008.01.24 18
INFO:root:NO RandyMc 2008.02.13 16
INFO:root:NO RandyMc 2008.02.13 18
INFO:root:NO stabinandmoley 2008.02.13 16
INFO:root:NO stabinandmoley 2008.02.13 18
INFO:root:NO Staindone 2008.02.08 16
INFO:root:NO Staindone 2008.02.08 18
INFO:root:NO Klewein 2008.02.08 16
INFO:root:NO Klewein 2008.02.08 18
INFO:root:NO shoving 2008.01.22 16
INFO:root:NO shoving 2008.01.22 18
INFO:root:NO louiswei 2008.01.22 16
INFO:root:NO louiswei 2008.01.22 18
INFO:root:NO Turbotank 2008.01.09 16
INFO:root:NO Turbotank 2008.01.09 18
INFO:root:NO onetwothreebob 2008.02.07 16
INFO:root:NO onetwothreebob 2008.02.07 18
INFO:root:NO achieve 2008.01.19 16
INFO:root:NO achieve 2008.01.19 18
INFO:root:NO DHamm 2008.01.19 16
INFO:root:NO DHamm 2008.01.19 18
INFO:root:NO kugatz 2008.01.10 16
INFO:root:NO kugatz 2008.01.10 18
INFO:root:NO thebrickwall 2008.01.10 16
INFO:root:NO thebrickwall 2008.01.10 18
INFO:root:NO nirt 2008.02.12 16
INFO:root:NO nirt 2008.02.12 18
INFO:root:NO jdlibbey 2008.02.12 16
INFO:root:NO jdlibbey 2008.02.12 18
INFO:root:NO arifabesha 2008.01.24 16
INFO:root:NO arifabesha 2008.01.24 18
INFO:root:NO DINOCO 2008.01.24 16
INFO:root:NO DINOCO 2008.01.24 18
INFO:root:NO ephraimhanks 2008.01.09 16
INFO:root:NO ephraimhanks 2008.01.09 18
INFO:root:NO DINOCO 2008.01.12 16
INFO:root:NO DINOCO 2008.01.12 18
INFO:root:NO BurtForFun 2008.01.12 16
INFO:root:NO BurtForFun 2008.01.12 18
INFO:root:NO thebrickwall 2008.01.02 18
INFO:root:NO paperchasdvincent 2008.01.02 18
INFO:root:NO TJPOT 2008.01.28 16
INFO:root:NO TJPOT 2008.01.28 18
INFO:root:NO aresquibel 2008.01.28 16
INFO:root:NO aresquibel 2008.01.28 18
INFO:root:NO Kayode 2008.02.01 16
INFO:root:NO Kayode 2008.02.01 18
INFO:root:NO ckchessmaster 2008.02.07 16
INFO:root:NO ckchessmaster 2008.02.07 18
INFO:root:NO WhiteSide 2008.02.07 16
INFO:root:NO WhiteSide 2008.02.07 18
INFO:root:NO arcarsenal 2008.02.01 16
INFO:root:NO arcarsenal 2008.02.01 18
INFO:root:NO aresquibel 2008.02.01 16
INFO:root:NO aresquibel 2008.02.01 18
INFO:root:NO JBChessPontchat 2008.01.29 16
INFO:root:NO JBChessPontchat 2008.01.29 18
INFO:root:NO Caledonian 2008.01.29 16
INFO:root:NO Caledonian 2008.01.29 18
INFO:root:NO kfrumDABAY 2008.01.08 16
INFO:root:NO kfrumDABAY 2008.01.08 18
INFO:root:NO thebrickwall 2008.01.08 16
INFO:root:NO thebrickwall 2008.01.08 18
INFO:root:NO HammandClov 2008.01.31 16
INFO:root:NO HammandClov 2008.01.31 18
INFO:root:NO rockyspirit 2008.01.31 16
INFO:root:NO rockyspirit 2008.01.31 18
INFO:root:NO badsilva 2008.01.28 16
INFO:root:NO badsilva 2008.01.28 18
INFO:root:NO zhouzhou 2008.01.28 16
INFO:root:NO zhouzhou 2008.01.28 18
INFO:root:NO paperchasdvincent 2008.01.12 16
INFO:root:NO paperchasdvincent 2008.01.12 18
INFO:root:NO thebrickwall 2008.01.12 16
INFO:root:NO thebrickwall 2008.01.12 18
INFO:root:NO jdlibbey 2008.02.08 16
INFO:root:NO jdlibbey 2008.02.08 18
INFO:root:NO Artmachine 2008.02.08 16
INFO:root:NO Artmachine 2008.02.08 18
INFO:root:NO chadmhall 2008.01.12 16
INFO:root:NO chadmhall 2008.01.12 18
INFO:root:NO prodigiousbusines 2008.01.26 16
INFO:root:NO prodigiousbusines 2008.01.26 18
INFO:root:NO Whipsnapper 2008.01.26 16
INFO:root:NO Whipsnapper 2008.01.26 18
INFO:root:NO frankpid 2008.01.09 16
INFO:root:NO frankpid 2008.01.09 18
INFO:root:NO wackum 2008.01.05 16
INFO:root:NO wackum 2008.01.05 18
INFO:root:NO ippat 2008.01.05 16
INFO:root:NO ippat 2008.01.05 18
INFO:root:NO Bottledwater 2008.02.11 16
INFO:root:NO Bottledwater 2008.02.11 18
INFO:root:NO DINOCO 2008.02.11 16
INFO:root:NO DINOCO 2008.02.11 18
INFO:root:NO ippat 2008.01.19 16
INFO:root:NO ippat 2008.01.19 18
INFO:root:NO Raicore 2008.01.30 18
INFO:root:NO luoyun 2008.01.30 18
INFO:root:NO kfrumDABAY 2008.01.09 16
INFO:root:NO kfrumDABAY 2008.01.09 18
INFO:root:NO jinbu 2008.01.24 16
INFO:root:NO jinbu 2008.01.24 18
INFO:root:NO aleksthegreat 2008.01.24 16
INFO:root:NO aleksthegreat 2008.01.24 18
INFO:root:NO luoyun 2008.01.14 16
INFO:root:NO luoyun 2008.01.14 18
INFO:root:NO paperchasdvincent 2008.01.14 16
INFO:root:NO paperchasdvincent 2008.01.14 18
INFO:root:NO prodigiousbusines 2008.01.12 16
INFO:root:NO prodigiousbusines 2008.01.12 18
INFO:root:NO grsshppr 2008.01.27 18
INFO:root:NO skix 2008.01.27 18
INFO:root:NO jokersplay 2008.01.02 16
INFO:root:NO jokersplay 2008.01.02 18
INFO:root:NO TimoK 2008.01.02 16
INFO:root:NO TimoK 2008.01.02 18
INFO:root:NO DINOCO 2008.01.07 16
INFO:root:NO DINOCO 2008.01.07 18
INFO:root:NO sevenohnine 2008.01.07 16
INFO:root:NO sevenohnine 2008.01.07 18
INFO:root:NO frankpid 2008.01.02 18
INFO:root:NO DINOCO 2008.01.10 16
INFO:root:NO DINOCO 2008.01.10 18
INFO:root:NO sevenohnine 2008.01.10 16
INFO:root:NO sevenohnine 2008.01.10 18
INFO:root:NO thebrickwall 2008.01.01 16
INFO:root:NO thebrickwall 2008.01.01 18
INFO:root:NO buddhajuke 2008.01.02 16
INFO:root:NO buddhajuke 2008.01.02 18
INFO:root:NO Doragon 2008.01.02 16
INFO:root:NO Doragon 2008.01.02 18
INFO:root:NO Artmachine 2008.01.05 16
INFO:root:NO Artmachine 2008.01.05 18
INFO:root:NO PinkClimax 2008.01.05 16
INFO:root:NO PinkClimax 2008.01.05 18
INFO:root:NO pmineiro 2008.09.07 16
INFO:root:NO pmineiro 2008.09.07 18
INFO:root:NO achieve 2008.09.07 16
INFO:root:NO achieve 2008.09.07 18
INFO:root:NO mipsparc 2008.08.24 16
INFO:root:NO mipsparc 2008.08.24 18
INFO:root:NO lacceroswaldo 2008.08.24 16
INFO:root:NO lacceroswaldo 2008.08.24 18
INFO:root:NO lacceroswaldo 2008.08.20 16
INFO:root:NO lacceroswaldo 2008.08.20 18
INFO:root:NO mipsparc 2008.08.20 16
INFO:root:NO mipsparc 2008.08.20 18
INFO:root:NO lacceroswaldo 2008.08.14 16
INFO:root:NO lacceroswaldo 2008.08.14 18
INFO:root:NO mipsparc 2008.08.14 16
INFO:root:NO mipsparc 2008.08.14 18
INFO:root:NO mipsparc 2008.09.02 16
INFO:root:NO mipsparc 2008.09.02 18
INFO:root:NO lacceroswaldo 2008.09.02 16
INFO:root:NO lacceroswaldo 2008.09.02 18
INFO:root:NO pendaggie 2008.08.23 16
INFO:root:NO pendaggie 2008.08.23 18
INFO:root:NO Erlanson 2008.08.23 16
INFO:root:NO Erlanson 2008.08.23 18
INFO:root:NO mipsparc 2008.09.03 16
INFO:root:NO mipsparc 2008.09.03 18
INFO:root:NO lacceroswaldo 2008.09.03 16
INFO:root:NO lacceroswaldo 2008.09.03 18
INFO:root:NO lacceroswaldo 2008.08.12 16
INFO:root:NO lacceroswaldo 2008.08.12 18
INFO:root:NO mipsparc 2008.08.12 16
INFO:root:NO mipsparc 2008.08.12 18
INFO:root:NO ozslap 2008.09.04 16
INFO:root:NO ozslap 2008.09.04 18
INFO:root:NO mbbane 2008.09.04 16
INFO:root:NO mbbane 2008.09.04 18
INFO:root:NO marearoja 2008.09.03 16
INFO:root:NO marearoja 2008.09.03 18
INFO:root:NO Mladenovic 2008.09.03 16
INFO:root:NO Mladenovic 2008.09.03 18
INFO:root:NO SGTMAJUSMC 2008.08.24 16
INFO:root:NO SGTMAJUSMC 2008.08.24 18
INFO:root:NO TheRedHood 2008.08.24 16
INFO:root:NO TheRedHood 2008.08.24 18
INFO:root:NO JooBoo 2008.08.20 16
INFO:root:NO JooBoo 2008.08.20 18
INFO:root:NO marearoja 2008.08.20 16
INFO:root:NO marearoja 2008.08.20 18
INFO:root:NO mipsparc 2008.08.11 16
INFO:root:NO mipsparc 2008.08.11 18
INFO:root:NO lacceroswaldo 2008.08.11 16
INFO:root:NO lacceroswaldo 2008.08.11 18
INFO:root:NO dockson 2008.08.23 16
INFO:root:NO dockson 2008.08.23 18
INFO:root:NO oldchessbook 2008.08.23 16
INFO:root:NO oldchessbook 2008.08.23 18
INFO:root:NO lacceroswaldo 2008.08.18 16
INFO:root:NO lacceroswaldo 2008.08.18 18
INFO:root:NO mipsparc 2008.08.18 16
INFO:root:NO mipsparc 2008.08.18 18
INFO:root:NO lacceroswaldo 2008.08.15 16
INFO:root:NO lacceroswaldo 2008.08.15 18
INFO:root:NO mipsparc 2008.08.15 16
INFO:root:NO mipsparc 2008.08.15 18
INFO:root:NO Skribble 2008.08.18 16
INFO:root:NO Skribble 2008.08.18 18
INFO:root:NO MianMy 2008.08.18 16
INFO:root:NO MianMy 2008.08.18 18
INFO:root:NO sambang 2008.08.08 16
INFO:root:NO sambang 2008.08.08 18
INFO:root:NO bhAmco 2008.08.08 16
INFO:root:NO bhAmco 2008.08.08 18
INFO:root:NO Silias 2008.12.29 16
INFO:root:NO Silias 2008.12.29 18
INFO:root:NO nicksun 2008.12.29 16
INFO:root:NO nicksun 2008.12.29 18
INFO:root:NO JabZ 2008.08.17 16
INFO:root:NO JabZ 2008.08.17 18
INFO:root:NO zqnzt 2008.08.17 16
INFO:root:NO zqnzt 2008.08.17 18
INFO:root:NO lacceroswaldo 2008.08.10 16
INFO:root:NO lacceroswaldo 2008.08.10 18
INFO:root:NO mipsparc 2008.08.10 16
INFO:root:NO mipsparc 2008.08.10 18
INFO:root:NO zqnzt 2008.08.24 16
INFO:root:NO zqnzt 2008.08.24 18
INFO:root:NO Oriontwelve 2008.08.24 16
INFO:root:NO Oriontwelve 2008.08.24 18
INFO:root:NO zqnzt 2008.08.20 16
INFO:root:NO zqnzt 2008.08.20 18
INFO:root:NO JabZ 2008.08.20 16
INFO:root:NO JabZ 2008.08.20 18
INFO:root:NO madjoe 2008.08.08 16
INFO:root:NO madjoe 2008.08.08 18
INFO:root:NO theonejanitor 2008.08.08 16
INFO:root:NO theonejanitor 2008.08.08 18
INFO:root:NO marearoja 2008.08.19 16
INFO:root:NO marearoja 2008.08.19 18
INFO:root:NO JabZ 2008.08.19 16
INFO:root:NO JabZ 2008.08.19 18
INFO:root:NO drinkwater 2008.08.01 16
INFO:root:NO drinkwater 2008.08.01 18
INFO:root:NO zqnzt 2008.08.01 16
INFO:root:NO zqnzt 2008.08.01 18
INFO:root:NO SGTMAJUSMC 2008.08.30 16
INFO:root:NO SGTMAJUSMC 2008.08.30 18
INFO:root:NO MianMy 2008.08.30 16
INFO:root:NO MianMy 2008.08.30 18
INFO:root:NO SGTMAJUSMC 2008.08.23 16
INFO:root:NO SGTMAJUSMC 2008.08.23 18
INFO:root:NO darkkknight 2008.08.23 16
INFO:root:NO darkkknight 2008.08.23 18
INFO:root:NO kanderson 2008.08.07 16
INFO:root:NO kanderson 2008.08.07 18
INFO:root:NO viqous 2008.08.07 16
INFO:root:NO viqous 2008.08.07 18
INFO:root:NO Skribble 2008.08.23 16
INFO:root:NO Skribble 2008.08.23 18
INFO:root:NO NaraShikamaru 2008.08.23 16
INFO:root:NO NaraShikamaru 2008.08.23 18
INFO:root:NO lacceroswaldo 2008.08.06 16
INFO:root:NO lacceroswaldo 2008.08.06 18
INFO:root:NO mipsparc 2008.08.06 16
INFO:root:NO mipsparc 2008.08.06 18
INFO:root:NO Ghirlando 2008.08.14 16
INFO:root:NO Ghirlando 2008.08.14 18
INFO:root:NO oldchessbook 2008.08.14 16
INFO:root:NO oldchessbook 2008.08.14 18
INFO:root:NO NaraShikamaru 2008.08.11 16
INFO:root:NO NaraShikamaru 2008.08.11 18
INFO:root:NO Lucanus 2008.08.11 16
INFO:root:NO Lucanus 2008.08.11 18
INFO:root:NO takatsugu 2008.08.08 16
INFO:root:NO takatsugu 2008.08.08 18
INFO:root:NO Sinickas 2008.08.08 16
INFO:root:NO Sinickas 2008.08.08 18
INFO:root:NO Nicdog 2008.08.01 16
INFO:root:NO Nicdog 2008.08.01 18
INFO:root:NO fishmasters 2008.12.26 16
INFO:root:NO fishmasters 2008.12.26 18
INFO:root:NO MohanGH 2008.12.26 16
INFO:root:NO MohanGH 2008.12.26 18
INFO:root:NO Scrios 2008.08.17 16
INFO:root:NO Scrios 2008.08.17 18
INFO:root:NO Shagmaster 2008.12.23 16
INFO:root:NO Shagmaster 2008.12.23 18
INFO:root:NO calexander 2008.12.23 16
INFO:root:NO calexander 2008.12.23 18
INFO:root:NO sanavabitch 2008.08.17 16
INFO:root:NO sanavabitch 2008.08.17 18
INFO:root:NO madjoe 2008.08.17 16
INFO:root:NO madjoe 2008.08.17 18
INFO:root:NO Skribble 2008.08.15 16
INFO:root:NO Skribble 2008.08.15 18
INFO:root:NO KimN 2008.08.15 16
INFO:root:NO KimN 2008.08.15 18
INFO:root:NO zqnzt 2008.08.09 16
INFO:root:NO zqnzt 2008.08.09 18
INFO:root:NO shaaaft 2008.08.09 16
INFO:root:NO shaaaft 2008.08.09 18
INFO:root:NO MianMy 2008.08.08 16
INFO:root:NO MianMy 2008.08.08 18
INFO:root:NO viqous 2008.08.08 16
INFO:root:NO viqous 2008.08.08 18
INFO:root:NO pumpbuster 2008.08.05 18
INFO:root:NO isntheaqt 2008.08.05 18
INFO:root:NO Sebbel 2008.08.08 16
INFO:root:NO Sebbel 2008.08.08 18
INFO:root:NO plumbo 2008.08.08 16
INFO:root:NO plumbo 2008.08.08 18
INFO:root:NO PABOY 2008.12.25 16
INFO:root:NO PABOY 2008.12.25 18
INFO:root:NO nottwoday 2008.12.25 16
INFO:root:NO nottwoday 2008.12.25 18
INFO:root:NO JabZ 2008.12.17 16
INFO:root:NO JabZ 2008.12.17 18
INFO:root:NO richess 2008.12.17 16
INFO:root:NO richess 2008.12.17 18
INFO:root:NO PauloZanol 2008.12.05 18
INFO:root:NO sakarauka 2008.12.05 18
INFO:root:NO isntheaqt 2008.08.08 16
INFO:root:NO isntheaqt 2008.08.08 18
INFO:root:NO pumpbuster 2008.08.08 16
INFO:root:NO pumpbuster 2008.08.08 18
INFO:root:NO viqous 2008.08.09 16
INFO:root:NO viqous 2008.08.09 18
INFO:root:NO pmineiro 2008.08.09 16
INFO:root:NO pmineiro 2008.08.09 18
INFO:root:NO mipsparc 2008.08.07 16
INFO:root:NO mipsparc 2008.08.07 18
INFO:root:NO lacceroswaldo 2008.08.07 16
INFO:root:NO lacceroswaldo 2008.08.07 18
INFO:root:NO dylanfanatic 2008.07.31 16
INFO:root:NO dylanfanatic 2008.07.31 18
INFO:root:NO DDJ 2008.07.31 16
INFO:root:NO DDJ 2008.07.31 18
INFO:root:NO jasonmyerss 2008.08.02 16
INFO:root:NO jasonmyerss 2008.08.02 18
INFO:root:NO haraldr 2008.08.02 16
INFO:root:NO haraldr 2008.08.02 18
INFO:root:NO lacceroswaldo 2008.12.22 16
INFO:root:NO lacceroswaldo 2008.12.22 18
INFO:root:NO mipsparc 2008.12.22 16
INFO:root:NO mipsparc 2008.12.22 18
INFO:root:NO karilo 2008.08.06 16
INFO:root:NO karilo 2008.08.06 18
INFO:root:NO vetteboy 2008.08.06 16
INFO:root:NO vetteboy 2008.08.06 18
INFO:root:NO mflood 2008.08.07 16
INFO:root:NO mflood 2008.08.07 18
INFO:root:NO drinkwater 2008.08.07 16
INFO:root:NO drinkwater 2008.08.07 18
INFO:root:NO gforced 2008.12.23 16
INFO:root:NO gforced 2008.12.23 18
INFO:root:NO ilovepie 2008.12.19 16
INFO:root:NO ilovepie 2008.12.19 18
INFO:root:NO madPhysicist 2008.12.19 16
INFO:root:NO madPhysicist 2008.12.19 18
INFO:root:NO thebrickwall 2007.12.12 16
INFO:root:NO thebrickwall 2007.12.12 18
INFO:root:NO Oscoap 2007.12.12 16
INFO:root:NO Oscoap 2007.12.12 18
INFO:root:NO nicksun 2008.12.21 16
INFO:root:NO nicksun 2008.12.21 18
INFO:root:NO oldchessbook 2008.12.21 16
INFO:root:NO oldchessbook 2008.12.21 18
INFO:root:NO gaiberner 2008.12.18 16
INFO:root:NO gaiberner 2008.12.18 18
INFO:root:NO PABOY 2008.12.18 16
INFO:root:NO PABOY 2008.12.18 18
INFO:root:NO musick 2008.12.18 16
INFO:root:NO musick 2008.12.18 18
INFO:root:NO darumsdad 2008.08.02 16
INFO:root:NO darumsdad 2008.08.02 18
INFO:root:NO isntheaqt 2008.08.04 16
INFO:root:NO isntheaqt 2008.08.04 18
INFO:root:NO pumpbuster 2008.08.04 16
INFO:root:NO pumpbuster 2008.08.04 18
INFO:root:NO HELENEMARIE 2008.12.29 16
INFO:root:NO HELENEMARIE 2008.12.29 18
INFO:root:NO Crashinator 2008.12.29 16
INFO:root:NO Crashinator 2008.12.29 18
INFO:root:NO licolo 2008.12.23 16
INFO:root:NO licolo 2008.12.23 18
INFO:root:NO melmothX 2008.12.23 16
INFO:root:NO melmothX 2008.12.23 18
INFO:root:NO craigzooka 2008.12.16 16
INFO:root:NO craigzooka 2008.12.16 18
INFO:root:NO Damppu 2008.12.16 16
INFO:root:NO Damppu 2008.12.16 18
INFO:root:NO zqnzt 2008.08.04 16
INFO:root:NO zqnzt 2008.08.04 18
INFO:root:NO LordJesus 2008.08.04 16
INFO:root:NO LordJesus 2008.08.04 18
INFO:root:NO wontonguy 2008.08.05 16
INFO:root:NO wontonguy 2008.08.05 18
INFO:root:NO lbwest 2008.08.05 16
INFO:root:NO lbwest 2008.08.05 18
INFO:root:NO alexmaxflo 2008.12.14 16
INFO:root:NO alexmaxflo 2008.12.14 18
INFO:root:NO mariosaga 2008.12.14 16
INFO:root:NO mariosaga 2008.12.14 18
INFO:root:NO Crashinator 2008.12.11 16
INFO:root:NO Crashinator 2008.12.11 18
INFO:root:NO jkkcole 2008.12.11 16
INFO:root:NO jkkcole 2008.12.11 18
INFO:root:NO Lucanus 2008.08.07 16
INFO:root:NO Lucanus 2008.08.07 18
INFO:root:NO vetteboy 2008.08.07 16
INFO:root:NO vetteboy 2008.08.07 18
INFO:root:NO isntheaqt 2008.08.07 16
INFO:root:NO isntheaqt 2008.08.07 18
INFO:root:NO pumpbuster 2008.08.07 16
INFO:root:NO pumpbuster 2008.08.07 18
INFO:root:NO jkkcole 2008.12.20 16
INFO:root:NO jkkcole 2008.12.20 18
INFO:root:NO calexander 2008.12.20 16
INFO:root:NO calexander 2008.12.20 18
INFO:root:NO noncsi 2008.12.25 16
INFO:root:NO noncsi 2008.12.25 18
INFO:root:NO LDopa 2008.12.25 16
INFO:root:NO LDopa 2008.12.25 18
INFO:root:NO simmito 2008.12.20 16
INFO:root:NO simmito 2008.12.20 18
INFO:root:NO achieve 2008.12.20 16
INFO:root:NO achieve 2008.12.20 18
INFO:root:NO PABOY 2008.12.30 16
INFO:root:NO PABOY 2008.12.30 18
INFO:root:NO markssixtyfour 2008.12.30 16
INFO:root:NO markssixtyfour 2008.12.30 18
INFO:root:NO noncsi 2008.12.14 16
INFO:root:NO noncsi 2008.12.14 18
INFO:root:NO preux 2008.12.14 16
INFO:root:NO preux 2008.12.14 18
INFO:root:NO gforced 2008.10.05 16
INFO:root:NO gforced 2008.10.05 18
INFO:root:NO huzar 2008.10.05 16
INFO:root:NO huzar 2008.10.05 18
INFO:root:NO DHamm 2008.12.22 16
INFO:root:NO DHamm 2008.12.22 18
INFO:root:NO mariosaga 2008.12.22 16
INFO:root:NO mariosaga 2008.12.22 18
INFO:root:NO svenolof 2008.12.23 16
INFO:root:NO svenolof 2008.12.23 18
INFO:root:NO fishmasters 2008.12.23 16
INFO:root:NO fishmasters 2008.12.23 18
INFO:root:NO JabZ 2008.12.23 16
INFO:root:NO JabZ 2008.12.23 18
INFO:root:NO JForce 2008.12.28 16
INFO:root:NO JForce 2008.12.28 18
INFO:root:NO Birgie 2008.12.28 16
INFO:root:NO Birgie 2008.12.28 18
INFO:root:NO calexander 2008.12.26 16
INFO:root:NO calexander 2008.12.26 18
INFO:root:NO JForce 2008.12.26 16
INFO:root:NO JForce 2008.12.26 18
INFO:root:NO nicksun 2008.12.18 16
INFO:root:NO nicksun 2008.12.18 18
INFO:root:NO ilovepie 2008.12.18 16
INFO:root:NO ilovepie 2008.12.18 18
INFO:root:NO vetteboy 2008.12.15 16
INFO:root:NO vetteboy 2008.12.15 18
INFO:root:NO Jayrec 2008.12.15 16
INFO:root:NO Jayrec 2008.12.15 18
INFO:root:NO kampycss 2008.12.28 16
INFO:root:NO kampycss 2008.12.28 18
INFO:root:NO kanghyun 2008.12.28 16
INFO:root:NO kanghyun 2008.12.28 18
INFO:root:NO ValerianSimon 2008.12.27 16
INFO:root:NO ValerianSimon 2008.12.27 18
INFO:root:NO Crashinator 2008.12.27 16
INFO:root:NO Crashinator 2008.12.27 18
INFO:root:NO LaurentDelaon 2008.12.26 16
INFO:root:NO LaurentDelaon 2008.12.26 18
INFO:root:NO Sebbel 2008.12.23 16
INFO:root:NO Sebbel 2008.12.23 18
INFO:root:NO LaurentDelaon 2008.12.29 16
INFO:root:NO LaurentDelaon 2008.12.29 18
INFO:root:NO skillzrfornewbs 2008.12.21 16
INFO:root:NO skillzrfornewbs 2008.12.21 18
INFO:root:NO jacobsthedog 2008.12.21 16
INFO:root:NO jacobsthedog 2008.12.21 18
INFO:root:NO DHamm 2008.12.21 16
INFO:root:NO DHamm 2008.12.21 18
INFO:root:NO calexander 2008.12.21 16
INFO:root:NO calexander 2008.12.21 18
INFO:root:NO noncsi 2008.12.21 16
INFO:root:NO noncsi 2008.12.21 18
INFO:root:NO melmothX 2008.12.21 16
INFO:root:NO melmothX 2008.12.21 18
INFO:root:NO Crashinator 2008.12.12 16
INFO:root:NO Crashinator 2008.12.12 18
INFO:root:NO Kurkospede 2008.12.12 16
INFO:root:NO Kurkospede 2008.12.12 18
INFO:root:NO sarabande 2008.12.19 16
INFO:root:NO sarabande 2008.12.19 18
INFO:root:NO Sebbel 2008.12.21 18
INFO:root:NO oldchessbook 2008.12.20 16
INFO:root:NO oldchessbook 2008.12.20 18
INFO:root:NO vetteboy 2008.12.11 16
INFO:root:NO vetteboy 2008.12.11 18
INFO:root:NO lesane 2008.12.11 16
INFO:root:NO lesane 2008.12.11 18
INFO:root:NO gforced 2008.11.22 16
INFO:root:NO gforced 2008.11.22 18
INFO:root:NO shahidul 2008.11.22 16
INFO:root:NO shahidul 2008.11.22 18
INFO:root:NO Afjaks 2008.11.02 16
INFO:root:NO Afjaks 2008.11.02 18
INFO:root:NO Devdan 2008.11.02 16
INFO:root:NO Devdan 2008.11.02 18
INFO:root:NO nicksun 2008.11.24 16
INFO:root:NO nicksun 2008.11.24 18
INFO:root:NO ralexander 2008.11.24 16
INFO:root:NO ralexander 2008.11.24 18
INFO:root:NO pedrosc 2008.10.23 16
INFO:root:NO pedrosc 2008.10.23 18
INFO:root:NO Birgie 2008.10.23 16
INFO:root:NO Birgie 2008.10.23 18
INFO:root:NO lapppi 2008.10.16 16
INFO:root:NO lapppi 2008.10.16 18
INFO:root:NO nicksun 2008.10.16 16
INFO:root:NO nicksun 2008.10.16 18
INFO:root:NO calexander 2008.12.17 16
INFO:root:NO calexander 2008.12.17 18
INFO:root:NO SunRaphi 2008.12.17 16
INFO:root:NO SunRaphi 2008.12.17 18
INFO:root:NO mariosaga 2008.12.15 16
INFO:root:NO mariosaga 2008.12.15 18
INFO:root:NO calexander 2008.12.15 16
INFO:root:NO calexander 2008.12.15 18
INFO:root:NO MementoMoriAB 2008.12.16 16
INFO:root:NO MementoMoriAB 2008.12.16 18
INFO:root:NO musick 2008.12.16 16
INFO:root:NO musick 2008.12.16 18
INFO:root:NO Crashinator 2008.12.04 16
INFO:root:NO Crashinator 2008.12.04 18
INFO:root:NO FishyRats 2008.12.04 16
INFO:root:NO FishyRats 2008.12.04 18
INFO:root:NO SvartTorn 2008.12.07 18
INFO:root:NO saturnine 2008.12.07 18
INFO:root:NO noncsi 2008.12.05 16
INFO:root:NO noncsi 2008.12.05 18
INFO:root:NO Hurricaine 2008.12.05 16
INFO:root:NO Hurricaine 2008.12.05 18
INFO:root:NO nibbio 2008.12.16 16
INFO:root:NO nibbio 2008.12.16 18
INFO:root:NO salius 2008.12.16 16
INFO:root:NO salius 2008.12.16 18
INFO:root:NO Hurricaine 2008.12.04 16
INFO:root:NO Hurricaine 2008.12.04 18
INFO:root:NO brainllama 2008.12.04 16
INFO:root:NO brainllama 2008.12.04 18
INFO:root:NO Noller 2008.11.30 16
INFO:root:NO Noller 2008.11.30 18
INFO:root:NO ralexander 2008.11.30 16
INFO:root:NO ralexander 2008.11.30 18
INFO:root:NO nicksun 2008.11.28 16
INFO:root:NO nicksun 2008.11.28 18
INFO:root:NO kiwa 2008.11.28 16
INFO:root:NO kiwa 2008.11.28 18
INFO:root:NO ZDIP 2008.11.12 16
INFO:root:NO ZDIP 2008.11.12 18
INFO:root:NO pedrosc 2008.11.12 16
INFO:root:NO pedrosc 2008.11.12 18
INFO:root:NO LDopa 2008.12.12 16
INFO:root:NO LDopa 2008.12.12 18
INFO:root:NO calexander 2008.12.12 16
INFO:root:NO calexander 2008.12.12 18
INFO:root:NO Crashinator 2008.12.10 16
INFO:root:NO Crashinator 2008.12.10 18
INFO:root:NO Checkonetwo 2008.12.10 16
INFO:root:NO Checkonetwo 2008.12.10 18
INFO:root:NO luizaquino 2008.12.03 16
INFO:root:NO luizaquino 2008.12.03 18
INFO:root:NO richess 2008.12.03 16
INFO:root:NO richess 2008.12.03 18
INFO:root:NO nicksun 2008.12.03 16
INFO:root:NO nicksun 2008.12.03 18
INFO:root:NO gforced 2008.12.03 16
INFO:root:NO gforced 2008.12.03 18
INFO:root:NO lacceroswaldo 2008.12.03 18
INFO:root:NO brainllama 2008.12.03 18
INFO:root:NO BranimirM 2008.11.26 16
INFO:root:NO BranimirM 2008.11.26 18
INFO:root:NO salius 2008.11.26 16
INFO:root:NO salius 2008.11.26 18
INFO:root:NO PauloZanol 2008.12.02 16
INFO:root:NO PauloZanol 2008.12.02 18
INFO:root:NO gforced 2008.12.02 16
INFO:root:NO gforced 2008.12.02 18
INFO:root:NO ScottJoplin 2008.12.10 16
INFO:root:NO ScottJoplin 2008.12.10 18
INFO:root:NO Checkonetwo 2008.11.20 16
INFO:root:NO Checkonetwo 2008.11.20 18
INFO:root:NO Crashinator 2008.11.20 16
INFO:root:NO Crashinator 2008.11.20 18
INFO:root:NO calexander 2008.12.01 16
INFO:root:NO calexander 2008.12.01 18
INFO:root:NO richess 2008.12.01 16
INFO:root:NO richess 2008.12.01 18
INFO:root:NO calexander 2008.11.30 16
INFO:root:NO calexander 2008.11.30 18
INFO:root:NO richess 2008.11.30 16
INFO:root:NO richess 2008.11.30 18
INFO:root:NO ralexander 2008.12.12 16
INFO:root:NO ralexander 2008.12.12 18
INFO:root:NO PauloZanol 2008.12.04 16
INFO:root:NO PauloZanol 2008.12.04 18
INFO:root:NO LDopa 2008.12.01 16
INFO:root:NO LDopa 2008.12.01 18
INFO:root:NO ScottJoplin 2008.12.06 16
INFO:root:NO ScottJoplin 2008.12.06 18
INFO:root:NO richess 2008.12.06 16
INFO:root:NO richess 2008.12.06 18
INFO:root:NO richess 2008.12.04 16
INFO:root:NO richess 2008.12.04 18
INFO:root:NO Livvy 2008.12.04 16
INFO:root:NO Livvy 2008.12.04 18
INFO:root:NO oldchessbook 2008.11.30 16
INFO:root:NO oldchessbook 2008.11.30 18
INFO:root:NO Jacknottheripper 2008.11.18 16
INFO:root:NO Jacknottheripper 2008.11.18 18
INFO:root:NO nicksun 2008.11.18 16
INFO:root:NO nicksun 2008.11.18 18
INFO:root:NO mariosaga 2008.12.03 16
INFO:root:NO mariosaga 2008.12.03 18
INFO:root:NO booxey 2008.12.03 16
INFO:root:NO booxey 2008.12.03 18
INFO:root:NO Crashinator 2008.11.14 16
INFO:root:NO Crashinator 2008.11.14 18
INFO:root:NO dahuigou 2008.11.14 16
INFO:root:NO dahuigou 2008.11.14 18
INFO:root:NO wolfmoon 2008.10.16 16
INFO:root:NO wolfmoon 2008.10.16 18
INFO:root:NO WhiteWarrior 2008.10.16 16
INFO:root:NO WhiteWarrior 2008.10.16 18
INFO:root:NO adamfg 2008.11.27 16
INFO:root:NO adamfg 2008.11.27 18
INFO:root:NO ddleale 2008.11.27 16
INFO:root:NO ddleale 2008.11.27 18
INFO:root:NO lacceroswaldo 2008.11.06 18
INFO:root:NO mipsparc 2008.11.06 18
INFO:root:NO mipsparc 2008.10.28 16
INFO:root:NO mipsparc 2008.10.28 18
INFO:root:NO lacceroswaldo 2008.10.28 16
INFO:root:NO lacceroswaldo 2008.10.28 18
INFO:root:NO nicksun 2008.11.23 16
INFO:root:NO nicksun 2008.11.23 18
INFO:root:NO josephkain 2008.11.23 16
INFO:root:NO josephkain 2008.11.23 18
INFO:root:NO sakarauka 2008.11.06 16
INFO:root:NO sakarauka 2008.11.06 18
INFO:root:NO bkpbkpbkpbkp 2008.11.06 16
INFO:root:NO bkpbkpbkpbkp 2008.11.06 18
INFO:root:NO sakarauka 2008.12.02 16
INFO:root:NO sakarauka 2008.12.02 18
INFO:root:NO brainllama 2008.12.02 16
INFO:root:NO brainllama 2008.12.02 18
INFO:root:NO Tribune 2008.12.02 16
INFO:root:NO Tribune 2008.12.02 18
INFO:root:NO louieshao 2008.12.02 16
INFO:root:NO louieshao 2008.12.02 18
INFO:root:NO calexander 2008.12.05 18
INFO:root:NO nicksun 2008.11.30 16
INFO:root:NO nicksun 2008.11.30 18
INFO:root:NO gforced 2008.11.30 16
INFO:root:NO gforced 2008.11.30 18
INFO:root:NO wumblebumble 2008.11.30 16
INFO:root:NO wumblebumble 2008.11.30 18
INFO:root:NO noncsi 2008.12.01 16
INFO:root:NO noncsi 2008.12.01 18
INFO:root:NO nnoah 2008.11.28 16
INFO:root:NO nnoah 2008.11.28 18
INFO:root:NO jasonsonly 2008.11.28 16
INFO:root:NO jasonsonly 2008.11.28 18
INFO:root:NO gforced 2008.12.01 16
INFO:root:NO gforced 2008.12.01 18
INFO:root:NO brainllama 2008.12.01 16
INFO:root:NO brainllama 2008.12.01 18
INFO:root:NO nicksun 2008.11.16 16
INFO:root:NO nicksun 2008.11.16 18
INFO:root:NO hmmy 2008.11.16 16
INFO:root:NO hmmy 2008.11.16 18
INFO:root:NO krugarius 2008.11.30 16
INFO:root:NO krugarius 2008.11.30 18
INFO:root:NO jasonsonly 2008.11.25 16
INFO:root:NO jasonsonly 2008.11.25 18
INFO:root:NO tabbykt 2008.11.25 16
INFO:root:NO tabbykt 2008.11.25 18
INFO:root:NO vaportrail 2008.11.29 16
INFO:root:NO vaportrail 2008.11.29 18
INFO:root:NO PABOY 2008.11.29 16
INFO:root:NO PABOY 2008.11.29 18
INFO:root:NO jasonsonly 2008.11.20 16
INFO:root:NO jasonsonly 2008.11.20 18
INFO:root:NO tabbykt 2008.11.20 16
INFO:root:NO tabbykt 2008.11.20 18
INFO:root:NO DoctorTommy 2008.12.01 16
INFO:root:NO DoctorTommy 2008.12.01 18
INFO:root:NO LibertasProVita 2008.11.30 16
INFO:root:NO LibertasProVita 2008.11.30 18
INFO:root:NO noncsi 2008.11.30 16
INFO:root:NO noncsi 2008.11.30 18
INFO:root:NO Simplicus 2008.10.26 16
INFO:root:NO Simplicus 2008.10.26 18
INFO:root:NO SchwarzeKatze 2008.10.26 16
INFO:root:NO SchwarzeKatze 2008.10.26 18
INFO:root:NO JabZ 2008.10.14 16
INFO:root:NO JabZ 2008.10.14 18
INFO:root:NO WhiteWarrior 2008.10.14 16
INFO:root:NO WhiteWarrior 2008.10.14 18
INFO:root:NO jasonsonly 2008.11.27 16
INFO:root:NO jasonsonly 2008.11.27 18
INFO:root:NO LKD 2008.11.27 16
INFO:root:NO LKD 2008.11.27 18
INFO:root:NO Kitanopp 2008.11.24 16
INFO:root:NO Kitanopp 2008.11.24 18
INFO:root:NO lucasdawn 2008.11.22 16
INFO:root:NO lucasdawn 2008.11.22 18
INFO:root:NO nicksun 2008.11.22 16
INFO:root:NO nicksun 2008.11.22 18
INFO:root:NO AnotherPawn 2008.11.14 16
INFO:root:NO AnotherPawn 2008.11.14 18
INFO:root:NO owzat 2008.10.12 16
INFO:root:NO owzat 2008.10.12 18
INFO:root:NO hamstartype 2008.10.12 16
INFO:root:NO hamstartype 2008.10.12 18
INFO:root:NO EndlessWC 2008.10.12 16
INFO:root:NO EndlessWC 2008.10.12 18
INFO:root:NO vetteboy 2008.10.12 16
INFO:root:NO vetteboy 2008.10.12 18
INFO:root:NO Intactive 2008.10.03 16
INFO:root:NO Intactive 2008.10.03 18
INFO:root:NO jacquesmoll 2008.10.03 16
INFO:root:NO jacquesmoll 2008.10.03 18
INFO:root:NO chrisreeh 2008.11.16 16
INFO:root:NO chrisreeh 2008.11.16 18
INFO:root:NO billington 2008.11.04 16
INFO:root:NO billington 2008.11.04 18
INFO:root:NO mariosaga 2008.11.04 16
INFO:root:NO mariosaga 2008.11.04 18
INFO:root:NO lacceroswaldo 2008.09.28 16
INFO:root:NO lacceroswaldo 2008.09.28 18
INFO:root:NO mipsparc 2008.09.28 16
INFO:root:NO mipsparc 2008.09.28 18
INFO:root:NO ArtexHarimau 2008.10.04 16
INFO:root:NO ArtexHarimau 2008.10.04 18
INFO:root:NO BayDragoy 2008.10.04 16
INFO:root:NO BayDragoy 2008.10.04 18
INFO:root:NO vulturemort 2008.11.21 16
INFO:root:NO vulturemort 2008.11.21 18
INFO:root:NO PABOY 2008.11.21 16
INFO:root:NO PABOY 2008.11.21 18
INFO:root:NO vannman 2008.11.24 16
INFO:root:NO vannman 2008.11.24 18
INFO:root:NO PABOY 2008.11.24 16
INFO:root:NO PABOY 2008.11.24 18
INFO:root:NO sobecripa 2008.11.04 16
INFO:root:NO sobecripa 2008.11.04 18
INFO:root:NO kwe 2008.11.04 16
INFO:root:NO kwe 2008.11.04 18
INFO:root:NO WhiteWarrior 2008.10.21 16
INFO:root:NO WhiteWarrior 2008.10.21 18
INFO:root:NO PABOY 2008.10.21 16
INFO:root:NO PABOY 2008.10.21 18
INFO:root:NO salius 2008.11.18 16
INFO:root:NO salius 2008.11.18 18
INFO:root:NO ticetice 2008.11.18 16
INFO:root:NO ticetice 2008.11.18 18
INFO:root:NO Girdot 2008.11.10 16
INFO:root:NO Girdot 2008.11.10 18
INFO:root:NO LDopa 2008.11.10 16
INFO:root:NO LDopa 2008.11.10 18
INFO:root:NO LDopa 2008.11.20 16
INFO:root:NO LDopa 2008.11.20 18
INFO:root:NO CaptainWooly 2008.11.20 16
INFO:root:NO CaptainWooly 2008.11.20 18
INFO:root:NO WildHogSM 2008.10.12 16
INFO:root:NO WildHogSM 2008.10.12 18
INFO:root:NO SGTMAJUSMC 2008.10.12 16
INFO:root:NO SGTMAJUSMC 2008.10.12 18
INFO:root:NO vetteboy 2008.09.18 16
INFO:root:NO vetteboy 2008.09.18 18
INFO:root:NO Yokain 2008.09.18 16
INFO:root:NO Yokain 2008.09.18 18
INFO:root:NO SkyBrain 2008.11.18 16
INFO:root:NO SkyBrain 2008.11.18 18
INFO:root:NO GauiSig 2008.11.18 16
INFO:root:NO GauiSig 2008.11.18 18
INFO:root:NO nicksun 2008.11.15 16
INFO:root:NO nicksun 2008.11.15 18
INFO:root:NO golmman 2008.11.15 16
INFO:root:NO golmman 2008.11.15 18
INFO:root:NO Uncrowned 2008.11.11 16
INFO:root:NO Uncrowned 2008.11.11 18
INFO:root:NO madcardinal 2008.11.11 16
INFO:root:NO madcardinal 2008.11.11 18
INFO:root:NO headroad 2008.10.31 16
INFO:root:NO headroad 2008.10.31 18
INFO:root:NO mariosaga 2008.10.31 16
INFO:root:NO mariosaga 2008.10.31 18
INFO:root:NO Ephphatha 2008.01.29 16
INFO:root:NO Ephphatha 2008.01.29 18
INFO:root:NO louiswei 2008.01.29 16
INFO:root:NO louiswei 2008.01.29 18
INFO:root:NO greghyde 2008.09.21 16
INFO:root:NO greghyde 2008.09.21 18
INFO:root:NO tamusachess 2008.09.21 16
INFO:root:NO tamusachess 2008.09.21 18
INFO:root:NO Imbolt 2008.11.16 16
INFO:root:NO Imbolt 2008.11.16 18
INFO:root:NO JohntheChristian 2008.11.16 16
INFO:root:NO JohntheChristian 2008.11.16 18
INFO:root:NO sakarauka 2008.11.11 16
INFO:root:NO sakarauka 2008.11.11 18
INFO:root:NO rayizmi 2008.11.11 16
INFO:root:NO rayizmi 2008.11.11 18
INFO:root:NO CharlesCornner 2008.11.09 16
INFO:root:NO CharlesCornner 2008.11.09 18
INFO:root:NO nicksun 2008.11.09 16
INFO:root:NO nicksun 2008.11.09 18
INFO:root:NO pmineiro 2008.11.05 16
INFO:root:NO pmineiro 2008.11.05 18
INFO:root:NO nnoah 2008.11.05 16
INFO:root:NO nnoah 2008.11.05 18
INFO:root:NO SchwarzeKatze 2008.10.27 16
INFO:root:NO SchwarzeKatze 2008.10.27 18
INFO:root:NO Simplicus 2008.10.27 16
INFO:root:NO Simplicus 2008.10.27 18
INFO:root:NO karpovasparov 2008.10.07 16
INFO:root:NO karpovasparov 2008.10.07 18
INFO:root:NO JabZ 2008.10.07 16
INFO:root:NO JabZ 2008.10.07 18
INFO:root:NO lacceroswaldo 2008.10.07 16
INFO:root:NO lacceroswaldo 2008.10.07 18
INFO:root:NO mipsparc 2008.10.07 16
INFO:root:NO mipsparc 2008.10.07 18
INFO:root:NO huzar 2008.11.10 16
INFO:root:NO huzar 2008.11.10 18
INFO:root:NO PABOY 2008.11.10 16
INFO:root:NO PABOY 2008.11.10 18
INFO:root:NO kiper 2008.11.10 16
INFO:root:NO kiper 2008.11.10 18
INFO:root:NO bkpbkpbkpbkp 2008.11.10 16
INFO:root:NO bkpbkpbkpbkp 2008.11.10 18
INFO:root:NO mariosaga 2008.11.01 16
INFO:root:NO mariosaga 2008.11.01 18
INFO:root:NO deermaster 2008.11.01 16
INFO:root:NO deermaster 2008.11.01 18
INFO:root:NO cazzimeo 2008.10.25 16
INFO:root:NO cazzimeo 2008.10.25 18
INFO:root:NO jacquesmoll 2008.10.25 16
INFO:root:NO jacquesmoll 2008.10.25 18
INFO:root:NO PABOY 2008.10.09 16
INFO:root:NO PABOY 2008.10.09 18
INFO:root:NO mateone 2008.10.09 16
INFO:root:NO mateone 2008.10.09 18
INFO:root:NO LDopa 2008.11.04 16
INFO:root:NO LDopa 2008.11.04 18
INFO:root:NO pmineiro 2008.11.04 16
INFO:root:NO pmineiro 2008.11.04 18
INFO:root:NO pmineiro 2008.11.02 16
INFO:root:NO pmineiro 2008.11.02 18
INFO:root:NO mariosaga 2008.11.02 16
INFO:root:NO mariosaga 2008.11.02 18
INFO:root:NO thebrickwall 2008.10.30 16
INFO:root:NO thebrickwall 2008.10.30 18
INFO:root:NO louieshao 2008.10.30 16
INFO:root:NO louieshao 2008.10.30 18
INFO:root:NO kwe 2008.11.05 16
INFO:root:NO kwe 2008.11.05 18
INFO:root:NO leobrazer 2008.11.05 16
INFO:root:NO leobrazer 2008.11.05 18
INFO:root:NO milehicheckmater 2008.10.30 16
INFO:root:NO milehicheckmater 2008.10.30 18
INFO:root:NO jacquesmoll 2008.10.30 16
INFO:root:NO jacquesmoll 2008.10.30 18
INFO:root:NO nicksun 2008.10.25 16
INFO:root:NO nicksun 2008.10.25 18
INFO:root:NO SumitNarayan 2008.10.25 16
INFO:root:NO SumitNarayan 2008.10.25 18
INFO:root:NO nicksun 2008.10.26 16
INFO:root:NO nicksun 2008.10.26 18
INFO:root:NO SumitNarayan 2008.10.26 16
INFO:root:NO SumitNarayan 2008.10.26 18
INFO:root:NO AJLee 2008.10.22 16
INFO:root:NO AJLee 2008.10.22 18
INFO:root:NO WhiteWarrior 2008.10.22 16
INFO:root:NO WhiteWarrior 2008.10.22 18
INFO:root:NO LaurentDelaon 2008.10.13 16
INFO:root:NO LaurentDelaon 2008.10.13 18
INFO:root:NO nicksun 2008.10.13 16
INFO:root:NO nicksun 2008.10.13 18
INFO:root:NO Intactive 2008.09.16 16
INFO:root:NO Intactive 2008.09.16 18
INFO:root:NO thewingedweasel 2008.09.16 16
INFO:root:NO thewingedweasel 2008.09.16 18
INFO:root:NO mariosaga 2008.10.30 16
INFO:root:NO mariosaga 2008.10.30 18
INFO:root:NO JooBoo 2008.10.30 16
INFO:root:NO JooBoo 2008.10.30 18
INFO:root:NO LDopa 2008.10.28 16
INFO:root:NO LDopa 2008.10.28 18
INFO:root:NO PABOY 2008.10.28 16
INFO:root:NO PABOY 2008.10.28 18
INFO:root:NO smittyohtwohund 2008.10.31 16
INFO:root:NO smittyohtwohund 2008.10.31 18
INFO:root:NO privateschultz 2008.10.31 16
INFO:root:NO privateschultz 2008.10.31 18
INFO:root:NO WhiteWarrior 2008.10.19 16
INFO:root:NO WhiteWarrior 2008.10.19 18
INFO:root:NO SumitNarayan 2008.10.19 16
INFO:root:NO SumitNarayan 2008.10.19 18
INFO:root:NO lacceroswaldo 2008.09.21 16
INFO:root:NO lacceroswaldo 2008.09.21 18
INFO:root:NO mipsparc 2008.09.21 16
INFO:root:NO mipsparc 2008.09.21 18
INFO:root:NO PABOY 2008.10.16 16
INFO:root:NO PABOY 2008.10.16 18
INFO:root:NO nottwoday 2008.10.16 16
INFO:root:NO nottwoday 2008.10.16 18
INFO:root:NO mipsparc 2008.10.04 16
INFO:root:NO mipsparc 2008.10.04 18
INFO:root:NO lacceroswaldo 2008.10.04 16
INFO:root:NO lacceroswaldo 2008.10.04 18
INFO:root:NO nicksun 2008.10.12 16
INFO:root:NO nicksun 2008.10.12 18
INFO:root:NO Simplicus 2008.10.11 16
INFO:root:NO Simplicus 2008.10.11 18
INFO:root:NO SchwarzeKatze 2008.10.11 16
INFO:root:NO SchwarzeKatze 2008.10.11 18
INFO:root:NO BlindOsaridSaris 2008.10.07 16
INFO:root:NO BlindOsaridSaris 2008.10.07 18
INFO:root:NO pmineiro 2008.10.19 16
INFO:root:NO pmineiro 2008.10.19 18
INFO:root:NO owzat 2008.10.11 16
INFO:root:NO owzat 2008.10.11 18
INFO:root:NO plumbo 2008.10.11 16
INFO:root:NO plumbo 2008.10.11 18
INFO:root:NO vetteboy 2008.10.17 16
INFO:root:NO vetteboy 2008.10.17 18
INFO:root:NO Society 2008.10.17 16
INFO:root:NO Society 2008.10.17 18
INFO:root:NO Ekwalyzer 2008.10.11 16
INFO:root:NO Ekwalyzer 2008.10.11 18
INFO:root:NO vetteboy 2008.10.11 16
INFO:root:NO vetteboy 2008.10.11 18
INFO:root:NO vetteboy 2008.10.15 16
INFO:root:NO vetteboy 2008.10.15 18
INFO:root:NO MohanGH 2008.10.15 16
INFO:root:NO MohanGH 2008.10.15 18
INFO:root:NO cyrdro 2008.09.12 16
INFO:root:NO cyrdro 2008.09.12 18
INFO:root:NO mjcsjo 2008.09.12 16
INFO:root:NO mjcsjo 2008.09.12 18
INFO:root:NO Zleeper 2008.10.12 16
INFO:root:NO Zleeper 2008.10.12 18
INFO:root:NO MCalkins 2008.10.10 16
INFO:root:NO MCalkins 2008.10.10 18
INFO:root:NO huzar 2008.10.10 16
INFO:root:NO huzar 2008.10.10 18
INFO:root:NO lacceroswaldo 2008.10.08 16
INFO:root:NO lacceroswaldo 2008.10.08 18
INFO:root:NO huzar 2008.10.08 16
INFO:root:NO huzar 2008.10.08 18
INFO:root:NO HawkX 2008.09.17 16
INFO:root:NO HawkX 2008.09.17 18
INFO:root:NO ChrisBeginner 2008.09.17 16
INFO:root:NO ChrisBeginner 2008.09.17 18
INFO:root:NO mbranimir 2008.10.08 16
INFO:root:NO mbranimir 2008.10.08 18
INFO:root:NO vetteboy 2008.10.05 16
INFO:root:NO vetteboy 2008.10.05 18
INFO:root:NO Leonidovich 2008.10.05 16
INFO:root:NO Leonidovich 2008.10.05 18
INFO:root:NO SchwarzeKatze 2008.09.20 16
INFO:root:NO SchwarzeKatze 2008.09.20 18
INFO:root:NO Simplicus 2008.09.20 16
INFO:root:NO Simplicus 2008.09.20 18
INFO:root:NO lacceroswaldo 2008.10.02 16
INFO:root:NO lacceroswaldo 2008.10.02 18
INFO:root:NO mipsparc 2008.10.02 16
INFO:root:NO mipsparc 2008.10.02 18
INFO:root:NO vetteboy 2008.09.28 16
INFO:root:NO vetteboy 2008.09.28 18
INFO:root:NO lauraT 2008.09.28 16
INFO:root:NO lauraT 2008.09.28 18
INFO:root:NO JooBoo 2008.09.15 16
INFO:root:NO JooBoo 2008.09.15 18
INFO:root:NO ChrisBeginner 2008.09.15 16
INFO:root:NO ChrisBeginner 2008.09.15 18
INFO:root:NO Intactive 2008.09.23 16
INFO:root:NO Intactive 2008.09.23 18
INFO:root:NO aleksthegreat 2008.09.23 16
INFO:root:NO aleksthegreat 2008.09.23 18
INFO:root:NO civiliansoldier 2008.09.20 16
INFO:root:NO civiliansoldier 2008.09.20 18
INFO:root:NO Intactive 2008.09.20 16
INFO:root:NO Intactive 2008.09.20 18
INFO:root:NO ChrisBeginner 2008.09.18 16
INFO:root:NO ChrisBeginner 2008.09.18 18
INFO:root:NO dickdale 2008.09.18 16
INFO:root:NO dickdale 2008.09.18 18
INFO:root:NO mikemandrake 2008.09.15 16
INFO:root:NO mikemandrake 2008.09.15 18
INFO:root:NO giospoto 2008.09.15 16
INFO:root:NO giospoto 2008.09.15 18
INFO:root:NO PABOY 2008.10.01 16
INFO:root:NO PABOY 2008.10.01 18
INFO:root:NO Tremeoc 2008.10.01 16
INFO:root:NO Tremeoc 2008.10.01 18
INFO:root:NO laksen 2008.09.21 16
INFO:root:NO laksen 2008.09.21 18
INFO:root:NO EverythingIsTaken 2008.09.21 16
INFO:root:NO EverythingIsTaken 2008.09.21 18
INFO:root:NO ChrisBeginner 2008.09.20 16
INFO:root:NO ChrisBeginner 2008.09.20 18
INFO:root:NO Jackiw 2008.09.20 16
INFO:root:NO Jackiw 2008.09.20 18
INFO:root:NO nottwoday 2008.09.16 16
INFO:root:NO nottwoday 2008.09.16 18
INFO:root:NO marearoja 2008.09.16 16
INFO:root:NO marearoja 2008.09.16 18
INFO:root:NO mjcsjo 2008.09.15 16
INFO:root:NO mjcsjo 2008.09.15 18
INFO:root:NO ChrisBeginner 2008.09.13 16
INFO:root:NO ChrisBeginner 2008.09.13 18
INFO:root:NO mateone 2008.09.13 16
INFO:root:NO mateone 2008.09.13 18
