INFO:root:NO emorej 2007.12.14 16
INFO:root:NO emorej 2007.12.14 18
INFO:root:NO salius 2007.12.14 16
INFO:root:NO salius 2007.12.14 18
INFO:root:NO Malca 2007.06.28 16
INFO:root:NO Malca 2007.06.28 18
INFO:root:NO laksen 2007.06.28 16
INFO:root:NO laksen 2007.06.28 18
INFO:root:NO alamaak 2007.07.05 16
INFO:root:NO alamaak 2007.07.05 18
INFO:root:NO laksen 2007.07.05 16
INFO:root:NO laksen 2007.07.05 18
INFO:root:NO Aydo 2007.12.09 16
INFO:root:NO Aydo 2007.12.09 18
INFO:root:NO jinbu 2007.12.09 16
INFO:root:NO jinbu 2007.12.09 18
INFO:root:NO POREDJE 2007.12.09 16
INFO:root:NO POREDJE 2007.12.09 18
INFO:root:NO zhouzhou 2007.11.26 16
INFO:root:NO zhouzhou 2007.11.26 18
INFO:root:NO michaelchen 2007.11.26 16
INFO:root:NO michaelchen 2007.11.26 18
INFO:root:NO louiswei 2007.12.31 18
INFO:root:NO sevenohnine 2007.12.31 18
INFO:root:NO DINOCO 2007.12.09 16
INFO:root:NO DINOCO 2007.12.09 18
INFO:root:NO meathelmet 2007.06.28 16
INFO:root:NO meathelmet 2007.06.28 18
INFO:root:NO zhouzhou 2007.11.15 16
INFO:root:NO zhouzhou 2007.11.15 18
INFO:root:NO Artmachine 2007.11.15 16
INFO:root:NO Artmachine 2007.11.15 18
INFO:root:NO thebrickwall 2007.12.30 18
INFO:root:NO podlas 2007.12.30 18
INFO:root:NO phactpatterns 2007.12.23 16
INFO:root:NO phactpatterns 2007.12.23 18
INFO:root:NO rbrtoe 2007.12.23 16
INFO:root:NO rbrtoe 2007.12.23 18
INFO:root:NO Biggnick 2007.12.28 16
INFO:root:NO Biggnick 2007.12.28 18
INFO:root:NO mipsparc 2007.12.28 16
INFO:root:NO mipsparc 2007.12.28 18
INFO:root:NO vetteboy 2007.12.20 16
INFO:root:NO vetteboy 2007.12.20 18
INFO:root:NO thebrickwall 2007.12.20 16
INFO:root:NO thebrickwall 2007.12.20 18
INFO:root:NO louiswei 2007.12.23 16
INFO:root:NO louiswei 2007.12.23 18
INFO:root:NO kevinoc 2007.12.23 16
INFO:root:NO kevinoc 2007.12.23 18
INFO:root:NO KTSCane 2007.12.23 16
INFO:root:NO KTSCane 2007.12.23 18
INFO:root:NO whitelighter 2007.07.04 16
INFO:root:NO whitelighter 2007.07.04 18
INFO:root:NO Bmoresoldier 2007.07.04 16
INFO:root:NO Bmoresoldier 2007.07.04 18
INFO:root:NO thebrickwall 2007.12.23 16
INFO:root:NO thebrickwall 2007.12.23 18
INFO:root:NO adamjodonnell 2007.12.21 16
INFO:root:NO adamjodonnell 2007.12.21 18
INFO:root:NO Cheezychess 2007.12.21 16
INFO:root:NO Cheezychess 2007.12.21 18
INFO:root:NO kevinoc 2007.12.22 16
INFO:root:NO kevinoc 2007.12.22 18
INFO:root:NO adamjodonnell 2007.12.22 16
INFO:root:NO adamjodonnell 2007.12.22 18
INFO:root:NO POREDJE 2007.12.11 16
INFO:root:NO POREDJE 2007.12.11 18
INFO:root:NO zhouzhou 2007.12.11 16
INFO:root:NO zhouzhou 2007.12.11 18
INFO:root:NO jmaeder 2007.11.17 16
INFO:root:NO jmaeder 2007.11.17 18
INFO:root:NO ScottieD 2007.11.17 16
INFO:root:NO ScottieD 2007.11.17 18
INFO:root:NO Syrik 2007.10.30 16
INFO:root:NO Syrik 2007.10.30 18
INFO:root:NO Seroth 2007.10.30 16
INFO:root:NO Seroth 2007.10.30 18
INFO:root:NO joethecoolestman 2007.10.20 16
INFO:root:NO joethecoolestman 2007.10.20 18
INFO:root:NO TheBuzzard 2007.10.20 16
INFO:root:NO TheBuzzard 2007.10.20 18
INFO:root:NO jmaeder 2007.10.16 16
INFO:root:NO jmaeder 2007.10.16 18
INFO:root:NO soucyj 2007.10.16 16
INFO:root:NO soucyj 2007.10.16 18
INFO:root:NO lamemyles 2007.12.21 16
INFO:root:NO lamemyles 2007.12.21 18
INFO:root:NO Doragon 2007.12.21 16
INFO:root:NO Doragon 2007.12.21 18
INFO:root:NO nedy 2007.07.03 16
INFO:root:NO nedy 2007.07.03 18
INFO:root:NO whitelighter 2007.07.03 16
INFO:root:NO whitelighter 2007.07.03 18
INFO:root:NO thebrickwall 2007.12.16 16
INFO:root:NO thebrickwall 2007.12.16 18
INFO:root:NO Cheezychess 2007.12.16 16
INFO:root:NO Cheezychess 2007.12.16 18
INFO:root:NO laksen 2007.06.30 16
INFO:root:NO laksen 2007.06.30 18
INFO:root:NO MajorNerd 2007.06.30 16
INFO:root:NO MajorNerd 2007.06.30 18
INFO:root:NO meathelmet 2007.06.30 16
INFO:root:NO meathelmet 2007.06.30 18
INFO:root:NO sdormeus 2007.12.21 16
INFO:root:NO sdormeus 2007.12.21 18
INFO:root:NO louiswei 2007.11.25 16
INFO:root:NO louiswei 2007.11.25 18
INFO:root:NO Kyobutungi 2007.11.25 16
INFO:root:NO Kyobutungi 2007.11.25 18
INFO:root:NO luoyun 2007.12.11 16
INFO:root:NO luoyun 2007.12.11 18
INFO:root:NO ArcticDevil 2007.12.11 16
INFO:root:NO ArcticDevil 2007.12.11 18
INFO:root:NO ddurden 2007.12.05 16
INFO:root:NO ddurden 2007.12.05 18
INFO:root:NO louiswei 2007.12.05 16
INFO:root:NO louiswei 2007.12.05 18
INFO:root:NO ilikecar 2007.11.07 16
INFO:root:NO ilikecar 2007.11.07 18
INFO:root:NO ilikecomputer 2007.11.07 16
INFO:root:NO ilikecomputer 2007.11.07 18
INFO:root:NO Grige 2007.06.16 16
INFO:root:NO Grige 2007.06.16 18
INFO:root:NO nunziocedi 2007.06.16 16
INFO:root:NO nunziocedi 2007.06.16 18
INFO:root:NO BurtForFun 2007.10.01 16
INFO:root:NO BurtForFun 2007.10.01 18
INFO:root:NO hysong 2007.10.01 16
INFO:root:NO hysong 2007.10.01 18
INFO:root:NO MagicMon 2007.07.04 16
INFO:root:NO MagicMon 2007.07.04 18
INFO:root:NO laksen 2007.07.04 16
INFO:root:NO laksen 2007.07.04 18
INFO:root:NO louiswei 2007.12.24 16
INFO:root:NO louiswei 2007.12.24 18
INFO:root:NO bullrock 2007.12.24 16
INFO:root:NO bullrock 2007.12.24 18
INFO:root:NO michaelchen 2007.12.16 16
INFO:root:NO michaelchen 2007.12.16 18
INFO:root:NO Avatarz 2007.12.16 16
INFO:root:NO Avatarz 2007.12.16 18
INFO:root:NO blingking 2007.12.21 16
INFO:root:NO blingking 2007.12.21 18
INFO:root:NO Kayode 2007.12.13 16
INFO:root:NO Kayode 2007.12.13 18
INFO:root:NO podlas 2007.12.13 16
INFO:root:NO podlas 2007.12.13 18
INFO:root:NO NiceEvent 2007.11.24 16
INFO:root:NO NiceEvent 2007.11.24 18
INFO:root:NO DHamm 2007.11.24 16
INFO:root:NO DHamm 2007.11.24 18
INFO:root:NO RandallMR 2007.11.25 16
INFO:root:NO RandallMR 2007.11.25 18
INFO:root:NO DINOCO 2007.11.25 16
INFO:root:NO DINOCO 2007.11.25 18
INFO:root:NO louiswei 2007.12.22 16
INFO:root:NO louiswei 2007.12.22 18
INFO:root:NO blingking 2007.12.22 16
INFO:root:NO blingking 2007.12.22 18
INFO:root:NO paperchasdvincent 2007.12.18 16
INFO:root:NO paperchasdvincent 2007.12.18 18
INFO:root:NO thebrickwall 2007.12.18 16
INFO:root:NO thebrickwall 2007.12.18 18
INFO:root:NO ippat 2007.11.28 16
INFO:root:NO ippat 2007.11.28 18
INFO:root:NO fseeling 2007.11.28 16
INFO:root:NO fseeling 2007.11.28 18
INFO:root:NO jamesobrien 2007.06.27 16
INFO:root:NO jamesobrien 2007.06.27 18
INFO:root:NO GatorWarrior 2007.06.27 16
INFO:root:NO GatorWarrior 2007.06.27 18
INFO:root:NO Malca 2007.07.02 18
INFO:root:NO luming 2007.07.02 18
INFO:root:NO Cheezychess 2007.12.20 16
INFO:root:NO Cheezychess 2007.12.20 18
INFO:root:NO rooktakesqueen 2007.06.30 16
INFO:root:NO rooktakesqueen 2007.06.30 18
INFO:root:NO thebrickwall 2007.12.08 16
INFO:root:NO thebrickwall 2007.12.08 18
INFO:root:NO adamjodonnell 2007.12.08 16
INFO:root:NO adamjodonnell 2007.12.08 18
INFO:root:NO whitelighter 2007.06.28 16
INFO:root:NO whitelighter 2007.06.28 18
INFO:root:NO Woosky 2007.06.28 16
INFO:root:NO Woosky 2007.06.28 18
INFO:root:NO kassab 2007.07.04 16
INFO:root:NO kassab 2007.07.04 18
INFO:root:NO DHamm 2007.12.08 16
INFO:root:NO DHamm 2007.12.08 18
INFO:root:NO tyfoonturk 2007.12.08 16
INFO:root:NO tyfoonturk 2007.12.08 18
INFO:root:NO luoyun 2007.12.05 16
INFO:root:NO luoyun 2007.12.05 18
INFO:root:NO jinbu 2007.11.30 16
INFO:root:NO jinbu 2007.11.30 18
INFO:root:NO Pestachio 2007.11.30 16
INFO:root:NO Pestachio 2007.11.30 18
INFO:root:NO bullrock 2007.12.23 16
INFO:root:NO bullrock 2007.12.23 18
INFO:root:NO Cheezychess 2007.12.23 16
INFO:root:NO Cheezychess 2007.12.23 18
INFO:root:NO louiswei 2007.12.07 16
INFO:root:NO louiswei 2007.12.07 18
INFO:root:NO vetteboy 2007.12.07 16
INFO:root:NO vetteboy 2007.12.07 18
INFO:root:NO thebrickwall 2007.12.09 16
INFO:root:NO thebrickwall 2007.12.09 18
INFO:root:NO Caledonian 2007.12.09 16
INFO:root:NO Caledonian 2007.12.09 18
INFO:root:NO JLLR 2007.06.28 16
INFO:root:NO JLLR 2007.06.28 18
INFO:root:NO louiswei 2007.11.15 16
INFO:root:NO louiswei 2007.11.15 18
INFO:root:NO BeNumberOne 2007.11.15 16
INFO:root:NO BeNumberOne 2007.11.15 18
INFO:root:NO SChlebowski 2007.11.02 16
INFO:root:NO SChlebowski 2007.11.02 18
INFO:root:NO louiswei 2007.11.02 16
INFO:root:NO louiswei 2007.11.02 18
INFO:root:NO tyfoonturk 2007.11.04 16
INFO:root:NO tyfoonturk 2007.11.04 18
INFO:root:NO jinbu 2007.11.04 16
INFO:root:NO jinbu 2007.11.04 18
INFO:root:NO Aydo 2007.06.20 16
INFO:root:NO Aydo 2007.06.20 18
INFO:root:NO YINGYING 2007.06.20 16
INFO:root:NO YINGYING 2007.06.20 18
INFO:root:NO louiswei 2007.12.19 16
INFO:root:NO louiswei 2007.12.19 18
INFO:root:NO thebrickwall 2007.12.19 16
INFO:root:NO thebrickwall 2007.12.19 18
INFO:root:NO Cheezychess 2007.11.23 16
INFO:root:NO Cheezychess 2007.11.23 18
INFO:root:NO dberryco 2007.11.23 16
INFO:root:NO dberryco 2007.11.23 18
INFO:root:NO CLAS 2007.06.28 16
INFO:root:NO CLAS 2007.06.28 18
INFO:root:NO Malca 2007.06.27 16
INFO:root:NO Malca 2007.06.27 18
INFO:root:NO laksen 2007.06.27 16
INFO:root:NO laksen 2007.06.27 18
INFO:root:NO azaluski 2007.11.01 16
INFO:root:NO azaluski 2007.11.01 18
INFO:root:NO ilikecomputer 2007.11.01 16
INFO:root:NO ilikecomputer 2007.11.01 18
INFO:root:NO joethecoolestman 2007.10.23 16
INFO:root:NO joethecoolestman 2007.10.23 18
INFO:root:NO shadowroy 2007.10.23 16
INFO:root:NO shadowroy 2007.10.23 18
INFO:root:NO ilikecomputer 2007.10.17 16
INFO:root:NO ilikecomputer 2007.10.17 18
INFO:root:NO stephenbyers 2007.10.17 16
INFO:root:NO stephenbyers 2007.10.17 18
INFO:root:NO Pillowpants 2007.06.04 16
INFO:root:NO Pillowpants 2007.06.04 18
INFO:root:NO houseofcakes 2007.06.04 16
INFO:root:NO houseofcakes 2007.06.04 18
INFO:root:NO Philiphh 2007.06.03 16
INFO:root:NO Philiphh 2007.06.03 18
INFO:root:NO shadyKnight 2007.06.03 16
INFO:root:NO shadyKnight 2007.06.03 18
INFO:root:NO rarte 2007.12.18 16
INFO:root:NO rarte 2007.12.18 18
INFO:root:NO Ratatoesk 2007.12.18 16
INFO:root:NO Ratatoesk 2007.12.18 18
INFO:root:NO timmybucks 2007.06.30 16
INFO:root:NO timmybucks 2007.06.30 18
INFO:root:NO splicerx 2007.06.28 16
INFO:root:NO splicerx 2007.06.28 18
INFO:root:NO DINOCO 2007.11.15 16
INFO:root:NO DINOCO 2007.11.15 18
INFO:root:NO WhiteSide 2007.11.15 16
INFO:root:NO WhiteSide 2007.11.15 18
INFO:root:NO louiswei 2007.12.13 16
INFO:root:NO louiswei 2007.12.13 18
INFO:root:NO plcsparky 2007.12.13 16
INFO:root:NO plcsparky 2007.12.13 18
INFO:root:NO CrassNaste 2007.06.30 16
INFO:root:NO CrassNaste 2007.06.30 18
INFO:root:NO CrassNaste 2007.06.29 16
INFO:root:NO CrassNaste 2007.06.29 18
INFO:root:NO Bbbumpy 2007.06.29 16
INFO:root:NO Bbbumpy 2007.06.29 18
INFO:root:NO WayneRuyLopez 2007.11.25 16
INFO:root:NO WayneRuyLopez 2007.11.25 18
INFO:root:NO jinbu 2007.11.13 16
INFO:root:NO jinbu 2007.11.13 18
INFO:root:NO OldWazzaBoy 2007.11.13 16
INFO:root:NO OldWazzaBoy 2007.11.13 18
INFO:root:NO louiswei 2007.11.19 16
INFO:root:NO louiswei 2007.11.19 18
INFO:root:NO Jia 2007.11.19 16
INFO:root:NO Jia 2007.11.19 18
INFO:root:NO talleyman 2007.12.07 16
INFO:root:NO talleyman 2007.12.07 18
INFO:root:NO jinbu 2007.12.07 16
INFO:root:NO jinbu 2007.12.07 18
INFO:root:NO BeNumberOne 2007.12.03 16
INFO:root:NO BeNumberOne 2007.12.03 18
INFO:root:NO DINOCO 2007.12.03 16
INFO:root:NO DINOCO 2007.12.03 18
INFO:root:NO spenda 2007.11.08 16
INFO:root:NO spenda 2007.11.08 18
INFO:root:NO Timandre 2007.11.08 16
INFO:root:NO Timandre 2007.11.08 18
INFO:root:NO Sansui 2007.11.01 16
INFO:root:NO Sansui 2007.11.01 18
INFO:root:NO lamemyles 2007.11.01 16
INFO:root:NO lamemyles 2007.11.01 18
INFO:root:NO louiswei 2007.12.08 16
INFO:root:NO louiswei 2007.12.08 18
INFO:root:NO fabras 2007.12.08 16
INFO:root:NO fabras 2007.12.08 18
INFO:root:NO jokkman 2007.12.03 16
INFO:root:NO jokkman 2007.12.03 18
INFO:root:NO vijm 2007.06.28 16
INFO:root:NO vijm 2007.06.28 18
INFO:root:NO thebrickwall 2007.12.10 16
INFO:root:NO thebrickwall 2007.12.10 18
INFO:root:NO docholloday 2007.12.10 16
INFO:root:NO docholloday 2007.12.10 18
INFO:root:NO DINOCO 2007.10.22 16
INFO:root:NO DINOCO 2007.10.22 18
INFO:root:NO brunuoh 2007.10.22 16
INFO:root:NO brunuoh 2007.10.22 18
INFO:root:NO andoferni 2007.10.20 16
INFO:root:NO andoferni 2007.10.20 18
INFO:root:NO MrBoris 2007.10.20 16
INFO:root:NO MrBoris 2007.10.20 18
INFO:root:NO metalayer 2007.06.16 16
INFO:root:NO metalayer 2007.06.16 18
INFO:root:NO suppechasper 2007.06.16 16
INFO:root:NO suppechasper 2007.06.16 18
INFO:root:NO ShaneSher 2007.10.13 16
INFO:root:NO ShaneSher 2007.10.13 18
INFO:root:NO louiswei 2007.10.13 16
INFO:root:NO louiswei 2007.10.13 18
INFO:root:NO Silveraj 2007.10.03 16
INFO:root:NO Silveraj 2007.10.03 18
INFO:root:NO SoloBaric 2007.10.03 16
INFO:root:NO SoloBaric 2007.10.03 18
INFO:root:NO Cheezychess 2007.12.08 16
INFO:root:NO Cheezychess 2007.12.08 18
INFO:root:NO jmaeder 2007.12.04 16
INFO:root:NO jmaeder 2007.12.04 18
INFO:root:NO ScottieD 2007.12.04 16
INFO:root:NO ScottieD 2007.12.04 18
INFO:root:NO zhouzhou 2007.11.28 16
INFO:root:NO zhouzhou 2007.11.28 18
INFO:root:NO DINOCO 2007.11.28 16
INFO:root:NO DINOCO 2007.11.28 18
INFO:root:NO jtseng 2007.12.02 16
INFO:root:NO jtseng 2007.12.02 18
INFO:root:NO Ativa 2007.12.02 16
INFO:root:NO Ativa 2007.12.02 18
INFO:root:NO jamesobrien 2007.06.26 16
INFO:root:NO jamesobrien 2007.06.26 18
INFO:root:NO nedy 2007.06.26 16
INFO:root:NO nedy 2007.06.26 18
INFO:root:NO hanntannif 2007.10.27 16
INFO:root:NO hanntannif 2007.10.27 18
INFO:root:NO DINOCO 2007.10.27 16
INFO:root:NO DINOCO 2007.10.27 18
INFO:root:NO jmaeder 2007.11.27 16
INFO:root:NO jmaeder 2007.11.27 18
INFO:root:NO vetteboy 2007.11.27 16
INFO:root:NO vetteboy 2007.11.27 18
INFO:root:NO mamede 2007.11.25 16
INFO:root:NO mamede 2007.11.25 18
INFO:root:NO SunRaphi 2007.06.27 16
INFO:root:NO SunRaphi 2007.06.27 18
INFO:root:NO simonjs 2007.06.27 16
INFO:root:NO simonjs 2007.06.27 18
INFO:root:NO jmaeder 2007.10.30 16
INFO:root:NO jmaeder 2007.10.30 18
INFO:root:NO FreddyAbeloos 2007.10.30 16
INFO:root:NO FreddyAbeloos 2007.10.30 18
INFO:root:NO ilikecomputer 2007.10.29 16
INFO:root:NO ilikecomputer 2007.10.29 18
INFO:root:NO Halfman 2007.10.29 16
INFO:root:NO Halfman 2007.10.29 18
INFO:root:NO TusharAmba 2007.10.28 16
INFO:root:NO TusharAmba 2007.10.28 18
INFO:root:NO navneet 2007.10.28 16
INFO:root:NO navneet 2007.10.28 18
INFO:root:NO zhouzhou 2007.11.30 16
INFO:root:NO zhouzhou 2007.11.30 18
INFO:root:NO Artmachine 2007.11.30 16
INFO:root:NO Artmachine 2007.11.30 18
INFO:root:NO ukjay 2007.11.13 16
INFO:root:NO ukjay 2007.11.13 18
INFO:root:NO juansebastian 2007.11.07 16
INFO:root:NO juansebastian 2007.11.07 18
INFO:root:NO DINOCO 2007.11.07 16
INFO:root:NO DINOCO 2007.11.07 18
INFO:root:NO whitelighter 2007.06.02 16
INFO:root:NO whitelighter 2007.06.02 18
INFO:root:NO XsteveoX 2007.06.02 16
INFO:root:NO XsteveoX 2007.06.02 18
INFO:root:NO Tycew 2007.11.21 16
INFO:root:NO Tycew 2007.11.21 18
INFO:root:NO BeNumberOne 2007.11.21 16
INFO:root:NO BeNumberOne 2007.11.21 18
INFO:root:NO DINOCO 2007.11.18 16
INFO:root:NO DINOCO 2007.11.18 18
INFO:root:NO BurtForFun 2007.11.18 16
INFO:root:NO BurtForFun 2007.11.18 18
INFO:root:NO luoyun 2007.11.14 16
INFO:root:NO luoyun 2007.11.14 18
INFO:root:NO jmaeder 2007.11.14 16
INFO:root:NO jmaeder 2007.11.14 18
INFO:root:NO vetteboy 2007.11.09 16
INFO:root:NO vetteboy 2007.11.09 18
INFO:root:NO zhouzhou 2007.11.09 16
INFO:root:NO zhouzhou 2007.11.09 18
INFO:root:NO bosamor 2007.10.16 16
INFO:root:NO bosamor 2007.10.16 18
INFO:root:NO deboragleice 2007.11.12 16
INFO:root:NO deboragleice 2007.11.12 18
INFO:root:NO thebrickwall 2007.11.12 16
INFO:root:NO thebrickwall 2007.11.12 18
INFO:root:NO DINOCO 2007.10.30 16
INFO:root:NO DINOCO 2007.10.30 18
INFO:root:NO Tycew 2007.10.30 16
INFO:root:NO Tycew 2007.10.30 18
INFO:root:NO ignacionf 2007.11.10 16
INFO:root:NO ignacionf 2007.11.10 18
INFO:root:NO zhouzhou 2007.11.10 16
INFO:root:NO zhouzhou 2007.11.10 18
INFO:root:NO BeNumberOne 2007.10.30 16
INFO:root:NO BeNumberOne 2007.10.30 18
INFO:root:NO jinbu 2007.10.28 16
INFO:root:NO jinbu 2007.10.28 18
INFO:root:NO Aydo 2007.10.28 16
INFO:root:NO Aydo 2007.10.28 18
INFO:root:NO zhouzhou 2007.11.16 16
INFO:root:NO zhouzhou 2007.11.16 18
INFO:root:NO DINOCO 2007.11.16 16
INFO:root:NO DINOCO 2007.11.16 18
INFO:root:NO TheJudgeSarov 2007.11.04 16
INFO:root:NO TheJudgeSarov 2007.11.04 18
INFO:root:NO Krishnadas 2007.11.04 16
INFO:root:NO Krishnadas 2007.11.04 18
INFO:root:NO louiswei 2007.11.01 16
INFO:root:NO louiswei 2007.11.01 18
INFO:root:NO xlmr 2007.11.01 16
INFO:root:NO xlmr 2007.11.01 18
INFO:root:NO drewly 2007.10.22 16
INFO:root:NO drewly 2007.10.22 18
INFO:root:NO joethecoolestman 2007.10.22 16
INFO:root:NO joethecoolestman 2007.10.22 18
INFO:root:NO electronf 2007.06.08 16
INFO:root:NO electronf 2007.06.08 18
INFO:root:NO CausalClosure 2007.06.08 16
INFO:root:NO CausalClosure 2007.06.08 18
INFO:root:NO ilikecar 2007.10.11 16
INFO:root:NO ilikecar 2007.10.11 18
INFO:root:NO joshaidan 2007.10.11 16
INFO:root:NO joshaidan 2007.10.11 18
INFO:root:NO BurtForFun 2007.10.03 16
INFO:root:NO BurtForFun 2007.10.03 18
INFO:root:NO louiswei 2007.10.03 16
INFO:root:NO louiswei 2007.10.03 18
INFO:root:NO awhittaker 2007.06.24 16
INFO:root:NO awhittaker 2007.06.24 18
INFO:root:NO crisforrest 2007.06.24 16
INFO:root:NO crisforrest 2007.06.24 18
INFO:root:NO CausalClosure 2007.06.13 16
INFO:root:NO CausalClosure 2007.06.13 18
INFO:root:NO Malca 2007.06.13 16
INFO:root:NO Malca 2007.06.13 18
INFO:root:NO whitelighter 2007.06.03 16
INFO:root:NO whitelighter 2007.06.03 18
INFO:root:NO lordcyrix 2007.06.03 16
INFO:root:NO lordcyrix 2007.06.03 18
INFO:root:NO Artmachine 2007.10.12 16
INFO:root:NO Artmachine 2007.10.12 18
INFO:root:NO Ativa 2007.10.12 16
INFO:root:NO Ativa 2007.10.12 18
INFO:root:NO waynerooneyfan 2007.11.08 18
INFO:root:NO louiswei 2007.10.30 16
INFO:root:NO louiswei 2007.10.30 18
INFO:root:NO vetteboy 2007.10.30 16
INFO:root:NO vetteboy 2007.10.30 18
INFO:root:NO mwebber 2007.10.25 16
INFO:root:NO mwebber 2007.10.25 18
INFO:root:NO buddhajuke 2007.10.25 16
INFO:root:NO buddhajuke 2007.10.25 18
INFO:root:NO louiswei 2007.10.29 16
INFO:root:NO louiswei 2007.10.29 18
INFO:root:NO peihan 2007.10.29 16
INFO:root:NO peihan 2007.10.29 18
INFO:root:NO Syrik 2007.10.22 16
INFO:root:NO Syrik 2007.10.22 18
INFO:root:NO Seroth 2007.10.22 16
INFO:root:NO Seroth 2007.10.22 18
INFO:root:NO Refry 2007.06.21 16
INFO:root:NO Refry 2007.06.21 18
INFO:root:NO saturnine 2007.06.21 16
INFO:root:NO saturnine 2007.06.21 18
INFO:root:NO thebiznassman 2007.06.21 16
INFO:root:NO thebiznassman 2007.06.21 18
INFO:root:NO RABBITrabbit 2007.06.21 16
INFO:root:NO RABBITrabbit 2007.06.21 18
INFO:root:NO Syrik 2007.10.23 16
INFO:root:NO Syrik 2007.10.23 18
INFO:root:NO Seroth 2007.10.23 16
INFO:root:NO Seroth 2007.10.23 18
INFO:root:NO Artmachine 2007.10.20 16
INFO:root:NO Artmachine 2007.10.20 18
INFO:root:NO jmaeder 2007.10.20 16
INFO:root:NO jmaeder 2007.10.20 18
INFO:root:NO DINOCO 2007.10.17 16
INFO:root:NO DINOCO 2007.10.17 18
INFO:root:NO BeNumberOne 2007.10.17 16
INFO:root:NO BeNumberOne 2007.10.17 18
INFO:root:NO electronf 2007.06.11 16
INFO:root:NO electronf 2007.06.11 18
INFO:root:NO laksen 2007.06.11 16
INFO:root:NO laksen 2007.06.11 18
INFO:root:NO jmaeder 2007.10.15 16
INFO:root:NO jmaeder 2007.10.15 18
INFO:root:NO jlorby 2007.10.15 16
INFO:root:NO jlorby 2007.10.15 18
INFO:root:NO MrBogs 2007.09.23 16
INFO:root:NO MrBogs 2007.09.23 18
INFO:root:NO louiswei 2007.09.23 16
INFO:root:NO louiswei 2007.09.23 18
INFO:root:NO Fencingiscool 2007.09.19 16
INFO:root:NO Fencingiscool 2007.09.19 18
INFO:root:NO hysong 2007.09.19 16
INFO:root:NO hysong 2007.09.19 18
INFO:root:NO soucyj 2007.09.01 16
INFO:root:NO soucyj 2007.09.01 18
INFO:root:NO Artmachine 2007.09.01 16
INFO:root:NO Artmachine 2007.09.01 18
INFO:root:NO TonyLechner 2007.08.16 16
INFO:root:NO TonyLechner 2007.08.16 18
INFO:root:NO robofriven 2007.08.16 16
INFO:root:NO robofriven 2007.08.16 18
INFO:root:NO laksen 2007.07.30 16
INFO:root:NO laksen 2007.07.30 18
INFO:root:NO BurtForFun 2007.07.30 16
INFO:root:NO BurtForFun 2007.07.30 18
INFO:root:NO simonjs 2007.06.20 16
INFO:root:NO simonjs 2007.06.20 18
INFO:root:NO Refry 2007.06.20 16
INFO:root:NO Refry 2007.06.20 18
INFO:root:NO richarddixon 2007.06.20 16
INFO:root:NO richarddixon 2007.06.20 18
INFO:root:NO Syrik 2007.10.24 16
INFO:root:NO Syrik 2007.10.24 18
INFO:root:NO Seroth 2007.10.24 16
INFO:root:NO Seroth 2007.10.24 18
INFO:root:NO jmaeder 2007.10.23 16
INFO:root:NO jmaeder 2007.10.23 18
INFO:root:NO soucyj 2007.10.23 16
INFO:root:NO soucyj 2007.10.23 18
INFO:root:NO jmaeder 2007.10.29 16
INFO:root:NO jmaeder 2007.10.29 18
INFO:root:NO rdubs 2007.10.29 16
INFO:root:NO rdubs 2007.10.29 18
INFO:root:NO kyleelhs 2007.10.27 16
INFO:root:NO kyleelhs 2007.10.27 18
INFO:root:NO zhouzhou 2007.10.27 16
INFO:root:NO zhouzhou 2007.10.27 18
INFO:root:NO joethecoolestman 2007.10.25 16
INFO:root:NO joethecoolestman 2007.10.25 18
INFO:root:NO superpete 2007.10.25 16
INFO:root:NO superpete 2007.10.25 18
INFO:root:NO JFolla 2007.06.12 18
INFO:root:NO prettydarnbad 2007.06.12 18
INFO:root:NO Seroth 2007.10.25 16
INFO:root:NO Seroth 2007.10.25 18
INFO:root:NO Syrik 2007.10.25 16
INFO:root:NO Syrik 2007.10.25 18
INFO:root:NO karimniemela 2007.10.13 16
INFO:root:NO karimniemela 2007.10.13 18
INFO:root:NO beasley 2007.10.13 16
INFO:root:NO beasley 2007.10.13 18
INFO:root:NO talleyman 2007.10.24 16
INFO:root:NO talleyman 2007.10.24 18
INFO:root:NO DINOCO 2007.10.24 16
INFO:root:NO DINOCO 2007.10.24 18
INFO:root:NO DINOCO 2007.10.18 16
INFO:root:NO DINOCO 2007.10.18 18
INFO:root:NO peihan 2007.10.18 16
INFO:root:NO peihan 2007.10.18 18
INFO:root:NO Ativa 2007.06.18 18
INFO:root:NO Dakel 2007.06.18 18
INFO:root:NO jmaeder 2007.10.21 16
INFO:root:NO jmaeder 2007.10.21 18
INFO:root:NO thess 2007.10.21 16
INFO:root:NO thess 2007.10.21 18
INFO:root:NO louiswei 2007.10.22 16
INFO:root:NO louiswei 2007.10.22 18
INFO:root:NO peihan 2007.10.22 16
INFO:root:NO peihan 2007.10.22 18
INFO:root:NO CausalClosure 2007.06.16 16
INFO:root:NO CausalClosure 2007.06.16 18
INFO:root:NO Babnet 2007.06.13 16
INFO:root:NO Babnet 2007.06.13 18
INFO:root:NO whitelighter 2007.06.18 16
INFO:root:NO whitelighter 2007.06.18 18
INFO:root:NO Woosky 2007.06.18 16
INFO:root:NO Woosky 2007.06.18 18
INFO:root:NO buddhajuke 2007.10.20 16
INFO:root:NO buddhajuke 2007.10.20 18
INFO:root:NO beasley 2007.10.20 16
INFO:root:NO beasley 2007.10.20 18
INFO:root:NO jinbu 2007.10.20 16
INFO:root:NO jinbu 2007.10.20 18
INFO:root:NO BeNumberOne 2007.10.20 16
INFO:root:NO BeNumberOne 2007.10.20 18
INFO:root:NO kreshoo 2007.06.12 16
INFO:root:NO kreshoo 2007.06.12 18
INFO:root:NO YINGYING 2007.06.12 16
INFO:root:NO YINGYING 2007.06.12 18
INFO:root:NO louiswei 2007.10.17 16
INFO:root:NO louiswei 2007.10.17 18
INFO:root:NO Artmachine 2007.10.17 16
INFO:root:NO Artmachine 2007.10.17 18
INFO:root:NO Ativa 2007.06.17 16
INFO:root:NO Ativa 2007.06.17 18
INFO:root:NO jugglepro 2007.06.17 16
INFO:root:NO jugglepro 2007.06.17 18
INFO:root:NO Fimbrethil 2007.06.06 16
INFO:root:NO Fimbrethil 2007.06.06 18
INFO:root:NO lordcyrix 2007.06.06 16
INFO:root:NO lordcyrix 2007.06.06 18
INFO:root:NO jaxonmills 2007.06.02 16
INFO:root:NO jaxonmills 2007.06.02 18
INFO:root:NO Philiphh 2007.06.02 16
INFO:root:NO Philiphh 2007.06.02 18
INFO:root:NO Malca 2007.10.04 18
INFO:root:NO herrahuu 2007.10.04 18
INFO:root:NO laksen 2007.08.05 16
INFO:root:NO laksen 2007.08.05 18
INFO:root:NO vetteboy 2007.08.05 16
INFO:root:NO vetteboy 2007.08.05 18
INFO:root:NO suppechasper 2007.06.18 16
INFO:root:NO suppechasper 2007.06.18 18
INFO:root:NO YINGYING 2007.06.18 16
INFO:root:NO YINGYING 2007.06.18 18
INFO:root:NO kreshoo 2007.06.11 16
INFO:root:NO kreshoo 2007.06.11 18
INFO:root:NO redheat 2007.06.11 16
INFO:root:NO redheat 2007.06.11 18
INFO:root:NO SCHWAM 2007.10.16 16
INFO:root:NO SCHWAM 2007.10.16 18
INFO:root:NO jinbu 2007.10.16 16
INFO:root:NO jinbu 2007.10.16 18
INFO:root:NO whitelighter 2007.05.30 16
INFO:root:NO whitelighter 2007.05.30 18
INFO:root:NO mikihiir 2007.05.30 16
INFO:root:NO mikihiir 2007.05.30 18
INFO:root:NO ilikecomputer 2007.10.12 16
INFO:root:NO ilikecomputer 2007.10.12 18
INFO:root:NO ddurden 2007.10.12 16
INFO:root:NO ddurden 2007.10.12 18
INFO:root:NO buddhajuke 2007.10.05 16
INFO:root:NO buddhajuke 2007.10.05 18
INFO:root:NO tobys 2007.10.05 16
INFO:root:NO tobys 2007.10.05 18
INFO:root:NO Imiro 2007.06.17 18
INFO:root:NO whitelighter 2007.06.17 18
INFO:root:NO whitelighter 2007.06.14 16
INFO:root:NO whitelighter 2007.06.14 18
INFO:root:NO lordcyrix 2007.06.14 16
INFO:root:NO lordcyrix 2007.06.14 18
INFO:root:NO Depi 2007.10.14 16
INFO:root:NO Depi 2007.10.14 18
INFO:root:NO soucyj 2007.10.14 16
INFO:root:NO soucyj 2007.10.14 18
INFO:root:NO vetteboy 2007.10.12 16
INFO:root:NO vetteboy 2007.10.12 18
INFO:root:NO DINOCO 2007.10.12 16
INFO:root:NO DINOCO 2007.10.12 18
INFO:root:NO vitela 2007.09.28 16
INFO:root:NO vitela 2007.09.28 18
INFO:root:NO beasley 2007.09.28 16
INFO:root:NO beasley 2007.09.28 18
INFO:root:NO Boldrig 2007.06.09 16
INFO:root:NO Boldrig 2007.06.09 18
INFO:root:NO andoferni 2007.06.09 16
INFO:root:NO andoferni 2007.06.09 18
INFO:root:NO beasley 2007.10.15 16
INFO:root:NO beasley 2007.10.15 18
INFO:root:NO Exsation 2007.10.15 16
INFO:root:NO Exsation 2007.10.15 18
INFO:root:NO Tajibo 2007.10.04 16
INFO:root:NO Tajibo 2007.10.04 18
INFO:root:NO direworl 2007.10.04 16
INFO:root:NO direworl 2007.10.04 18
INFO:root:NO beasley 2007.10.08 16
INFO:root:NO beasley 2007.10.08 18
INFO:root:NO jinbu 2007.10.08 16
INFO:root:NO jinbu 2007.10.08 18
INFO:root:NO shahar 2007.09.08 16
INFO:root:NO shahar 2007.09.08 18
INFO:root:NO Caledonian 2007.09.08 16
INFO:root:NO Caledonian 2007.09.08 18
INFO:root:NO beasley 2007.09.06 16
INFO:root:NO beasley 2007.09.06 18
INFO:root:NO louiswei 2007.09.06 16
INFO:root:NO louiswei 2007.09.06 18
INFO:root:NO electronf 2007.06.14 16
INFO:root:NO electronf 2007.06.14 18
INFO:root:NO DuncanRDG 2007.10.04 16
INFO:root:NO DuncanRDG 2007.10.04 18
INFO:root:NO Kestreall 2007.10.04 16
INFO:root:NO Kestreall 2007.10.04 18
INFO:root:NO louiswei 2007.09.08 16
INFO:root:NO louiswei 2007.09.08 18
INFO:root:NO justhoff 2007.09.08 16
INFO:root:NO justhoff 2007.09.08 18
INFO:root:NO Malca 2007.06.16 16
INFO:root:NO Malca 2007.06.16 18
INFO:root:NO BurtForFun 2007.08.14 16
INFO:root:NO BurtForFun 2007.08.14 18
INFO:root:NO TonyLechner 2007.08.14 16
INFO:root:NO TonyLechner 2007.08.14 18
INFO:root:NO urodec 2007.04.30 16
INFO:root:NO urodec 2007.04.30 18
INFO:root:NO direworl 2007.04.30 16
INFO:root:NO direworl 2007.04.30 18
INFO:root:NO direworl 2007.04.28 16
INFO:root:NO direworl 2007.04.28 18
INFO:root:NO Artmachine 2007.04.28 16
INFO:root:NO Artmachine 2007.04.28 18
INFO:root:NO joethecoolestman 2007.10.14 16
INFO:root:NO joethecoolestman 2007.10.14 18
INFO:root:NO HZI 2007.10.01 16
INFO:root:NO HZI 2007.10.01 18
INFO:root:NO whitestarrnyc 2007.10.01 16
INFO:root:NO whitestarrnyc 2007.10.01 18
INFO:root:NO FrankyBaby 2007.06.02 16
INFO:root:NO FrankyBaby 2007.06.02 18
INFO:root:NO zhouzhou 2007.09.28 16
INFO:root:NO zhouzhou 2007.09.28 18
INFO:root:NO jmaeder 2007.09.28 16
INFO:root:NO jmaeder 2007.09.28 18
INFO:root:NO mjwadams 2007.05.28 16
INFO:root:NO mjwadams 2007.05.28 18
INFO:root:NO ComradeRoshchin 2007.05.28 16
INFO:root:NO ComradeRoshchin 2007.05.28 18
INFO:root:NO jinbu 2007.10.05 16
INFO:root:NO jinbu 2007.10.05 18
INFO:root:NO Tycew 2007.10.05 16
INFO:root:NO Tycew 2007.10.05 18
INFO:root:NO Seroth 2007.09.25 16
INFO:root:NO Seroth 2007.09.25 18
INFO:root:NO Syrik 2007.09.25 16
INFO:root:NO Syrik 2007.09.25 18
INFO:root:NO LzVandy 2007.06.01 16
INFO:root:NO LzVandy 2007.06.01 18
INFO:root:NO nunziocedi 2007.06.01 16
INFO:root:NO nunziocedi 2007.06.01 18
INFO:root:NO jokkman 2007.10.14 16
INFO:root:NO jokkman 2007.10.14 18
INFO:root:NO louiswei 2007.10.14 16
INFO:root:NO louiswei 2007.10.14 18
INFO:root:NO simonjs 2007.07.13 16
INFO:root:NO simonjs 2007.07.13 18
INFO:root:NO laksen 2007.07.13 16
INFO:root:NO laksen 2007.07.13 18
INFO:root:NO monergism 2007.05.28 16
INFO:root:NO monergism 2007.05.28 18
INFO:root:NO Kwela 2007.10.09 16
INFO:root:NO Kwela 2007.10.09 18
INFO:root:NO PhoenixRedOne 2007.10.09 16
INFO:root:NO PhoenixRedOne 2007.10.09 18
INFO:root:NO hysong 2007.09.29 16
INFO:root:NO hysong 2007.09.29 18
INFO:root:NO beasley 2007.09.29 16
INFO:root:NO beasley 2007.09.29 18
INFO:root:NO Tycew 2007.09.25 16
INFO:root:NO Tycew 2007.09.25 18
INFO:root:NO jinbu 2007.09.25 16
INFO:root:NO jinbu 2007.09.25 18
INFO:root:NO louiswei 2007.10.12 16
INFO:root:NO louiswei 2007.10.12 18
INFO:root:NO jamesthesecond 2007.10.12 16
INFO:root:NO jamesthesecond 2007.10.12 18
INFO:root:NO yangyang 2007.09.23 16
INFO:root:NO yangyang 2007.09.23 18
INFO:root:NO zhouzhou 2007.09.23 16
INFO:root:NO zhouzhou 2007.09.23 18
INFO:root:NO thess 2007.10.04 16
INFO:root:NO thess 2007.10.04 18
INFO:root:NO jokersplay 2007.10.04 16
INFO:root:NO jokersplay 2007.10.04 18
INFO:root:NO louiswei 2007.09.02 16
INFO:root:NO louiswei 2007.09.02 18
INFO:root:NO fishel 2007.09.02 16
INFO:root:NO fishel 2007.09.02 18
INFO:root:NO kreshoo 2007.09.28 16
INFO:root:NO kreshoo 2007.09.28 18
INFO:root:NO BjornGrimskull 2007.09.28 16
INFO:root:NO BjornGrimskull 2007.09.28 18
INFO:root:NO Ephphatha 2007.08.14 16
INFO:root:NO Ephphatha 2007.08.14 18
INFO:root:NO greenqueenbrasil 2007.04.24 16
INFO:root:NO greenqueenbrasil 2007.04.24 18
INFO:root:NO thepirate 2007.04.24 16
INFO:root:NO thepirate 2007.04.24 18
INFO:root:NO Ephphatha 2007.08.28 16
INFO:root:NO Ephphatha 2007.08.28 18
INFO:root:NO LopezLaTorre 2007.08.28 16
INFO:root:NO LopezLaTorre 2007.08.28 18
INFO:root:NO louiswei 2007.09.09 16
INFO:root:NO louiswei 2007.09.09 18
INFO:root:NO LopezLaTorre 2007.09.09 16
INFO:root:NO LopezLaTorre 2007.09.09 18
INFO:root:NO nightway 2007.09.25 18
INFO:root:NO NiceEvent 2007.09.25 18
INFO:root:NO Youngturks 2007.08.08 16
INFO:root:NO Youngturks 2007.08.08 18
INFO:root:NO arrarat 2007.08.08 16
INFO:root:NO arrarat 2007.08.08 18
INFO:root:NO MSmarques 2007.07.30 16
INFO:root:NO MSmarques 2007.07.30 18
INFO:root:NO soucyj 2007.09.19 16
INFO:root:NO soucyj 2007.09.19 18
INFO:root:NO jmaeder 2007.09.19 16
INFO:root:NO jmaeder 2007.09.19 18
INFO:root:NO louiswei 2007.09.15 16
INFO:root:NO louiswei 2007.09.15 18
INFO:root:NO peihan 2007.09.15 16
INFO:root:NO peihan 2007.09.15 18
INFO:root:NO Codees 2007.09.22 16
INFO:root:NO Codees 2007.09.22 18
INFO:root:NO KyleYoung 2007.09.22 16
INFO:root:NO KyleYoung 2007.09.22 18
INFO:root:NO Tycew 2007.09.21 16
INFO:root:NO Tycew 2007.09.21 18
INFO:root:NO jmaeder 2007.09.21 16
INFO:root:NO jmaeder 2007.09.21 18
INFO:root:NO direworl 2007.08.26 16
INFO:root:NO direworl 2007.08.26 18
INFO:root:NO ChessWizzard 2007.08.26 16
INFO:root:NO ChessWizzard 2007.08.26 18
INFO:root:NO greatwhitepine 2007.09.09 16
INFO:root:NO greatwhitepine 2007.09.09 18
INFO:root:NO soucyj 2007.09.09 16
INFO:root:NO soucyj 2007.09.09 18
INFO:root:NO sirishb 2007.09.08 16
INFO:root:NO sirishb 2007.09.08 18
INFO:root:NO hysong 2007.09.18 16
INFO:root:NO hysong 2007.09.18 18
INFO:root:NO themathwhiz 2007.09.18 16
INFO:root:NO themathwhiz 2007.09.18 18
INFO:root:NO WesleySimmons 2007.09.09 16
INFO:root:NO WesleySimmons 2007.09.09 18
INFO:root:NO sirishb 2007.09.09 16
INFO:root:NO sirishb 2007.09.09 18
INFO:root:NO laksen 2007.07.28 16
INFO:root:NO laksen 2007.07.28 18
INFO:root:NO vetteboy 2007.07.28 16
INFO:root:NO vetteboy 2007.07.28 18
INFO:root:NO jmaeder 2007.08.29 16
INFO:root:NO jmaeder 2007.08.29 18
INFO:root:NO TonyLechner 2007.08.29 16
INFO:root:NO TonyLechner 2007.08.29 18
INFO:root:NO mrschultz 2007.05.06 16
INFO:root:NO mrschultz 2007.05.06 18
INFO:root:NO greenqueenbrasil 2007.05.06 16
INFO:root:NO greenqueenbrasil 2007.05.06 18
INFO:root:NO aadeeb 2007.07.19 16
INFO:root:NO aadeeb 2007.07.19 18
INFO:root:NO pastime 2007.07.19 16
INFO:root:NO pastime 2007.07.19 18
INFO:root:NO justhoff 2007.09.09 16
INFO:root:NO justhoff 2007.09.09 18
INFO:root:NO cjmaeder 2007.08.24 16
INFO:root:NO cjmaeder 2007.08.24 18
INFO:root:NO BurtForFun 2007.08.24 16
INFO:root:NO BurtForFun 2007.08.24 18
INFO:root:NO panchivilla 2007.07.27 16
INFO:root:NO panchivilla 2007.07.27 18
INFO:root:NO RIQUELME 2007.07.27 16
INFO:root:NO RIQUELME 2007.07.27 18
INFO:root:NO SuperMicroNanoMan 2007.08.18 16
INFO:root:NO SuperMicroNanoMan 2007.08.18 18
INFO:root:NO CaptainWeirdo 2007.08.18 16
INFO:root:NO CaptainWeirdo 2007.08.18 18
INFO:root:NO SneekyJones 2007.09.02 16
INFO:root:NO SneekyJones 2007.09.02 18
INFO:root:NO TonyLechner 2007.08.21 16
INFO:root:NO TonyLechner 2007.08.21 18
INFO:root:NO soucyj 2007.08.21 16
INFO:root:NO soucyj 2007.08.21 18
INFO:root:NO herculus 2007.08.20 16
INFO:root:NO herculus 2007.08.20 18
INFO:root:NO TonyLechner 2007.08.20 16
INFO:root:NO TonyLechner 2007.08.20 18
INFO:root:NO SuperMicroNanoMan 2007.08.20 16
INFO:root:NO SuperMicroNanoMan 2007.08.20 18
INFO:root:NO CaptainWeirdo 2007.08.20 16
INFO:root:NO CaptainWeirdo 2007.08.20 18
INFO:root:NO whitelighter 2007.05.26 16
INFO:root:NO whitelighter 2007.05.26 18
INFO:root:NO nunziocedi 2007.05.26 16
INFO:root:NO nunziocedi 2007.05.26 18
INFO:root:NO juanjogallardo 2007.08.26 16
INFO:root:NO juanjogallardo 2007.08.26 18
INFO:root:NO LopezLaTorre 2007.08.26 16
INFO:root:NO LopezLaTorre 2007.08.26 18
INFO:root:NO BurtForFun 2007.08.19 16
INFO:root:NO BurtForFun 2007.08.19 18
INFO:root:NO cjmaeder 2007.08.19 16
INFO:root:NO cjmaeder 2007.08.19 18
INFO:root:NO guilut 2007.08.09 16
INFO:root:NO guilut 2007.08.09 18
INFO:root:NO LitovecBlind 2007.08.09 16
INFO:root:NO LitovecBlind 2007.08.09 18
INFO:root:NO laksen 2007.07.16 16
INFO:root:NO laksen 2007.07.16 18
INFO:root:NO Pandu 2007.07.16 16
INFO:root:NO Pandu 2007.07.16 18
INFO:root:NO SuperMicroNanoMan 2007.08.22 16
INFO:root:NO SuperMicroNanoMan 2007.08.22 18
INFO:root:NO CaptainWeirdo 2007.08.22 16
INFO:root:NO CaptainWeirdo 2007.08.22 18
INFO:root:NO AntidOto 2007.08.19 16
INFO:root:NO AntidOto 2007.08.19 18
INFO:root:NO RIQUELME 2007.08.19 16
INFO:root:NO RIQUELME 2007.08.19 18
INFO:root:NO TWINSXZ 2007.08.09 16
INFO:root:NO TWINSXZ 2007.08.09 18
INFO:root:NO Saldeeznuts 2007.07.22 16
INFO:root:NO Saldeeznuts 2007.07.22 18
INFO:root:NO nedy 2007.07.22 16
INFO:root:NO nedy 2007.07.22 18
INFO:root:NO Halfman 2007.07.30 16
INFO:root:NO Halfman 2007.07.30 18
INFO:root:NO RIQUELME 2007.07.30 16
INFO:root:NO RIQUELME 2007.07.30 18
INFO:root:NO GatorWarrior 2007.05.19 16
INFO:root:NO GatorWarrior 2007.05.19 18
INFO:root:NO fewral 2007.05.19 16
INFO:root:NO fewral 2007.05.19 18
INFO:root:NO BurtForFun 2007.07.16 16
INFO:root:NO BurtForFun 2007.07.16 18
INFO:root:NO cecilieh 2007.07.30 16
INFO:root:NO cecilieh 2007.07.30 18
INFO:root:NO phillymaintman 2007.08.18 16
INFO:root:NO phillymaintman 2007.08.18 18
INFO:root:NO TonyLechner 2007.08.18 16
INFO:root:NO TonyLechner 2007.08.18 18
INFO:root:NO lousychess 2007.08.05 16
INFO:root:NO lousychess 2007.08.05 18
INFO:root:NO MrBoris 2007.05.25 16
INFO:root:NO MrBoris 2007.05.25 18
INFO:root:NO HomogenousMass 2007.05.25 16
INFO:root:NO HomogenousMass 2007.05.25 18
INFO:root:NO Kirktcb 2007.05.01 16
INFO:root:NO Kirktcb 2007.05.01 18
INFO:root:NO Oldskewlphool 2007.05.01 16
INFO:root:NO Oldskewlphool 2007.05.01 18
INFO:root:NO SuperMicroNanoMan 2007.08.09 16
INFO:root:NO SuperMicroNanoMan 2007.08.09 18
INFO:root:NO CaptainWeirdo 2007.08.09 16
INFO:root:NO CaptainWeirdo 2007.08.09 18
INFO:root:NO vetteboy 2007.08.15 16
INFO:root:NO vetteboy 2007.08.15 18
INFO:root:NO Ephphatha 2007.08.15 16
INFO:root:NO Ephphatha 2007.08.15 18
INFO:root:NO hotwheela 2007.04.25 16
INFO:root:NO hotwheela 2007.04.25 18
INFO:root:NO greenqueenbrasil 2007.04.25 16
INFO:root:NO greenqueenbrasil 2007.04.25 18
INFO:root:NO aliceg 2007.08.03 16
INFO:root:NO aliceg 2007.08.03 18
INFO:root:NO CausalClosure 2007.08.03 16
INFO:root:NO CausalClosure 2007.08.03 18
INFO:root:NO infernonk 2007.05.24 16
INFO:root:NO infernonk 2007.05.24 18
INFO:root:NO ComradeRoshchin 2007.05.24 16
INFO:root:NO ComradeRoshchin 2007.05.24 18
INFO:root:NO Asdrulbo 2007.05.23 16
INFO:root:NO Asdrulbo 2007.05.23 18
INFO:root:NO nunziocedi 2007.05.23 16
INFO:root:NO nunziocedi 2007.05.23 18
INFO:root:NO HEARTLESSWIZARD 2007.07.28 18
INFO:root:NO BurtForFun 2007.07.28 18
INFO:root:NO Malca 2007.05.22 16
INFO:root:NO Malca 2007.05.22 18
INFO:root:NO nunziocedi 2007.05.22 16
INFO:root:NO nunziocedi 2007.05.22 18
INFO:root:NO WilliamJ 2007.07.29 16
INFO:root:NO WilliamJ 2007.07.29 18
INFO:root:NO nedy 2007.07.29 16
INFO:root:NO nedy 2007.07.29 18
INFO:root:NO nedy 2007.07.19 16
INFO:root:NO nedy 2007.07.19 18
INFO:root:NO jamesobrien 2007.07.19 16
INFO:root:NO jamesobrien 2007.07.19 18
INFO:root:NO Linckar 2007.05.14 16
INFO:root:NO Linckar 2007.05.14 18
INFO:root:NO suppechasper 2007.05.14 16
INFO:root:NO suppechasper 2007.05.14 18
INFO:root:NO bandwagon 2007.04.25 16
INFO:root:NO bandwagon 2007.04.25 18
INFO:root:NO scarsetto 2007.07.14 16
INFO:root:NO scarsetto 2007.07.14 18
INFO:root:NO andoferni 2007.07.14 16
INFO:root:NO andoferni 2007.07.14 18
INFO:root:NO BourbaKiND 2007.04.30 16
INFO:root:NO BourbaKiND 2007.04.30 18
INFO:root:NO paulfallet 2007.04.30 16
INFO:root:NO paulfallet 2007.04.30 18
INFO:root:NO GatorWarrior 2007.07.23 16
INFO:root:NO GatorWarrior 2007.07.23 18
INFO:root:NO cjmaeder 2007.07.23 16
INFO:root:NO cjmaeder 2007.07.23 18
INFO:root:NO GatorWarrior 2007.05.06 16
INFO:root:NO GatorWarrior 2007.05.06 18
INFO:root:NO vetteboy 2007.05.06 16
INFO:root:NO vetteboy 2007.05.06 18
INFO:root:NO JohntheChristian 2007.04.19 16
INFO:root:NO JohntheChristian 2007.04.19 18
INFO:root:NO paulfallet 2007.04.19 16
INFO:root:NO paulfallet 2007.04.19 18
INFO:root:NO Linckar 2007.05.09 18
INFO:root:NO greenqueenbrasil 2007.05.09 18
INFO:root:NO Jia 2007.05.20 16
INFO:root:NO Jia 2007.05.20 18
INFO:root:NO ChuckieChex 2007.05.20 16
INFO:root:NO ChuckieChex 2007.05.20 18
INFO:root:NO greenqueenbrasil 2007.05.05 16
INFO:root:NO greenqueenbrasil 2007.05.05 18
INFO:root:NO BourbaKiND 2007.05.05 16
INFO:root:NO BourbaKiND 2007.05.05 18
INFO:root:NO lordcyrix 2007.05.17 16
INFO:root:NO lordcyrix 2007.05.17 18
INFO:root:NO KevinusMaximus 2007.05.17 16
INFO:root:NO KevinusMaximus 2007.05.17 18
INFO:root:NO paulfallet 2007.04.25 16
INFO:root:NO paulfallet 2007.04.25 18
INFO:root:NO shawny 2007.04.25 16
INFO:root:NO shawny 2007.04.25 18
INFO:root:NO YINGYING 2007.07.06 16
INFO:root:NO YINGYING 2007.07.06 18
INFO:root:NO BurtForFun 2007.07.06 16
INFO:root:NO BurtForFun 2007.07.06 18
INFO:root:NO NickVee 2007.04.21 16
INFO:root:NO NickVee 2007.04.21 18
INFO:root:NO telis 2007.04.21 16
INFO:root:NO telis 2007.04.21 18
INFO:root:NO andoferni 2007.05.16 16
INFO:root:NO andoferni 2007.05.16 18
INFO:root:NO shouou 2007.05.16 16
INFO:root:NO shouou 2007.05.16 18
INFO:root:NO SixteenCorners 2007.04.29 16
INFO:root:NO SixteenCorners 2007.04.29 18
INFO:root:NO divcat 2007.04.29 16
INFO:root:NO divcat 2007.04.29 18
INFO:root:NO KevinusMaximus 2007.05.03 16
INFO:root:NO KevinusMaximus 2007.05.03 18
INFO:root:NO Kirktcb 2007.05.03 16
INFO:root:NO Kirktcb 2007.05.03 18
INFO:root:NO direworl 2007.05.04 16
INFO:root:NO direworl 2007.05.04 18
INFO:root:NO ZenDarb 2007.05.04 16
INFO:root:NO ZenDarb 2007.05.04 18
INFO:root:NO KawaiiOSakura 2007.07.16 16
INFO:root:NO KawaiiOSakura 2007.07.16 18
INFO:root:NO louiswei 2007.07.16 16
INFO:root:NO louiswei 2007.07.16 18
INFO:root:NO wyldeemgz 2007.04.23 16
INFO:root:NO wyldeemgz 2007.04.23 18
INFO:root:NO direworl 2007.04.23 16
INFO:root:NO direworl 2007.04.23 18
INFO:root:NO BOXERFOREVR 2007.04.19 16
INFO:root:NO BOXERFOREVR 2007.04.19 18
INFO:root:NO xWildBillx 2007.04.19 16
INFO:root:NO xWildBillx 2007.04.19 18
INFO:root:NO Anja 2007.04.28 16
INFO:root:NO Anja 2007.04.28 18
INFO:root:NO Keiju 2007.04.28 16
INFO:root:NO Keiju 2007.04.28 18
INFO:root:NO Carmeliaz 2007.07.15 16
INFO:root:NO Carmeliaz 2007.07.15 18
INFO:root:NO andoferni 2007.07.15 16
INFO:root:NO andoferni 2007.07.15 18
INFO:root:NO xWildBillx 2007.04.04 16
INFO:root:NO xWildBillx 2007.04.04 18
INFO:root:NO SirEndipity 2007.04.04 16
INFO:root:NO SirEndipity 2007.04.04 18
INFO:root:NO divcat 2007.04.03 16
INFO:root:NO divcat 2007.04.03 18
INFO:root:NO xWildBillx 2007.04.03 16
INFO:root:NO xWildBillx 2007.04.03 18
INFO:root:NO Biggnick 2007.04.30 16
INFO:root:NO Biggnick 2007.04.30 18
INFO:root:NO meenamoh 2007.04.30 16
INFO:root:NO meenamoh 2007.04.30 18
INFO:root:NO greenqueenbrasil 2007.04.23 16
INFO:root:NO greenqueenbrasil 2007.04.23 18
INFO:root:NO alexserrano 2007.04.23 16
INFO:root:NO alexserrano 2007.04.23 18
INFO:root:NO greenqueenbrasil 2007.04.21 16
INFO:root:NO greenqueenbrasil 2007.04.21 18
INFO:root:NO tetrapharmakon 2007.04.21 16
INFO:root:NO tetrapharmakon 2007.04.21 18
INFO:root:NO paloloco 2007.04.29 16
INFO:root:NO paloloco 2007.04.29 18
INFO:root:NO greenqueenbrasil 2007.04.29 16
INFO:root:NO greenqueenbrasil 2007.04.29 18
INFO:root:NO SixteenCorners 2007.04.25 16
INFO:root:NO SixteenCorners 2007.04.25 18
INFO:root:NO paulfallet 2007.05.01 16
INFO:root:NO paulfallet 2007.05.01 18
INFO:root:NO bigrustynail 2007.05.01 16
INFO:root:NO bigrustynail 2007.05.01 18
INFO:root:NO Jia 2007.04.26 16
INFO:root:NO Jia 2007.04.26 18
INFO:root:NO ShawnStanley 2007.04.26 16
INFO:root:NO ShawnStanley 2007.04.26 18
INFO:root:NO GatorWarrior 2007.04.25 16
INFO:root:NO GatorWarrior 2007.04.25 18
INFO:root:NO xWildBillx 2007.04.25 16
INFO:root:NO xWildBillx 2007.04.25 18
INFO:root:NO Biggnick 2007.04.25 16
INFO:root:NO Biggnick 2007.04.25 18
INFO:root:NO greenqueenbrasil 2007.04.20 16
INFO:root:NO greenqueenbrasil 2007.04.20 18
INFO:root:NO Malca 2007.04.20 16
INFO:root:NO Malca 2007.04.20 18
INFO:root:NO Woosky 2007.07.18 16
INFO:root:NO Woosky 2007.07.18 18
INFO:root:NO jamesobrien 2007.07.18 16
INFO:root:NO jamesobrien 2007.07.18 18
INFO:root:NO louiswei 2007.07.11 16
INFO:root:NO louiswei 2007.07.11 18
INFO:root:NO whitelighter 2007.07.11 16
INFO:root:NO whitelighter 2007.07.11 18
INFO:root:NO Saldeeznuts 2007.04.15 16
INFO:root:NO Saldeeznuts 2007.04.15 18
INFO:root:NO Eladar 2007.04.15 16
INFO:root:NO Eladar 2007.04.15 18
INFO:root:NO lprcahn 2007.03.23 16
INFO:root:NO lprcahn 2007.03.23 18
INFO:root:NO xWildBillx 2007.03.23 16
INFO:root:NO xWildBillx 2007.03.23 18
INFO:root:NO HogODeath 2007.04.23 16
INFO:root:NO HogODeath 2007.04.23 18
INFO:root:NO Zevix 2007.04.23 16
INFO:root:NO Zevix 2007.04.23 18
INFO:root:NO cameronbra 2007.07.14 16
INFO:root:NO cameronbra 2007.07.14 18
INFO:root:NO nedy 2007.07.14 16
INFO:root:NO nedy 2007.07.14 18
INFO:root:NO WillemS 2007.04.10 16
INFO:root:NO WillemS 2007.04.10 18
INFO:root:NO titusm 2007.04.10 16
INFO:root:NO titusm 2007.04.10 18
INFO:root:NO zafercaymaz 2007.04.10 16
INFO:root:NO zafercaymaz 2007.04.10 18
INFO:root:NO meenamoh 2007.04.10 16
INFO:root:NO meenamoh 2007.04.10 18
INFO:root:NO Kirktcb 2007.04.10 16
INFO:root:NO Kirktcb 2007.04.10 18
INFO:root:NO tereliza 2007.04.10 16
INFO:root:NO tereliza 2007.04.10 18
INFO:root:NO overloadcro 2007.03.27 16
INFO:root:NO overloadcro 2007.03.27 18
INFO:root:NO LUKAchess 2007.03.27 16
INFO:root:NO LUKAchess 2007.03.27 18
INFO:root:NO ThomasPace 2007.03.31 16
INFO:root:NO ThomasPace 2007.03.31 18
INFO:root:NO Kirktcb 2007.03.31 16
INFO:root:NO Kirktcb 2007.03.31 18
INFO:root:NO GatorWarrior 2007.04.23 16
INFO:root:NO GatorWarrior 2007.04.23 18
INFO:root:NO whitelighter 2007.07.08 16
INFO:root:NO whitelighter 2007.07.08 18
INFO:root:NO francod 2007.07.08 16
INFO:root:NO francod 2007.07.08 18
INFO:root:NO ComradeRoshchin 2007.03.16 16
INFO:root:NO ComradeRoshchin 2007.03.16 18
INFO:root:NO HomogenousMass 2007.03.16 16
INFO:root:NO HomogenousMass 2007.03.16 18
INFO:root:NO aleksthegreat 2007.02.12 16
INFO:root:NO aleksthegreat 2007.02.12 18
INFO:root:NO chesscoolman 2007.02.12 16
INFO:root:NO chesscoolman 2007.02.12 18
INFO:root:NO LithFlash 2007.04.25 16
INFO:root:NO LithFlash 2007.04.25 18
INFO:root:NO direworl 2007.04.25 16
INFO:root:NO direworl 2007.04.25 18
INFO:root:NO Gregarious 2007.07.18 16
INFO:root:NO Gregarious 2007.07.18 18
INFO:root:NO laksen 2007.07.18 16
INFO:root:NO laksen 2007.07.18 18
INFO:root:NO Aydo 2007.07.15 16
INFO:root:NO Aydo 2007.07.15 18
INFO:root:NO laksen 2007.07.15 16
INFO:root:NO laksen 2007.07.15 18
INFO:root:NO Ketzalos 2007.04.17 16
INFO:root:NO Ketzalos 2007.04.17 18
INFO:root:NO Marcellov 2007.04.17 16
INFO:root:NO Marcellov 2007.04.17 18
INFO:root:NO herrahuu 2007.03.28 16
INFO:root:NO herrahuu 2007.03.28 18
INFO:root:NO SirEndipity 2007.03.28 16
INFO:root:NO SirEndipity 2007.03.28 18
INFO:root:NO ellieuk 2007.03.02 16
INFO:root:NO ellieuk 2007.03.02 18
INFO:root:NO neog 2007.03.02 16
INFO:root:NO neog 2007.03.02 18
INFO:root:NO mpaon 2007.02.01 16
INFO:root:NO mpaon 2007.02.01 18
INFO:root:NO GoSyracuse 2007.02.01 16
INFO:root:NO GoSyracuse 2007.02.01 18
INFO:root:NO alamaak 2007.07.16 16
INFO:root:NO alamaak 2007.07.16 18
INFO:root:NO Woosky 2007.07.14 16
INFO:root:NO Woosky 2007.07.14 18
INFO:root:NO GatorWarrior 2007.07.14 16
INFO:root:NO GatorWarrior 2007.07.14 18
INFO:root:NO mcmurray 2007.07.14 16
INFO:root:NO mcmurray 2007.07.14 18
INFO:root:NO ALFREDII 2007.04.15 16
INFO:root:NO ALFREDII 2007.04.15 18
INFO:root:NO direworl 2007.04.15 16
INFO:root:NO direworl 2007.04.15 18
INFO:root:NO direworl 2007.04.01 16
INFO:root:NO direworl 2007.04.01 18
INFO:root:NO Kirktcb 2007.04.01 16
INFO:root:NO Kirktcb 2007.04.01 18
INFO:root:NO wyldeemgz 2007.04.22 16
INFO:root:NO wyldeemgz 2007.04.22 18
INFO:root:NO greenbeandipper 2007.04.22 16
INFO:root:NO greenbeandipper 2007.04.22 18
INFO:root:NO paulfallet 2007.03.24 16
INFO:root:NO paulfallet 2007.03.24 18
INFO:root:NO zzzsah 2007.03.24 16
INFO:root:NO zzzsah 2007.03.24 18
INFO:root:NO mpaon 2007.01.31 16
INFO:root:NO mpaon 2007.01.31 18
INFO:root:NO mbafreng 2007.01.31 16
INFO:root:NO mbafreng 2007.01.31 18
INFO:root:NO Kongfuchess 2007.07.13 16
INFO:root:NO Kongfuchess 2007.07.13 18
INFO:root:NO andoferni 2007.07.13 16
INFO:root:NO andoferni 2007.07.13 18
INFO:root:NO YINGYING 2007.07.10 16
INFO:root:NO YINGYING 2007.07.10 18
INFO:root:NO NicolaTesla 2007.07.10 16
INFO:root:NO NicolaTesla 2007.07.10 18
INFO:root:NO FlyingFig 2007.07.07 16
INFO:root:NO FlyingFig 2007.07.07 18
INFO:root:NO andoferni 2007.07.07 16
INFO:root:NO andoferni 2007.07.07 18
INFO:root:NO Woosky 2007.07.09 16
INFO:root:NO Woosky 2007.07.09 18
INFO:root:NO Muffro 2007.07.09 16
INFO:root:NO Muffro 2007.07.09 18
INFO:root:NO ShawnStanley 2007.04.20 16
INFO:root:NO ShawnStanley 2007.04.20 18
INFO:root:NO Kirktcb 2007.04.20 16
INFO:root:NO Kirktcb 2007.04.20 18
INFO:root:NO greenqueenbrasil 2007.04.19 16
INFO:root:NO greenqueenbrasil 2007.04.19 18
INFO:root:NO goodbuzz 2007.04.19 16
INFO:root:NO goodbuzz 2007.04.19 18
INFO:root:NO icman 2007.04.19 16
INFO:root:NO icman 2007.04.19 18
INFO:root:NO jjmieres 2007.04.16 16
INFO:root:NO jjmieres 2007.04.16 18
INFO:root:NO RoKStAR 2007.04.16 16
INFO:root:NO RoKStAR 2007.04.16 18
INFO:root:NO Eskupitazo 2007.07.06 16
INFO:root:NO Eskupitazo 2007.07.06 18
INFO:root:NO andoferni 2007.07.06 16
INFO:root:NO andoferni 2007.07.06 18
INFO:root:NO direworl 2007.04.19 16
INFO:root:NO direworl 2007.04.19 18
INFO:root:NO SixteenCorners 2007.04.19 16
INFO:root:NO SixteenCorners 2007.04.19 18
INFO:root:NO KnutY 2007.04.04 16
INFO:root:NO KnutY 2007.04.04 18
INFO:root:NO Blindjavamanissa 2007.04.02 16
INFO:root:NO Blindjavamanissa 2007.04.02 18
INFO:root:NO meenamoh 2007.04.02 16
INFO:root:NO meenamoh 2007.04.02 18
INFO:root:NO HomogenousMass 2007.03.10 16
INFO:root:NO HomogenousMass 2007.03.10 18
INFO:root:NO MySic 2007.03.10 16
INFO:root:NO MySic 2007.03.10 18
INFO:root:NO Jia 2007.01.02 16
INFO:root:NO Jia 2007.01.02 18
INFO:root:NO jshumaker 2007.01.02 16
INFO:root:NO jshumaker 2007.01.02 18
INFO:root:NO Biggnick 2007.04.09 16
INFO:root:NO Biggnick 2007.04.09 18
INFO:root:NO Dakel 2007.04.09 16
INFO:root:NO Dakel 2007.04.09 18
INFO:root:NO bigrustynail 2007.04.08 16
INFO:root:NO bigrustynail 2007.04.08 18
INFO:root:NO paulfallet 2007.04.08 16
INFO:root:NO paulfallet 2007.04.08 18
INFO:root:NO Jia 2007.04.21 16
INFO:root:NO Jia 2007.04.21 18
INFO:root:NO wyldeemgz 2007.04.21 16
INFO:root:NO wyldeemgz 2007.04.21 18
INFO:root:NO xWildBillx 2007.03.29 16
INFO:root:NO xWildBillx 2007.03.29 18
INFO:root:NO Kirktcb 2007.03.29 16
INFO:root:NO Kirktcb 2007.03.29 18
INFO:root:NO kaarunya 2007.04.15 16
INFO:root:NO kaarunya 2007.04.15 18
INFO:root:NO LopezLaTorre 2007.04.15 16
INFO:root:NO LopezLaTorre 2007.04.15 18
INFO:root:NO Darvster 2007.04.09 16
INFO:root:NO Darvster 2007.04.09 18
INFO:root:NO Jia 2007.04.09 16
INFO:root:NO Jia 2007.04.09 18
INFO:root:NO SirEndipity 2007.03.24 16
INFO:root:NO SirEndipity 2007.03.24 18
INFO:root:NO xWildBillx 2007.03.24 16
INFO:root:NO xWildBillx 2007.03.24 18
INFO:root:NO DeathFromAbove 2007.03.09 16
INFO:root:NO DeathFromAbove 2007.03.09 18
INFO:root:NO HomogenousMass 2007.03.09 16
INFO:root:NO HomogenousMass 2007.03.09 18
INFO:root:NO Kirktcb 2007.04.08 16
INFO:root:NO Kirktcb 2007.04.08 18
INFO:root:NO LithFlash 2007.04.08 16
INFO:root:NO LithFlash 2007.04.08 18
INFO:root:NO Sailmo 2007.03.24 16
INFO:root:NO Sailmo 2007.03.24 18
INFO:root:NO kaarunya 2007.04.13 16
INFO:root:NO kaarunya 2007.04.13 18
INFO:root:NO CLAS 2007.04.13 16
INFO:root:NO CLAS 2007.04.13 18
INFO:root:NO unfrozen 2007.04.06 16
INFO:root:NO unfrozen 2007.04.06 18
INFO:root:NO HEARTLESSWIZARD 2007.04.06 16
INFO:root:NO HEARTLESSWIZARD 2007.04.06 18
INFO:root:NO tetrapharmakon 2007.04.08 16
INFO:root:NO tetrapharmakon 2007.04.08 18
INFO:root:NO RiverRock 2007.04.08 16
INFO:root:NO RiverRock 2007.04.08 18
INFO:root:NO xWildBillx 2007.03.28 16
INFO:root:NO xWildBillx 2007.03.28 18
INFO:root:NO zzzsah 2007.03.28 16
INFO:root:NO zzzsah 2007.03.28 18
INFO:root:NO xWildBillx 2007.03.25 16
INFO:root:NO xWildBillx 2007.03.25 18
INFO:root:NO SirEndipity 2007.03.25 16
INFO:root:NO SirEndipity 2007.03.25 18
INFO:root:NO Bolders 2007.03.27 16
INFO:root:NO Bolders 2007.03.27 18
INFO:root:NO Chrisasdf 2007.03.12 16
INFO:root:NO Chrisasdf 2007.03.12 18
INFO:root:NO hotwheela 2007.03.12 16
INFO:root:NO hotwheela 2007.03.12 18
INFO:root:NO RiverRock 2007.04.07 16
INFO:root:NO RiverRock 2007.04.07 18
INFO:root:NO wyldeemgz 2007.04.07 16
INFO:root:NO wyldeemgz 2007.04.07 18
INFO:root:NO timothyschmid 2007.03.08 16
INFO:root:NO timothyschmid 2007.03.08 18
INFO:root:NO aGameofChess 2007.03.08 16
INFO:root:NO aGameofChess 2007.03.08 18
INFO:root:NO MasterOfMagic 2007.01.25 16
INFO:root:NO MasterOfMagic 2007.01.25 18
INFO:root:NO CopilotJoe 2007.01.25 16
INFO:root:NO CopilotJoe 2007.01.25 18
INFO:root:NO stardawg 2007.03.31 16
INFO:root:NO stardawg 2007.03.31 18
INFO:root:NO Jia 2007.03.31 16
INFO:root:NO Jia 2007.03.31 18
INFO:root:NO xWildBillx 2007.03.27 16
INFO:root:NO xWildBillx 2007.03.27 18
INFO:root:NO slumberjack 2007.03.27 16
INFO:root:NO slumberjack 2007.03.27 18
INFO:root:NO Eladar 2007.03.24 16
INFO:root:NO Eladar 2007.03.24 18
INFO:root:NO Dicemice 2007.03.24 16
INFO:root:NO Dicemice 2007.03.24 18
INFO:root:NO paulfallet 2007.03.09 16
INFO:root:NO paulfallet 2007.03.09 18
INFO:root:NO GolfBob 2007.03.09 16
INFO:root:NO GolfBob 2007.03.09 18
INFO:root:NO perfectloop 2007.03.27 16
INFO:root:NO perfectloop 2007.03.27 18
INFO:root:NO stardawg 2007.03.25 16
INFO:root:NO stardawg 2007.03.25 18
INFO:root:NO NYTahiti 2007.03.24 16
INFO:root:NO NYTahiti 2007.03.24 18
INFO:root:NO zacq 2007.03.09 16
INFO:root:NO zacq 2007.03.09 18
INFO:root:NO Malca 2007.03.09 16
INFO:root:NO Malca 2007.03.09 18
INFO:root:NO HomogenousMass 2007.03.07 16
INFO:root:NO HomogenousMass 2007.03.07 18
INFO:root:NO DeathFromAbove 2007.03.07 16
INFO:root:NO DeathFromAbove 2007.03.07 18
INFO:root:NO mjcknight 2007.01.26 16
INFO:root:NO mjcknight 2007.01.26 18
INFO:root:NO nuthegoob 2007.01.26 16
INFO:root:NO nuthegoob 2007.01.26 18
INFO:root:NO mjcknight 2007.02.11 16
INFO:root:NO mjcknight 2007.02.11 18
INFO:root:NO ITVin 2007.02.11 16
INFO:root:NO ITVin 2007.02.11 18
INFO:root:NO Andreadoria 2007.01.14 16
INFO:root:NO Andreadoria 2007.01.14 18
INFO:root:NO paulfallet 2007.01.14 16
INFO:root:NO paulfallet 2007.01.14 18
INFO:root:NO sneakypawn 2007.03.12 16
INFO:root:NO sneakypawn 2007.03.12 18
INFO:root:NO tereliza 2007.03.12 16
INFO:root:NO tereliza 2007.03.12 18
INFO:root:NO eclipze 2007.02.01 16
INFO:root:NO eclipze 2007.02.01 18
INFO:root:NO theshowboat 2007.03.19 16
INFO:root:NO theshowboat 2007.03.19 18
INFO:root:NO unfrozen 2007.03.19 16
INFO:root:NO unfrozen 2007.03.19 18
INFO:root:NO SimSima 2007.02.22 16
INFO:root:NO SimSima 2007.02.22 18
INFO:root:NO checkmatejack 2007.02.22 16
INFO:root:NO checkmatejack 2007.02.22 18
INFO:root:NO Rexton 2007.02.23 16
INFO:root:NO Rexton 2007.02.23 18
INFO:root:NO BlondBabe 2007.02.23 16
INFO:root:NO BlondBabe 2007.02.23 18
INFO:root:NO Andreadoria 2007.01.22 16
INFO:root:NO Andreadoria 2007.01.22 18
INFO:root:NO infernonk 2007.01.22 16
INFO:root:NO infernonk 2007.01.22 18
INFO:root:NO mjcknight 2007.01.06 16
INFO:root:NO mjcknight 2007.01.06 18
INFO:root:NO nuthegoob 2007.01.06 16
INFO:root:NO nuthegoob 2007.01.06 18
INFO:root:NO Pixxilingstron 2007.03.09 18
INFO:root:NO hotwheela 2007.03.09 18
INFO:root:NO myibcait 2007.01.10 16
INFO:root:NO myibcait 2007.01.10 18
INFO:root:NO Andreadoria 2007.01.10 16
INFO:root:NO Andreadoria 2007.01.10 18
INFO:root:NO Ratamacue 2007.02.14 16
INFO:root:NO Ratamacue 2007.02.14 18
INFO:root:NO TrumpetJedi 2007.02.14 16
INFO:root:NO TrumpetJedi 2007.02.14 18
INFO:root:NO Spiraldown 2007.01.27 16
INFO:root:NO Spiraldown 2007.01.27 18
INFO:root:NO slartibartflat 2007.01.27 16
INFO:root:NO slartibartflat 2007.01.27 18
INFO:root:NO dustbuni 2007.02.13 16
INFO:root:NO dustbuni 2007.02.13 18
INFO:root:NO knightse 2007.02.13 16
INFO:root:NO knightse 2007.02.13 18
INFO:root:NO mpaon 2007.01.21 16
INFO:root:NO mpaon 2007.01.21 18
INFO:root:NO steventhenoob 2007.01.21 16
INFO:root:NO steventhenoob 2007.01.21 18
INFO:root:NO MasterGilly 2007.01.28 16
INFO:root:NO MasterGilly 2007.01.28 18
INFO:root:NO ArtVandeleigh 2007.01.28 16
INFO:root:NO ArtVandeleigh 2007.01.28 18
INFO:root:NO Zevix 2007.02.13 16
INFO:root:NO Zevix 2007.02.13 18
INFO:root:NO DEDEE 2007.02.13 16
INFO:root:NO DEDEE 2007.02.13 18
INFO:root:NO slavonija 2007.01.10 16
INFO:root:NO slavonija 2007.01.10 18
INFO:root:NO Etka 2007.01.10 16
INFO:root:NO Etka 2007.01.10 18
INFO:root:NO Jia 2007.01.28 16
INFO:root:NO Jia 2007.01.28 18
INFO:root:NO himmelsgrau 2007.01.28 16
INFO:root:NO himmelsgrau 2007.01.28 18
INFO:root:NO timothyschmid 2007.01.23 16
INFO:root:NO timothyschmid 2007.01.23 18
INFO:root:NO steventhenoob 2007.01.23 16
INFO:root:NO steventhenoob 2007.01.23 18
INFO:root:NO JohnstonDJ 2007.01.23 16
INFO:root:NO JohnstonDJ 2007.01.23 18
INFO:root:NO willingdon 2007.01.23 16
INFO:root:NO willingdon 2007.01.23 18
INFO:root:NO slartibartflat 2007.01.21 16
INFO:root:NO slartibartflat 2007.01.21 18
INFO:root:NO timothyschmid 2007.01.21 16
INFO:root:NO timothyschmid 2007.01.21 18
INFO:root:NO mjcknight 2007.01.24 16
INFO:root:NO mjcknight 2007.01.24 18
INFO:root:NO MrAdcock 2007.01.24 16
INFO:root:NO MrAdcock 2007.01.24 18
INFO:root:NO clickoo 2007.01.17 16
INFO:root:NO clickoo 2007.01.17 18
INFO:root:NO awen 2007.01.17 16
INFO:root:NO awen 2007.01.17 18
INFO:root:NO slavonija 2007.01.03 16
INFO:root:NO slavonija 2007.01.03 18
INFO:root:NO netbrain 2007.01.03 16
INFO:root:NO netbrain 2007.01.03 18
