INFO:root:NO Artur Yusupov 14
INFO:root:NO Artur Yusupov 16
INFO:root:NO Viacheslav Dydyshko 14
INFO:root:NO Zurab Azmaiparashvili 14
INFO:root:NO Mihail Marin 14
INFO:root:NO Mihail Marin 16
INFO:root:NO Jon L Arnason 14
INFO:root:NO Robert Kuczynski 14
INFO:root:NO Robert Kuczynski 16
INFO:root:NO Judit Polgar 14
INFO:root:NO Judit Polgar 16
INFO:root:NO Alexei Shirov 14
INFO:root:NO Lars Bo Hansen 14
INFO:root:NO Johann Hjartarson 14
INFO:root:NO Vassily Ivanchuk 14
INFO:root:NO Vassily Ivanchuk 16
INFO:root:NO Miguel Illescas Cordoba 14
INFO:root:NO Leonid Yurtaev 14
INFO:root:NO Hicham Hamdouchi 14
INFO:root:NO Hicham Hamdouchi 16
INFO:root:NO Jan H Timman 14
INFO:root:NO Boris F Gulko 14
INFO:root:NO Boris F Gulko 16
INFO:root:NO Boris Gelfand 14
INFO:root:NO Veselin Topalov 14
INFO:root:NO Lasha Janjghava 14
INFO:root:NO Joel Lautier 14
INFO:root:NO Valery A Loginov 14
INFO:root:NO Ian Rogers 14
INFO:root:NO Einar Gausel 14
INFO:root:NO Alexander Morozevich 14
INFO:root:NO Alexander Morozevich 16
INFO:root:NO Vladimir Kramnik 14
INFO:root:NO Branko Damljanovic 14
INFO:root:NO Kevin Spraggett 14
INFO:root:NO Reynaldo Vera Gonzalez-Quevedo 14
INFO:root:NO Sergei Tiviakov 14
INFO:root:NO Viktor D Kupreichik 14
INFO:root:NO Julio E Granda Zuniga 14
INFO:root:NO Javier B. Campos Moreno 14
INFO:root:NO Erling Mortensen 14
INFO:root:NO Peter Svidler 14
INFO:root:NO Darius Ruzele 14
INFO:root:NO Jan Plachetka 14
INFO:root:NO Jiangchuan Ye 14
INFO:root:NO Spyridon Skembris 14
INFO:root:NO Spyridon Skembris 16
INFO:root:NO Ljubomir Ljubojevic 14
INFO:root:NO Joel Benjamin 14
INFO:root:NO Petar Popovic 14
INFO:root:NO Bogdan Lalic 14
INFO:root:NO Bogdan Lalic 16
INFO:root:NO Vadim Zvjaginsev 14
INFO:root:NO John T. H. Van Der Wiel 14
INFO:root:NO Daniel H. Campora 14
INFO:root:NO Mikhail Rytshagov 14
INFO:root:NO Lembit Oll 14
INFO:root:NO Lubomir Ftacnik 14
INFO:root:NO Lubomir Ftacnik 16
INFO:root:NO Vasil Spasov 14
INFO:root:NO Andrei Istratescu 14
INFO:root:NO Loek Van Wely 14
INFO:root:NO Eduardas Rozentalis 14
INFO:root:NO Eduardas Rozentalis 16
INFO:root:NO Edvins Kengis 14
